#
# There is insufficient memory for the Java Runtime Environment to continue.
# Native memory allocation (malloc) failed to allocate 131088 bytes. Error detail: Chunk::new
# Possible reasons:
#   The system is out of physical RAM or swap space
#   This process is running with CompressedOops enabled, and the Java Heap may be blocking the growth of the native heap
# Possible solutions:
#   Reduce memory load on the system
#   Increase physical memory or swap space
#   Check if swap backing store is full
#   Decrease Java heap size (-Xmx/-Xms)
#   Decrease number of Java threads
#   Decrease Java thread stack sizes (-Xss)
#   Set larger code cache with -XX:ReservedCodeCacheSize=
#   JVM is running with Unscaled Compressed Oops mode in which the Java heap is
#     placed in the first 4GB address space. The Java Heap base address is the
#     maximum limit for the native heap growth. Please use -XX:HeapBaseMinAddress
#     to set the Java Heap base and to place the Java Heap above 4GB virtual address.
# This output file may be truncated or incomplete.
#
#  Out of Memory Error (arena.cpp:168), pid=12416, tid=4788
#
# JRE version: OpenJDK Runtime Environment Temurin-21.0.8+9 (21.0.8+9) (build 21.0.8+9-LTS)
# Java VM: OpenJDK 64-Bit Server VM Temurin-21.0.8+9 (21.0.8+9-LTS, mixed mode, sharing, tiered, compressed oops, compressed class ptrs, parallel gc, windows-amd64)
# No core dump will be written. Minidumps are not enabled by default on client versions of Windows
#

---------------  S U M M A R Y ------------

Command Line: --add-modules=ALL-SYSTEM --add-opens=java.base/java.util=ALL-UNNAMED --add-opens=java.base/java.lang=ALL-UNNAMED --add-opens=java.base/sun.nio.fs=ALL-UNNAMED -Declipse.application=org.eclipse.jdt.ls.core.id1 -Dosgi.bundles.defaultStartLevel=4 -Declipse.product=org.eclipse.jdt.ls.core.product -Djava.import.generatesMetadataFilesAtProjectRoot=false -DDetectVMInstallationsJob.disabled=true -Dfile.encoding=utf8 -XX:+UseParallelGC -XX:GCTimeRatio=4 -XX:AdaptiveSizePolicyWeight=90 -Dsun.zip.disableMemoryMapping=true -Xmx2G -Xms100m -Xlog:disable -javaagent:c:\Users\najja\.vscode\extensions\redhat.java-1.46.0-win32-x64\lombok\lombok-1.18.39-4050.jar -XX:+HeapDumpOnOutOfMemoryError -XX:HeapDumpPath=c:\Users\najja\AppData\Roaming\Code\User\workspaceStorage\b4f8b79184baa1c0da2080e434c1018d\redhat.java -Daether.dependencyCollector.impl=bf c:\Users\najja\.vscode\extensions\redhat.java-1.46.0-win32-x64\server\plugins\org.eclipse.equinox.launcher_1.7.0.v20250519-0528.jar -configuration c:\Users\najja\AppData\Roaming\Code\User\globalStorage\redhat.java\1.46.0\config_win -data c:\Users\najja\AppData\Roaming\Code\User\workspaceStorage\b4f8b79184baa1c0da2080e434c1018d\redhat.java\jdt_ws --pipe=\\.\pipe\lsp-6c4d12cf8ab17987f88d66b45675ae42-sock

Host: 13th Gen Intel(R) Core(TM) i5-1335U, 12 cores, 7G,  Windows 11 , 64 bit Build 26100 (10.0.26100.5074)
Time: Fri Oct 17 15:46:36 2025 Middle East Daylight Time elapsed time: 8.544357 seconds (0d 0h 0m 8s)

---------------  T H R E A D  ---------------

Current thread (0x000002306eaeb920):  JavaThread "C2 CompilerThread2" daemon [_thread_in_native, id=4788, stack(0x000000c63de00000,0x000000c63df00000) (1024K)]


Current CompileTask:
C2:8544 4082   !   4       org.eclipse.osgi.internal.loader.classpath.ClasspathManager::findClassImpl (343 bytes)

Stack: [0x000000c63de00000,0x000000c63df00000]
Native frames: (J=compiled Java code, j=interpreted, Vv=VM code, C=native code)
V  [jvm.dll+0x6d2449]
V  [jvm.dll+0x8ae341]
V  [jvm.dll+0x8b08be]
V  [jvm.dll+0x8b0fa3]
V  [jvm.dll+0x280c96]
V  [jvm.dll+0xc581d]
V  [jvm.dll+0xc5d53]
V  [jvm.dll+0xc5945]
V  [jvm.dll+0x6ad73c]
V  [jvm.dll+0x250789]
V  [jvm.dll+0x6f7bc7]
V  [jvm.dll+0x2481cf]
V  [jvm.dll+0x1c89ee]
V  [jvm.dll+0x257d4d]
V  [jvm.dll+0x2562ea]
V  [jvm.dll+0x3f2d16]
V  [jvm.dll+0x857e6b]
V  [jvm.dll+0x6d0b0d]
C  [ucrtbase.dll+0x37b0]
C  [KERNEL32.DLL+0x2e8d7]
C  [ntdll.dll+0x8d9c]


---------------  P R O C E S S  ---------------

Threads class SMR info:
_java_thread_list=0x00000230725a21f0, length=45, elements={
0x000002300d5fd7d0, 0x00000230262dd210, 0x00000230262de0c0, 0x000002300da06ed0,
0x000002300da08db0, 0x000002300da0b090, 0x000002300da10340, 0x000002300da19fd0,
0x000002300da1c050, 0x000002300d9cf500, 0x0000023068a83c20, 0x0000023069c27da0,
0x0000023069b1a1e0, 0x0000023069a49570, 0x0000023069a49bd0, 0x000002306e1a4360,
0x0000023069a4b140, 0x000002306e3d71f0, 0x000002306e3d57b0, 0x000002306e3d5e40,
0x000002306e3d85a0, 0x000002306ecf9fb0, 0x000002306eaeb920, 0x000002306e3d6b60,
0x000002306e3d7880, 0x000002306e3d7f10, 0x000002306e3d5120, 0x0000023071e4f1e0,
0x0000023071e51940, 0x0000023071e4ff00, 0x0000023071e4e4c0, 0x0000023071e50590,
0x0000023071e4eb50, 0x0000023071e51fd0, 0x0000023071e4f870, 0x0000023071e52cf0,
0x0000023071e50c20, 0x0000023071e512b0, 0x0000023071e55ae0, 0x0000023071e540a0,
0x0000023071e54730, 0x0000023071e54dc0, 0x0000023071e52660, 0x0000023071e55450,
0x0000023071e53380
}

Java Threads: ( => current thread )
  0x000002300d5fd7d0 JavaThread "main"                              [_thread_in_native, id=15800, stack(0x000000c63bc00000,0x000000c63bd00000) (1024K)]
  0x00000230262dd210 JavaThread "Reference Handler"          daemon [_thread_blocked, id=3044, stack(0x000000c63c000000,0x000000c63c100000) (1024K)]
  0x00000230262de0c0 JavaThread "Finalizer"                  daemon [_thread_blocked, id=14028, stack(0x000000c63c100000,0x000000c63c200000) (1024K)]
  0x000002300da06ed0 JavaThread "Signal Dispatcher"          daemon [_thread_blocked, id=13228, stack(0x000000c63c200000,0x000000c63c300000) (1024K)]
  0x000002300da08db0 JavaThread "Attach Listener"            daemon [_thread_blocked, id=10060, stack(0x000000c63c300000,0x000000c63c400000) (1024K)]
  0x000002300da0b090 JavaThread "Service Thread"             daemon [_thread_blocked, id=6168, stack(0x000000c63c400000,0x000000c63c500000) (1024K)]
  0x000002300da10340 JavaThread "Monitor Deflation Thread"   daemon [_thread_blocked, id=1672, stack(0x000000c63c500000,0x000000c63c600000) (1024K)]
  0x000002300da19fd0 JavaThread "C2 CompilerThread0"         daemon [_thread_in_native, id=9420, stack(0x000000c63c600000,0x000000c63c700000) (1024K)]
  0x000002300da1c050 JavaThread "C1 CompilerThread0"         daemon [_thread_in_vm, id=21968, stack(0x000000c63c700000,0x000000c63c800000) (1024K)]
  0x000002300d9cf500 JavaThread "Common-Cleaner"             daemon [_thread_blocked, id=22204, stack(0x000000c63c800000,0x000000c63c900000) (1024K)]
  0x0000023068a83c20 JavaThread "Notification Thread"        daemon [_thread_blocked, id=13764, stack(0x000000c63c900000,0x000000c63ca00000) (1024K)]
  0x0000023069c27da0 JavaThread "Active Thread: Equinox Container: 92cdc391-8ce7-4421-b442-213067c86c67"        [_thread_blocked, id=22076, stack(0x000000c63d100000,0x000000c63d200000) (1024K)]
  0x0000023069b1a1e0 JavaThread "Refresh Thread: Equinox Container: 92cdc391-8ce7-4421-b442-213067c86c67" daemon [_thread_blocked, id=13208, stack(0x000000c63d200000,0x000000c63d300000) (1024K)]
  0x0000023069a49570 JavaThread "Framework Event Dispatcher: Equinox Container: 92cdc391-8ce7-4421-b442-213067c86c67" daemon [_thread_blocked, id=16916, stack(0x000000c63d400000,0x000000c63d500000) (1024K)]
  0x0000023069a49bd0 JavaThread "Start Level: Equinox Container: 92cdc391-8ce7-4421-b442-213067c86c67" daemon [_thread_blocked, id=12792, stack(0x000000c63d500000,0x000000c63d600000) (1024K)]
  0x000002306e1a4360 JavaThread "Bundle File Closer"         daemon [_thread_blocked, id=8512, stack(0x000000c63d800000,0x000000c63d900000) (1024K)]
  0x0000023069a4b140 JavaThread "SCR Component Actor"        daemon [_thread_blocked, id=15684, stack(0x000000c63d000000,0x000000c63d100000) (1024K)]
  0x000002306e3d71f0 JavaThread "Worker-JM"                         [_thread_blocked, id=6164, stack(0x000000c63da00000,0x000000c63db00000) (1024K)]
  0x000002306e3d57b0 JavaThread "JNA Cleaner"                daemon [_thread_blocked, id=3740, stack(0x000000c63d900000,0x000000c63da00000) (1024K)]
  0x000002306e3d5e40 JavaThread "Worker-0: Repository registry initialization"        [_thread_in_native, id=14088, stack(0x000000c63db00000,0x000000c63dc00000) (1024K)]
  0x000002306e3d85a0 JavaThread "Worker-1: Updating Maven Dependencies"        [_thread_blocked, id=10908, stack(0x000000c63dc00000,0x000000c63dd00000) (1024K)]
  0x000002306ecf9fb0 JavaThread "C2 CompilerThread1"         daemon [_thread_in_native, id=5968, stack(0x000000c63dd00000,0x000000c63de00000) (1024K)]
=>0x000002306eaeb920 JavaThread "C2 CompilerThread2"         daemon [_thread_in_native, id=4788, stack(0x000000c63de00000,0x000000c63df00000) (1024K)]
  0x000002306e3d6b60 JavaThread "Java indexing"              daemon [_thread_blocked, id=2224, stack(0x000000c63df00000,0x000000c63e000000) (1024K)]
  0x000002306e3d7880 JavaThread "Worker-2: Initialize After Load"        [_thread_blocked, id=11136, stack(0x000000c63e000000,0x000000c63e100000) (1024K)]
  0x000002306e3d7f10 JavaThread "Worker-3"                          [_thread_blocked, id=2628, stack(0x000000c63e300000,0x000000c63e400000) (1024K)]
  0x000002306e3d5120 JavaThread "Worker-4"                          [_thread_blocked, id=17432, stack(0x000000c63e400000,0x000000c63e500000) (1024K)]
  0x0000023071e4f1e0 JavaThread "Worker-5"                          [_thread_blocked, id=13288, stack(0x000000c63e500000,0x000000c63e600000) (1024K)]
  0x0000023071e51940 JavaThread "Worker-6"                          [_thread_blocked, id=16508, stack(0x000000c63e600000,0x000000c63e700000) (1024K)]
  0x0000023071e4ff00 JavaThread "Thread-1"                   daemon [_thread_in_native, id=9152, stack(0x000000c63e700000,0x000000c63e800000) (1024K)]
  0x0000023071e4e4c0 JavaThread "Thread-2"                   daemon [_thread_in_native, id=4660, stack(0x000000c63e800000,0x000000c63e900000) (1024K)]
  0x0000023071e50590 JavaThread "Thread-3"                   daemon [_thread_in_native, id=18504, stack(0x000000c63e900000,0x000000c63ea00000) (1024K)]
  0x0000023071e4eb50 JavaThread "Thread-4"                   daemon [_thread_in_native, id=5448, stack(0x000000c63ea00000,0x000000c63eb00000) (1024K)]
  0x0000023071e51fd0 JavaThread "Thread-5"                   daemon [_thread_in_native, id=21248, stack(0x000000c63eb00000,0x000000c63ec00000) (1024K)]
  0x0000023071e4f870 JavaThread "Thread-6"                   daemon [_thread_in_native, id=17384, stack(0x000000c63ec00000,0x000000c63ed00000) (1024K)]
  0x0000023071e52cf0 JavaThread "Thread-7"                   daemon [_thread_in_native, id=21484, stack(0x000000c63ed00000,0x000000c63ee00000) (1024K)]
  0x0000023071e50c20 JavaThread "Thread-8"                   daemon [_thread_in_native, id=21060, stack(0x000000c63ee00000,0x000000c63ef00000) (1024K)]
  0x0000023071e512b0 JavaThread "Thread-9"                   daemon [_thread_in_native, id=21204, stack(0x000000c63ef00000,0x000000c63f000000) (1024K)]
  0x0000023071e55ae0 JavaThread "Thread-10"                  daemon [_thread_in_native, id=21244, stack(0x000000c63f000000,0x000000c63f100000) (1024K)]
  0x0000023071e540a0 JavaThread "Thread-11"                  daemon [_thread_in_native, id=21108, stack(0x000000c63f100000,0x000000c63f200000) (1024K)]
  0x0000023071e54730 JavaThread "Thread-12"                  daemon [_thread_in_native, id=3728, stack(0x000000c63f200000,0x000000c63f300000) (1024K)]
  0x0000023071e54dc0 JavaThread "Thread-13"                  daemon [_thread_in_native, id=21328, stack(0x000000c63f300000,0x000000c63f400000) (1024K)]
  0x0000023071e52660 JavaThread "pool-2-thread-1"                   [_thread_blocked, id=15432, stack(0x000000c63f400000,0x000000c63f500000) (1024K)]
  0x0000023071e55450 JavaThread "WorkspaceEventsHandler"            [_thread_blocked, id=22304, stack(0x000000c63f500000,0x000000c63f600000) (1024K)]
  0x0000023071e53380 JavaThread "pool-1-thread-1"                   [_thread_in_Java, id=20004, stack(0x000000c63f600000,0x000000c63f700000) (1024K)]
Total: 45

Other Threads:
  0x00000230262c4530 VMThread "VM Thread"                           [id=13928, stack(0x000000c63bf00000,0x000000c63c000000) (1024K)]
  0x00000230261bca00 WatcherThread "VM Periodic Task Thread"        [id=14992, stack(0x000000c63be00000,0x000000c63bf00000) (1024K)]
  0x000002300d97e560 WorkerThread "GC Thread#0"                     [id=6256, stack(0x000000c63bd00000,0x000000c63be00000) (1024K)]
  0x0000023069961550 WorkerThread "GC Thread#1"                     [id=21736, stack(0x000000c63ca00000,0x000000c63cb00000) (1024K)]
  0x0000023068b653b0 WorkerThread "GC Thread#2"                     [id=20688, stack(0x000000c63cb00000,0x000000c63cc00000) (1024K)]
  0x00000230697f2700 WorkerThread "GC Thread#3"                     [id=19656, stack(0x000000c63cc00000,0x000000c63cd00000) (1024K)]
  0x00000230697f2aa0 WorkerThread "GC Thread#4"                     [id=3224, stack(0x000000c63cd00000,0x000000c63ce00000) (1024K)]
  0x00000230697f2e40 WorkerThread "GC Thread#5"                     [id=22340, stack(0x000000c63ce00000,0x000000c63cf00000) (1024K)]
  0x000002306980c850 WorkerThread "GC Thread#6"                     [id=22508, stack(0x000000c63cf00000,0x000000c63d000000) (1024K)]
  0x0000023069f24710 WorkerThread "GC Thread#7"                     [id=21828, stack(0x000000c63d300000,0x000000c63d400000) (1024K)]
  0x0000023069f2d9f0 WorkerThread "GC Thread#8"                     [id=9392, stack(0x000000c63d600000,0x000000c63d700000) (1024K)]
  0x0000023069f2e870 WorkerThread "GC Thread#9"                     [id=20672, stack(0x000000c63d700000,0x000000c63d800000) (1024K)]
Total: 12

Threads with active compile tasks:
C2 CompilerThread0  8606 4600       4       sun.nio.cs.StreamDecoder::implRead (232 bytes)
C1 CompilerThread0  8607 4614       2       java.util.concurrent.ConcurrentLinkedQueue::poll (84 bytes)
C2 CompilerThread1  8607 4529       4       sun.nio.cs.StreamDecoder::lockedRead (189 bytes)
C2 CompilerThread2  8607 4082   !   4       org.eclipse.osgi.internal.loader.classpath.ClasspathManager::findClassImpl (343 bytes)
Total: 4

VM state: not at safepoint (normal execution)

VM Mutex/Monitor currently owned by a thread: None

Heap address: 0x0000000080000000, size: 2048 MB, Compressed Oops mode: 32-bit

CDS archive(s) mapped at: [0x0000023027000000-0x0000023027ba0000-0x0000023027ba0000), size 12189696, SharedBaseAddress: 0x0000023027000000, ArchiveRelocationMode: 1.
Compressed class space mapped at: 0x0000023028000000-0x0000023068000000, reserved size: 1073741824
Narrow klass base: 0x0000023027000000, Narrow klass shift: 0, Narrow klass range: 0x100000000

GC Precious Log:
 CardTable entry size: 512
 CPUs: 12 total, 12 available
 Memory: 7916M
 Large Page Support: Disabled
 NUMA Support: Disabled
 Compressed Oops: Enabled (32-bit)
 Alignments: Space 512K, Generation 512K, Heap 2M
 Heap Min Capacity: 100M
 Heap Initial Capacity: 100M
 Heap Max Capacity: 2G
 Pre-touch: Disabled
 Parallel Workers: 10

Heap:
 PSYoungGen      total 24064K, used 20653K [0x00000000d5580000, 0x00000000d7080000, 0x0000000100000000)
  eden space 22528K, 91% used [0x00000000d5580000,0x00000000d69ab6c0,0x00000000d6b80000)
  from space 1536K, 0% used [0x00000000d6b80000,0x00000000d6b80000,0x00000000d6d00000)
  to   space 2048K, 0% used [0x00000000d6e80000,0x00000000d6e80000,0x00000000d7080000)
 ParOldGen       total 68608K, used 19203K [0x0000000080000000, 0x0000000084300000, 0x00000000d5580000)
  object space 68608K, 27% used [0x0000000080000000,0x00000000812c0d78,0x0000000084300000)
 Metaspace       used 36292K, committed 37376K, reserved 1114112K
  class space    used 3835K, committed 4288K, reserved 1048576K

Card table byte_map: [0x00000230215f0000,0x0000023021a00000] _byte_map_base: 0x00000230211f0000

Marking Bits: (ParMarkBitMap*) 0x00007ffaca03a340
 Begin Bits: [0x0000023021cb0000, 0x0000023023cb0000)
 End Bits:   [0x0000023023cb0000, 0x0000023025cb0000)

Polling page: 0x000002300d8e0000

Metaspace:

Usage:
  Non-class:     31.70 MB used.
      Class:      3.75 MB used.
       Both:     35.44 MB used.

Virtual space:
  Non-class space:       64.00 MB reserved,      32.31 MB ( 50%) committed,  1 nodes.
      Class space:        1.00 GB reserved,       4.19 MB ( <1%) committed,  1 nodes.
             Both:        1.06 GB reserved,      36.50 MB (  3%) committed. 

Chunk freelists:
   Non-Class:  15.47 MB
       Class:  11.64 MB
        Both:  27.11 MB

MaxMetaspaceSize: unlimited
CompressedClassSpaceSize: 1.00 GB
Initial GC threshold: 21.00 MB
Current GC threshold: 58.38 MB
CDS: on
 - commit_granule_bytes: 65536.
 - commit_granule_words: 8192.
 - virtual_space_node_default_size: 8388608.
 - enlarge_chunks_in_place: 1.
 - use_allocation_guard: 0.


Internal statistics:

num_allocs_failed_limit: 6.
num_arena_births: 754.
num_arena_deaths: 14.
num_vsnodes_births: 2.
num_vsnodes_deaths: 0.
num_space_committed: 584.
num_space_uncommitted: 0.
num_chunks_returned_to_freelist: 20.
num_chunks_taken_from_freelist: 2340.
num_chunk_merges: 11.
num_chunk_splits: 1442.
num_chunks_enlarged: 847.
num_inconsistent_stats: 0.

CodeHeap 'non-profiled nmethods': size=120000Kb used=1855Kb max_used=2005Kb free=118144Kb
 bounds [0x0000023019ee0000, 0x000002301a150000, 0x0000023021410000]
CodeHeap 'profiled nmethods': size=120000Kb used=7998Kb max_used=8889Kb free=112001Kb
 bounds [0x0000023012410000, 0x0000023012cc0000, 0x0000023019940000]
CodeHeap 'non-nmethods': size=5760Kb used=1360Kb max_used=1416Kb free=4399Kb
 bounds [0x0000023019940000, 0x0000023019bb0000, 0x0000023019ee0000]
CodeCache: size=245760Kb, used=11213Kb, max_used=12310Kb, free=234544Kb
 total_blobs=4712, nmethods=4053, adapters=565, full_count=0
Compilation: enabled, stopped_count=0, restarted_count=0

Compilation events (20 events):
Event: 8.520 Thread 0x000002300da1c050 nmethod 4522 0x000002301254e710 code [0x000002301254e8e0, 0x000002301254eb58]
Event: 8.520 Thread 0x000002300da1c050 4523       2       java.nio.HeapCharBuffer::<init> (23 bytes)
Event: 8.521 Thread 0x000002300da1c050 nmethod 4523 0x0000023012621690 code [0x0000023012621840, 0x0000023012621998]
Event: 8.521 Thread 0x000002300da1c050 4525   !   2       sun.nio.cs.StreamDecoder::read0 (59 bytes)
Event: 8.523 Thread 0x000002300da1c050 nmethod 4525 0x0000023012990c90 code [0x0000023012990ec0, 0x0000023012991388]
Event: 8.523 Thread 0x000002300da1c050 4526       2       sun.nio.cs.StreamDecoder::lockedRead0 (95 bytes)
Event: 8.523 Thread 0x000002300da1c050 nmethod 4526 0x0000023012620f90 code [0x0000023012621160, 0x0000023012621418]
Event: 8.523 Thread 0x000002300da1c050 4549       2       org.eclipse.lsp4j.jsonrpc.services.AnnotationUtil::isDelegateMethod (59 bytes)
Event: 8.525 Thread 0x000002300da1c050 nmethod 4549 0x00000230124c5110 code [0x00000230124c5340, 0x00000230124c5878]
Event: 8.525 Thread 0x000002300da1c050 4540       1       sun.reflect.generics.tree.MethodTypeSignature::getParameterTypes (5 bytes)
Event: 8.526 Thread 0x000002300da1c050 nmethod 4540 0x0000023019f23d90 code [0x0000023019f23f20, 0x0000023019f23fe8]
Event: 8.526 Thread 0x000002300da1c050 4537       1       org.codehaus.plexus.util.xml.pull.MXParser::getEventType (5 bytes)
Event: 8.527 Thread 0x000002300da1c050 nmethod 4537 0x0000023019f65f90 code [0x0000023019f66120, 0x0000023019f661e8]
Event: 8.527 Thread 0x000002300da1c050 4532       1       java.util.logging.Logger::getName (5 bytes)
Event: 8.528 Thread 0x000002300da1c050 nmethod 4532 0x0000023019f65c90 code [0x0000023019f65e20, 0x0000023019f65ee8]
Event: 8.529 Thread 0x000002300da1c050 4551       2       org.codehaus.plexus.util.xml.pull.MXParser::parseStartTag (1205 bytes)
Event: 8.531 Thread 0x000002306ecf9fb0 nmethod 4220% 0x0000023019f6a810 code [0x0000023019f6aa40, 0x0000023019f6b770]
Event: 8.531 Thread 0x000002306ecf9fb0 4527       4       java.nio.Buffer::position (52 bytes)
Event: 8.534 Thread 0x000002306ecf9fb0 nmethod 4527 0x0000023019f65990 code [0x0000023019f65b20, 0x0000023019f65c10]
Event: 8.534 Thread 0x000002306ecf9fb0 4529       4       sun.nio.cs.StreamDecoder::lockedRead (189 bytes)

GC Heap History (20 events):
Event: 6.079 GC heap before
{Heap before GC invocations=6 (full 0):
 PSYoungGen      total 29184K, used 29167K [0x00000000d5580000, 0x00000000d7a00000, 0x0000000100000000)
  eden space 25088K, 100% used [0x00000000d5580000,0x00000000d6e00000,0x00000000d6e00000)
  from space 4096K, 99% used [0x00000000d6e80000,0x00000000d727bf28,0x00000000d7280000)
  to   space 6144K, 0% used [0x00000000d7400000,0x00000000d7400000,0x00000000d7a00000)
 ParOldGen       total 68608K, used 7768K [0x0000000080000000, 0x0000000084300000, 0x00000000d5580000)
  object space 68608K, 11% used [0x0000000080000000,0x0000000080796048,0x0000000084300000)
 Metaspace       used 18907K, committed 19776K, reserved 1114112K
  class space    used 2012K, committed 2368K, reserved 1048576K
}
Event: 6.085 GC heap after
{Heap after GC invocations=6 (full 0):
 PSYoungGen      total 29696K, used 4823K [0x00000000d5580000, 0x00000000d7900000, 0x0000000100000000)
  eden space 24576K, 0% used [0x00000000d5580000,0x00000000d5580000,0x00000000d6d80000)
  from space 5120K, 94% used [0x00000000d7400000,0x00000000d78b5de0,0x00000000d7900000)
  to   space 5632K, 0% used [0x00000000d6e00000,0x00000000d6e00000,0x00000000d7380000)
 ParOldGen       total 68608K, used 7776K [0x0000000080000000, 0x0000000084300000, 0x00000000d5580000)
  object space 68608K, 11% used [0x0000000080000000,0x0000000080798048,0x0000000084300000)
 Metaspace       used 18907K, committed 19776K, reserved 1114112K
  class space    used 2012K, committed 2368K, reserved 1048576K
}
Event: 6.401 GC heap before
{Heap before GC invocations=7 (full 0):
 PSYoungGen      total 29696K, used 21359K [0x00000000d5580000, 0x00000000d7900000, 0x0000000100000000)
  eden space 24576K, 67% used [0x00000000d5580000,0x00000000d65a5f28,0x00000000d6d80000)
  from space 5120K, 94% used [0x00000000d7400000,0x00000000d78b5de0,0x00000000d7900000)
  to   space 5632K, 0% used [0x00000000d6e00000,0x00000000d6e00000,0x00000000d7380000)
 ParOldGen       total 68608K, used 7776K [0x0000000080000000, 0x0000000084300000, 0x00000000d5580000)
  object space 68608K, 11% used [0x0000000080000000,0x0000000080798048,0x0000000084300000)
 Metaspace       used 20632K, committed 21504K, reserved 1114112K
  class space    used 2201K, committed 2560K, reserved 1048576K
}
Event: 6.409 GC heap after
{Heap after GC invocations=7 (full 0):
 PSYoungGen      total 29184K, used 4318K [0x00000000d5580000, 0x00000000d7680000, 0x0000000100000000)
  eden space 24576K, 0% used [0x00000000d5580000,0x00000000d5580000,0x00000000d6d80000)
  from space 4608K, 93% used [0x00000000d6e00000,0x00000000d7237b80,0x00000000d7280000)
  to   space 4096K, 0% used [0x00000000d7280000,0x00000000d7280000,0x00000000d7680000)
 ParOldGen       total 68608K, used 9138K [0x0000000080000000, 0x0000000084300000, 0x00000000d5580000)
  object space 68608K, 13% used [0x0000000080000000,0x00000000808ec860,0x0000000084300000)
 Metaspace       used 20632K, committed 21504K, reserved 1114112K
  class space    used 2201K, committed 2560K, reserved 1048576K
}
Event: 6.409 GC heap before
{Heap before GC invocations=8 (full 1):
 PSYoungGen      total 29184K, used 4318K [0x00000000d5580000, 0x00000000d7680000, 0x0000000100000000)
  eden space 24576K, 0% used [0x00000000d5580000,0x00000000d5580000,0x00000000d6d80000)
  from space 4608K, 93% used [0x00000000d6e00000,0x00000000d7237b80,0x00000000d7280000)
  to   space 4096K, 0% used [0x00000000d7280000,0x00000000d7280000,0x00000000d7680000)
 ParOldGen       total 68608K, used 9138K [0x0000000080000000, 0x0000000084300000, 0x00000000d5580000)
  object space 68608K, 13% used [0x0000000080000000,0x00000000808ec860,0x0000000084300000)
 Metaspace       used 20632K, committed 21504K, reserved 1114112K
  class space    used 2201K, committed 2560K, reserved 1048576K
}
Event: 6.459 GC heap after
{Heap after GC invocations=8 (full 1):
 PSYoungGen      total 29184K, used 0K [0x00000000d5580000, 0x00000000d7680000, 0x0000000100000000)
  eden space 24576K, 0% used [0x00000000d5580000,0x00000000d5580000,0x00000000d6d80000)
  from space 4608K, 0% used [0x00000000d6e00000,0x00000000d6e00000,0x00000000d7280000)
  to   space 4096K, 0% used [0x00000000d7280000,0x00000000d7280000,0x00000000d7680000)
 ParOldGen       total 68608K, used 12780K [0x0000000080000000, 0x0000000084300000, 0x00000000d5580000)
  object space 68608K, 18% used [0x0000000080000000,0x0000000080c7b3d0,0x0000000084300000)
 Metaspace       used 20620K, committed 21504K, reserved 1114112K
  class space    used 2197K, committed 2560K, reserved 1048576K
}
Event: 6.709 GC heap before
{Heap before GC invocations=9 (full 1):
 PSYoungGen      total 29184K, used 24576K [0x00000000d5580000, 0x00000000d7680000, 0x0000000100000000)
  eden space 24576K, 100% used [0x00000000d5580000,0x00000000d6d80000,0x00000000d6d80000)
  from space 4608K, 0% used [0x00000000d6e00000,0x00000000d6e00000,0x00000000d7280000)
  to   space 4096K, 0% used [0x00000000d7280000,0x00000000d7280000,0x00000000d7680000)
 ParOldGen       total 68608K, used 12780K [0x0000000080000000, 0x0000000084300000, 0x00000000d5580000)
  object space 68608K, 18% used [0x0000000080000000,0x0000000080c7b3d0,0x0000000084300000)
 Metaspace       used 23091K, committed 24000K, reserved 1114112K
  class space    used 2361K, committed 2752K, reserved 1048576K
}
Event: 6.711 GC heap after
{Heap after GC invocations=9 (full 1):
 PSYoungGen      total 25088K, used 1006K [0x00000000d5580000, 0x00000000d7380000, 0x0000000100000000)
  eden space 24064K, 0% used [0x00000000d5580000,0x00000000d5580000,0x00000000d6d00000)
  from space 1024K, 98% used [0x00000000d7280000,0x00000000d737baf0,0x00000000d7380000)
  to   space 2560K, 0% used [0x00000000d6e80000,0x00000000d6e80000,0x00000000d7100000)
 ParOldGen       total 68608K, used 12780K [0x0000000080000000, 0x0000000084300000, 0x00000000d5580000)
  object space 68608K, 18% used [0x0000000080000000,0x0000000080c7b3d0,0x0000000084300000)
 Metaspace       used 23091K, committed 24000K, reserved 1114112K
  class space    used 2361K, committed 2752K, reserved 1048576K
}
Event: 6.993 GC heap before
{Heap before GC invocations=10 (full 1):
 PSYoungGen      total 25088K, used 25070K [0x00000000d5580000, 0x00000000d7380000, 0x0000000100000000)
  eden space 24064K, 100% used [0x00000000d5580000,0x00000000d6d00000,0x00000000d6d00000)
  from space 1024K, 98% used [0x00000000d7280000,0x00000000d737baf0,0x00000000d7380000)
  to   space 2560K, 0% used [0x00000000d6e80000,0x00000000d6e80000,0x00000000d7100000)
 ParOldGen       total 68608K, used 12780K [0x0000000080000000, 0x0000000084300000, 0x00000000d5580000)
  object space 68608K, 18% used [0x0000000080000000,0x0000000080c7b3d0,0x0000000084300000)
 Metaspace       used 26373K, committed 27264K, reserved 1114112K
  class space    used 2612K, committed 3008K, reserved 1048576K
}
Event: 6.995 GC heap after
{Heap after GC invocations=10 (full 1):
 PSYoungGen      total 26112K, used 2537K [0x00000000d5580000, 0x00000000d7300000, 0x0000000100000000)
  eden space 23552K, 0% used [0x00000000d5580000,0x00000000d5580000,0x00000000d6c80000)
  from space 2560K, 99% used [0x00000000d6e80000,0x00000000d70fa5c0,0x00000000d7100000)
  to   space 2048K, 0% used [0x00000000d7100000,0x00000000d7100000,0x00000000d7300000)
 ParOldGen       total 68608K, used 12956K [0x0000000080000000, 0x0000000084300000, 0x00000000d5580000)
  object space 68608K, 18% used [0x0000000080000000,0x0000000080ca73d0,0x0000000084300000)
 Metaspace       used 26373K, committed 27264K, reserved 1114112K
  class space    used 2612K, committed 3008K, reserved 1048576K
}
Event: 7.359 GC heap before
{Heap before GC invocations=11 (full 1):
 PSYoungGen      total 26112K, used 26089K [0x00000000d5580000, 0x00000000d7300000, 0x0000000100000000)
  eden space 23552K, 100% used [0x00000000d5580000,0x00000000d6c80000,0x00000000d6c80000)
  from space 2560K, 99% used [0x00000000d6e80000,0x00000000d70fa5c0,0x00000000d7100000)
  to   space 2048K, 0% used [0x00000000d7100000,0x00000000d7100000,0x00000000d7300000)
 ParOldGen       total 68608K, used 12956K [0x0000000080000000, 0x0000000084300000, 0x00000000d5580000)
  object space 68608K, 18% used [0x0000000080000000,0x0000000080ca73d0,0x0000000084300000)
 Metaspace       used 28227K, committed 29184K, reserved 1114112K
  class space    used 2772K, committed 3200K, reserved 1048576K
}
Event: 7.362 GC heap after
{Heap after GC invocations=11 (full 1):
 PSYoungGen      total 25088K, used 1742K [0x00000000d5580000, 0x00000000d7300000, 0x0000000100000000)
  eden space 23040K, 0% used [0x00000000d5580000,0x00000000d5580000,0x00000000d6c00000)
  from space 2048K, 85% used [0x00000000d7100000,0x00000000d72b3a18,0x00000000d7300000)
  to   space 2560K, 0% used [0x00000000d6e00000,0x00000000d6e00000,0x00000000d7080000)
 ParOldGen       total 68608K, used 15125K [0x0000000080000000, 0x0000000084300000, 0x00000000d5580000)
  object space 68608K, 22% used [0x0000000080000000,0x0000000080ec5400,0x0000000084300000)
 Metaspace       used 28227K, committed 29184K, reserved 1114112K
  class space    used 2772K, committed 3200K, reserved 1048576K
}
Event: 7.680 GC heap before
{Heap before GC invocations=12 (full 1):
 PSYoungGen      total 25088K, used 24782K [0x00000000d5580000, 0x00000000d7300000, 0x0000000100000000)
  eden space 23040K, 100% used [0x00000000d5580000,0x00000000d6c00000,0x00000000d6c00000)
  from space 2048K, 85% used [0x00000000d7100000,0x00000000d72b3a18,0x00000000d7300000)
  to   space 2560K, 0% used [0x00000000d6e00000,0x00000000d6e00000,0x00000000d7080000)
 ParOldGen       total 68608K, used 15125K [0x0000000080000000, 0x0000000084300000, 0x00000000d5580000)
  object space 68608K, 22% used [0x0000000080000000,0x0000000080ec5448,0x0000000084300000)
 Metaspace       used 31351K, committed 32384K, reserved 1114112K
  class space    used 3170K, committed 3584K, reserved 1048576K
}
Event: 7.685 GC heap after
{Heap after GC invocations=12 (full 1):
 PSYoungGen      total 25088K, used 1586K [0x00000000d5580000, 0x00000000d7180000, 0x0000000100000000)
  eden space 23040K, 0% used [0x00000000d5580000,0x00000000d5580000,0x00000000d6c00000)
  from space 2048K, 77% used [0x00000000d6e00000,0x00000000d6f8c9a8,0x00000000d7000000)
  to   space 1536K, 0% used [0x00000000d7000000,0x00000000d7000000,0x00000000d7180000)
 ParOldGen       total 68608K, used 16675K [0x0000000080000000, 0x0000000084300000, 0x00000000d5580000)
  object space 68608K, 24% used [0x0000000080000000,0x0000000081048e98,0x0000000084300000)
 Metaspace       used 31351K, committed 32384K, reserved 1114112K
  class space    used 3170K, committed 3584K, reserved 1048576K
}
Event: 8.083 GC heap before
{Heap before GC invocations=13 (full 1):
 PSYoungGen      total 25088K, used 24626K [0x00000000d5580000, 0x00000000d7180000, 0x0000000100000000)
  eden space 23040K, 100% used [0x00000000d5580000,0x00000000d6c00000,0x00000000d6c00000)
  from space 2048K, 77% used [0x00000000d6e00000,0x00000000d6f8c9a8,0x00000000d7000000)
  to   space 1536K, 0% used [0x00000000d7000000,0x00000000d7000000,0x00000000d7180000)
 ParOldGen       total 68608K, used 16677K [0x0000000080000000, 0x0000000084300000, 0x00000000d5580000)
  object space 68608K, 24% used [0x0000000080000000,0x00000000810497d0,0x0000000084300000)
 Metaspace       used 34277K, committed 35392K, reserved 1114112K
  class space    used 3549K, committed 4032K, reserved 1048576K
}
Event: 8.086 GC heap after
{Heap after GC invocations=13 (full 1):
 PSYoungGen      total 24064K, used 1517K [0x00000000d5580000, 0x00000000d7280000, 0x0000000100000000)
  eden space 22528K, 0% used [0x00000000d5580000,0x00000000d5580000,0x00000000d6b80000)
  from space 1536K, 98% used [0x00000000d7000000,0x00000000d717b558,0x00000000d7180000)
  to   space 3584K, 0% used [0x00000000d6b80000,0x00000000d6b80000,0x00000000d6f00000)
 ParOldGen       total 68608K, used 18162K [0x0000000080000000, 0x0000000084300000, 0x00000000d5580000)
  object space 68608K, 26% used [0x0000000080000000,0x00000000811bca78,0x0000000084300000)
 Metaspace       used 34277K, committed 35392K, reserved 1114112K
  class space    used 3549K, committed 4032K, reserved 1048576K
}
Event: 8.198 GC heap before
{Heap before GC invocations=14 (full 1):
 PSYoungGen      total 24064K, used 9236K [0x00000000d5580000, 0x00000000d7280000, 0x0000000100000000)
  eden space 22528K, 34% used [0x00000000d5580000,0x00000000d5d09e98,0x00000000d6b80000)
  from space 1536K, 98% used [0x00000000d7000000,0x00000000d717b558,0x00000000d7180000)
  to   space 3584K, 0% used [0x00000000d6b80000,0x00000000d6b80000,0x00000000d6f00000)
 ParOldGen       total 68608K, used 18162K [0x0000000080000000, 0x0000000084300000, 0x00000000d5580000)
  object space 68608K, 26% used [0x0000000080000000,0x00000000811bca78,0x0000000084300000)
 Metaspace       used 34804K, committed 35840K, reserved 1114112K
  class space    used 3624K, committed 4096K, reserved 1048576K
}
Event: 8.200 GC heap after
{Heap after GC invocations=14 (full 1):
 PSYoungGen      total 24064K, used 1056K [0x00000000d5580000, 0x00000000d7080000, 0x0000000100000000)
  eden space 22528K, 0% used [0x00000000d5580000,0x00000000d5580000,0x00000000d6b80000)
  from space 1536K, 68% used [0x00000000d6b80000,0x00000000d6c88000,0x00000000d6d00000)
  to   space 2048K, 0% used [0x00000000d6e80000,0x00000000d6e80000,0x00000000d7080000)
 ParOldGen       total 68608K, used 19266K [0x0000000080000000, 0x0000000084300000, 0x00000000d5580000)
  object space 68608K, 28% used [0x0000000080000000,0x00000000812d0a98,0x0000000084300000)
 Metaspace       used 34804K, committed 35840K, reserved 1114112K
  class space    used 3624K, committed 4096K, reserved 1048576K
}
Event: 8.201 GC heap before
{Heap before GC invocations=15 (full 2):
 PSYoungGen      total 24064K, used 1056K [0x00000000d5580000, 0x00000000d7080000, 0x0000000100000000)
  eden space 22528K, 0% used [0x00000000d5580000,0x00000000d5580000,0x00000000d6b80000)
  from space 1536K, 68% used [0x00000000d6b80000,0x00000000d6c88000,0x00000000d6d00000)
  to   space 2048K, 0% used [0x00000000d6e80000,0x00000000d6e80000,0x00000000d7080000)
 ParOldGen       total 68608K, used 19266K [0x0000000080000000, 0x0000000084300000, 0x00000000d5580000)
  object space 68608K, 28% used [0x0000000080000000,0x00000000812d0a98,0x0000000084300000)
 Metaspace       used 34804K, committed 35840K, reserved 1114112K
  class space    used 3624K, committed 4096K, reserved 1048576K
}
Event: 8.251 GC heap after
{Heap after GC invocations=15 (full 2):
 PSYoungGen      total 24064K, used 0K [0x00000000d5580000, 0x00000000d7080000, 0x0000000100000000)
  eden space 22528K, 0% used [0x00000000d5580000,0x00000000d5580000,0x00000000d6b80000)
  from space 1536K, 0% used [0x00000000d6b80000,0x00000000d6b80000,0x00000000d6d00000)
  to   space 2048K, 0% used [0x00000000d6e80000,0x00000000d6e80000,0x00000000d7080000)
 ParOldGen       total 68608K, used 19203K [0x0000000080000000, 0x0000000084300000, 0x00000000d5580000)
  object space 68608K, 27% used [0x0000000080000000,0x00000000812c0d78,0x0000000084300000)
 Metaspace       used 34804K, committed 35840K, reserved 1114112K
  class space    used 3624K, committed 4096K, reserved 1048576K
}

Dll operation events (10 events):
Event: 0.020 Loaded shared library c:\Users\najja\.vscode\extensions\redhat.java-1.46.0-win32-x64\jre\21.0.8-win32-x86_64\bin\java.dll
Event: 0.144 Loaded shared library c:\Users\najja\.vscode\extensions\redhat.java-1.46.0-win32-x64\jre\21.0.8-win32-x86_64\bin\zip.dll
Event: 0.181 Loaded shared library C:\Users\najja\.vscode\extensions\redhat.java-1.46.0-win32-x64\jre\21.0.8-win32-x86_64\bin\instrument.dll
Event: 0.187 Loaded shared library C:\Users\najja\.vscode\extensions\redhat.java-1.46.0-win32-x64\jre\21.0.8-win32-x86_64\bin\net.dll
Event: 0.190 Loaded shared library C:\Users\najja\.vscode\extensions\redhat.java-1.46.0-win32-x64\jre\21.0.8-win32-x86_64\bin\nio.dll
Event: 0.193 Loaded shared library C:\Users\najja\.vscode\extensions\redhat.java-1.46.0-win32-x64\jre\21.0.8-win32-x86_64\bin\zip.dll
Event: 0.222 Loaded shared library C:\Users\najja\.vscode\extensions\redhat.java-1.46.0-win32-x64\jre\21.0.8-win32-x86_64\bin\jimage.dll
Event: 0.373 Loaded shared library c:\Users\najja\.vscode\extensions\redhat.java-1.46.0-win32-x64\jre\21.0.8-win32-x86_64\bin\verify.dll
Event: 2.731 Loaded shared library C:\Users\najja\AppData\Roaming\Code\User\globalStorage\redhat.java\1.46.0\config_win\org.eclipse.equinox.launcher\org.eclipse.equinox.launcher.win32.win32.x86_64_1.2.1400.v20250801-0854\eclipse_11916.dll
Event: 5.590 Loaded shared library C:\Users\najja\AppData\Local\Temp\jna-104582286\jna9691192100875984696.dll

Deoptimization events (20 events):
Event: 7.828 Thread 0x000002306e3d5120 DEOPT PACKING pc=0x0000023019fd1e44 sp=0x000000c63e4fe8c0
Event: 7.828 Thread 0x000002306e3d5120 DEOPT UNPACKING pc=0x0000023019993aa2 sp=0x000000c63e4fe868 mode 2
Event: 8.316 Thread 0x000002306e3d5120 DEOPT PACKING pc=0x0000023012ca039d sp=0x000000c63e4fdd10
Event: 8.316 Thread 0x000002306e3d5120 DEOPT UNPACKING pc=0x0000023019994242 sp=0x000000c63e4fd208 mode 0
Event: 8.324 Thread 0x000002306e3d5e40 Uncommon trap: trap_request=0xffffff45 fr.pc=0x0000023019fa1750 relative=0x0000000000000890
Event: 8.324 Thread 0x000002306e3d5e40 Uncommon trap: reason=unstable_if action=reinterpret pc=0x0000023019fa1750 method=jdk.internal.org.objectweb.asm.SymbolTable.put(Ljdk/internal/org/objectweb/asm/SymbolTable$Entry;)Ljdk/internal/org/objectweb/asm/SymbolTable$Entry; @ 13 c2
Event: 8.324 Thread 0x000002306e3d5e40 DEOPT PACKING pc=0x0000023019fa1750 sp=0x000000c63dbfd870
Event: 8.324 Thread 0x000002306e3d5e40 DEOPT UNPACKING pc=0x0000023019993aa2 sp=0x000000c63dbfd788 mode 2
Event: 8.504 Thread 0x000002306e3d5e40 Uncommon trap: trap_request=0xffffff45 fr.pc=0x000002301a0100d4 relative=0x0000000000000134
Event: 8.504 Thread 0x000002306e3d5e40 Uncommon trap: reason=unstable_if action=reinterpret pc=0x000002301a0100d4 method=java.util.ArrayList.indexOfRange(Ljava/lang/Object;II)I @ 7 c2
Event: 8.504 Thread 0x000002306e3d5e40 DEOPT PACKING pc=0x000002301a0100d4 sp=0x000000c63dbfe4f0
Event: 8.504 Thread 0x000002306e3d5e40 DEOPT UNPACKING pc=0x0000023019993aa2 sp=0x000000c63dbfe3b0 mode 2
Event: 8.518 Thread 0x000002300d5fd7d0 Uncommon trap: trap_request=0xffffffde fr.pc=0x000002301a01caf0 relative=0x0000000000000050
Event: 8.518 Thread 0x000002300d5fd7d0 Uncommon trap: reason=class_check action=maybe_recompile pc=0x000002301a01caf0 method=java.lang.invoke.DirectMethodHandle.internalMemberName(Ljava/lang/Object;)Ljava/lang/Object; @ 1 c2
Event: 8.518 Thread 0x000002300d5fd7d0 DEOPT PACKING pc=0x000002301a01caf0 sp=0x000000c63bcfe2e0
Event: 8.518 Thread 0x000002300d5fd7d0 DEOPT UNPACKING pc=0x0000023019993aa2 sp=0x000000c63bcfe270 mode 2
Event: 8.520 Thread 0x000002300d5fd7d0 Uncommon trap: trap_request=0xffffffde fr.pc=0x000002301a0aedec relative=0x000000000000004c
Event: 8.520 Thread 0x000002300d5fd7d0 Uncommon trap: reason=class_check action=maybe_recompile pc=0x000002301a0aedec method=java.lang.StringConcatHelper.stringOf(Ljava/lang/Object;)Ljava/lang/String; @ 5 c2
Event: 8.520 Thread 0x000002300d5fd7d0 DEOPT PACKING pc=0x000002301a0aedec sp=0x000000c63bcfe420
Event: 8.520 Thread 0x000002300d5fd7d0 DEOPT UNPACKING pc=0x0000023019993aa2 sp=0x000000c63bcfe3b0 mode 2

Classes loaded (20 events):
Event: 8.082 Loading class java/lang/Deprecated
Event: 8.083 Loading class java/lang/Deprecated done
Event: 8.095 Loading class jdk/internal/vm/annotation/IntrinsicCandidate
Event: 8.104 Loading class jdk/internal/vm/annotation/IntrinsicCandidate done
Event: 8.172 Loading class java/lang/annotation/ElementType
Event: 8.173 Loading class java/lang/annotation/ElementType done
Event: 8.260 Loading class sun/reflect/generics/tree/BottomSignature
Event: 8.260 Loading class sun/reflect/generics/tree/BottomSignature done
Event: 8.260 Loading class sun/reflect/generics/tree/Wildcard
Event: 8.261 Loading class sun/reflect/generics/tree/Wildcard done
Event: 8.261 Loading class sun/reflect/generics/reflectiveObjects/WildcardTypeImpl
Event: 8.262 Loading class sun/reflect/generics/reflectiveObjects/WildcardTypeImpl done
Event: 8.396 Loading class sun/reflect/generics/tree/BooleanSignature
Event: 8.396 Loading class sun/reflect/generics/tree/BooleanSignature done
Event: 8.396 Loading class sun/reflect/generics/tree/ArrayTypeSignature
Event: 8.396 Loading class sun/reflect/generics/tree/ArrayTypeSignature done
Event: 8.402 Loading class jdk/internal/event/ThreadSleepEvent
Event: 8.403 Loading class jdk/internal/event/ThreadSleepEvent done
Event: 8.425 Loading class java/lang/annotation/IncompleteAnnotationException
Event: 8.425 Loading class java/lang/annotation/IncompleteAnnotationException done

Classes unloaded (7 events):
Event: 6.421 Thread 0x00000230262c4530 Unloading class 0x00000230281a5000 'java/lang/invoke/LambdaForm$MH+0x00000230281a5000'
Event: 6.421 Thread 0x00000230262c4530 Unloading class 0x00000230281a4c00 'java/lang/invoke/LambdaForm$MH+0x00000230281a4c00'
Event: 6.421 Thread 0x00000230262c4530 Unloading class 0x00000230281a4800 'java/lang/invoke/LambdaForm$MH+0x00000230281a4800'
Event: 6.421 Thread 0x00000230262c4530 Unloading class 0x00000230281a4400 'java/lang/invoke/LambdaForm$MH+0x00000230281a4400'
Event: 6.421 Thread 0x00000230262c4530 Unloading class 0x00000230281a4000 'java/lang/invoke/LambdaForm$BMH+0x00000230281a4000'
Event: 6.421 Thread 0x00000230262c4530 Unloading class 0x00000230281a3c00 'java/lang/invoke/LambdaForm$DMH+0x00000230281a3c00'
Event: 6.421 Thread 0x00000230262c4530 Unloading class 0x00000230281a2800 'java/lang/invoke/LambdaForm$DMH+0x00000230281a2800'

Classes redefined (0 events):
No events

Internal exceptions (20 events):
Event: 7.445 Thread 0x000002306e3d5e40 Exception <a 'java/lang/NoSuchMethodError'{0x00000000d5989bf8}: 'int java.lang.invoke.Invokers$Holder.linkToTargetMethod(java.lang.Object, java.lang.Object)'> (0x00000000d5989bf8) 
thrown [s\src\hotspot\share\interpreter\linkResolver.cpp, line 773]
Event: 7.446 Thread 0x000002306e3d85a0 Exception <a 'java/lang/NoSuchMethodError'{0x00000000d5a14dc0}: 'int java.lang.invoke.DirectMethodHandle$Holder.invokeSpecial(java.lang.Object, java.lang.Object, java.lang.Object, java.lang.Object)'> (0x00000000d5a14dc0) 
thrown [s\src\hotspot\share\interpreter\linkResolver.cpp, line 773]
Event: 7.447 Thread 0x000002306e3d85a0 Exception <a 'java/lang/NoSuchMethodError'{0x00000000d5a2ddc8}: 'java.lang.Object java.lang.invoke.DirectMethodHandle$Holder.invokeStatic(java.lang.Object, int, java.lang.Object, java.lang.Object)'> (0x00000000d5a2ddc8) 
thrown [s\src\hotspot\share\interpreter\linkResolver.cpp, line 773]
Event: 7.448 Thread 0x000002306e3d85a0 Exception <a 'java/lang/NoSuchMethodError'{0x00000000d5a31aa0}: 'java.lang.Object java.lang.invoke.DelegatingMethodHandle$Holder.delegate(java.lang.Object, int, java.lang.Object, java.lang.Object)'> (0x00000000d5a31aa0) 
thrown [s\src\hotspot\share\interpreter\linkResolver.cpp, line 773]
Event: 7.450 Thread 0x000002306e3d85a0 Exception <a 'java/lang/NoSuchMethodError'{0x00000000d5a612a8}: 'int java.lang.invoke.Invokers$Holder.linkToTargetMethod(java.lang.Object, java.lang.Object, java.lang.Object)'> (0x00000000d5a612a8) 
thrown [s\src\hotspot\share\interpreter\linkResolver.cpp, line 773]
Event: 7.510 Thread 0x000002306e3d5e40 Exception <a 'java/lang/NoSuchMethodError'{0x00000000d5d83638}: 'java.lang.Object java.lang.invoke.DirectMethodHandle$Holder.invokeSpecialIFC(java.lang.Object, java.lang.Object, java.lang.Object, java.lang.Object)'> (0x00000000d5d83638) 
thrown [s\src\hotspot\share\interpreter\linkResolver.cpp, line 773]
Event: 7.541 Thread 0x0000023069a49bd0 Exception <a 'java/io/FileNotFoundException'{0x00000000d5f33ff8}> (0x00000000d5f33ff8) 
thrown [s\src\hotspot\share\prims\jni.cpp, line 520]
Event: 7.573 Thread 0x0000023069a49bd0 Exception <a 'java/lang/UnsatisfiedLinkError'{0x00000000d6154b58}: The specified procedure could not be found.
> (0x00000000d6154b58) 
thrown [s\src\hotspot\share\prims\jni.cpp, line 539]
Event: 7.582 Thread 0x0000023069a49bd0 Exception <a 'java/io/FileNotFoundException'{0x00000000d62856f8}> (0x00000000d62856f8) 
thrown [s\src\hotspot\share\prims\jni.cpp, line 520]
Event: 7.597 Thread 0x0000023069a49bd0 Exception <a 'java/io/FileNotFoundException'{0x00000000d63ba9e8}> (0x00000000d63ba9e8) 
thrown [s\src\hotspot\share\prims\jni.cpp, line 520]
Event: 7.610 Thread 0x0000023069a49bd0 Exception <a 'java/lang/UnsatisfiedLinkError'{0x00000000d63ec870}: The specified procedure could not be found.
> (0x00000000d63ec870) 
thrown [s\src\hotspot\share\prims\jni.cpp, line 539]
Event: 7.693 Thread 0x000002306e3d7f10 Exception <a 'java/lang/NoSuchMethodError'{0x00000000d56ac038}: 'void java.lang.invoke.DirectMethodHandle$Holder.invokeStaticInit(java.lang.Object, java.lang.Object, java.lang.Object, java.lang.Object)'> (0x00000000d56ac038) 
thrown [s\src\hotspot\share\interpreter\linkResolver.cpp, line 773]
Event: 7.783 Thread 0x000002300d5fd7d0 Exception <a 'java/lang/NoSuchMethodError'{0x00000000d5cd9cb0}: 'java.lang.Object java.lang.invoke.DirectMethodHandle$Holder.invokeStatic(java.lang.Object, long, java.lang.Object)'> (0x00000000d5cd9cb0) 
thrown [s\src\hotspot\share\interpreter\linkResolver.cpp, line 773]
Event: 7.792 Thread 0x000002300d5fd7d0 Exception <a 'java/lang/NoSuchMethodError'{0x00000000d5d2a1a0}: 'java.lang.Object java.lang.invoke.DirectMethodHandle$Holder.invokeStaticInit(java.lang.Object, long, java.lang.Object)'> (0x00000000d5d2a1a0) 
thrown [s\src\hotspot\share\interpreter\linkResolver.cpp, line 773]
Event: 7.798 Thread 0x000002300d5fd7d0 Exception <a 'java/lang/NoSuchMethodError'{0x00000000d5d820f0}: 'java.lang.Object java.lang.invoke.DirectMethodHandle$Holder.newInvokeSpecial(java.lang.Object, long)'> (0x00000000d5d820f0) 
thrown [s\src\hotspot\share\interpreter\linkResolver.cpp, line 773]
Event: 7.936 Thread 0x000002306e3d7880 Exception <a 'java/io/FileNotFoundException'{0x00000000d6421e98}> (0x00000000d6421e98) 
thrown [s\src\hotspot\share\prims\jni.cpp, line 520]
Event: 8.426 Thread 0x000002306e3d5e40 Exception <a 'java/lang/NoClassDefFoundError'{0x00000000d5f3f290}: javax/enterprise/inject/Typed> (0x00000000d5f3f290) 
thrown [s\src\hotspot\share\classfile\systemDictionary.cpp, line 301]
Event: 8.514 Thread 0x000002300d5fd7d0 Exception <a 'java/lang/NoSuchMethodError'{0x00000000d62e9820}: 'void java.lang.invoke.DirectMethodHandle$Holder.invokeSpecial(java.lang.Object, java.lang.Object, java.lang.Object, java.lang.Object, java.lang.Object, java.lang.Object)'> (0x00000000d62e9820) 
thrown [s\src\hotspot\share\interpreter\linkResolver.cpp, line 773]
Event: 8.518 Thread 0x000002300d5fd7d0 Exception <a 'java/lang/IncompatibleClassChangeError'{0x00000000d6326138}: Found class java.lang.Object, but interface was expected> (0x00000000d6326138) 
thrown [s\src\hotspot\share\interpreter\linkResolver.cpp, line 840]
Event: 8.521 Thread 0x000002300d5fd7d0 Exception <a 'java/lang/IncompatibleClassChangeError'{0x00000000d6327ec0}: Found class java.lang.Object, but interface was expected> (0x00000000d6327ec0) 
thrown [s\src\hotspot\share\interpreter\linkResolver.cpp, line 840]

ZGC Phase Switch (0 events):
No events

VM Operations (20 events):
Event: 6.993 Executing VM operation: ParallelGCFailedAllocation (Allocation Failure)
Event: 6.995 Executing VM operation: ParallelGCFailedAllocation (Allocation Failure) done
Event: 7.284 Executing VM operation: HandshakeAllThreads (Deoptimize)
Event: 7.284 Executing VM operation: HandshakeAllThreads (Deoptimize) done
Event: 7.359 Executing VM operation: ParallelGCFailedAllocation (Allocation Failure)
Event: 7.362 Executing VM operation: ParallelGCFailedAllocation (Allocation Failure) done
Event: 7.451 Executing VM operation: HandshakeAllThreads (Deoptimize)
Event: 7.452 Executing VM operation: HandshakeAllThreads (Deoptimize) done
Event: 7.453 Executing VM operation: HandshakeAllThreads (Deoptimize)
Event: 7.453 Executing VM operation: HandshakeAllThreads (Deoptimize) done
Event: 7.680 Executing VM operation: ParallelGCFailedAllocation (Allocation Failure)
Event: 7.680 Executing VM operation: ParallelGCFailedAllocation (Allocation Failure) done
Event: 7.680 Executing VM operation: ParallelGCSystemGC (GCLocker Initiated GC)
Event: 7.685 Executing VM operation: ParallelGCSystemGC (GCLocker Initiated GC) done
Event: 8.083 Executing VM operation: ParallelGCFailedAllocation (Allocation Failure)
Event: 8.086 Executing VM operation: ParallelGCFailedAllocation (Allocation Failure) done
Event: 8.198 Executing VM operation: CollectForMetadataAllocation (Metadata GC Threshold)
Event: 8.251 Executing VM operation: CollectForMetadataAllocation (Metadata GC Threshold) done
Event: 8.389 Executing VM operation: HandshakeAllThreads (Deoptimize)
Event: 8.389 Executing VM operation: HandshakeAllThreads (Deoptimize) done

Memory protections (0 events):
No events

Nmethod flushes (20 events):
Event: 8.227 Thread 0x00000230262c4530 flushing  nmethod 0x0000023012a13590
Event: 8.227 Thread 0x00000230262c4530 flushing  nmethod 0x0000023012a13e90
Event: 8.227 Thread 0x00000230262c4530 flushing  nmethod 0x0000023012a15090
Event: 8.227 Thread 0x00000230262c4530 flushing  nmethod 0x0000023012a15e10
Event: 8.227 Thread 0x00000230262c4530 flushing  nmethod 0x0000023012a16590
Event: 8.227 Thread 0x00000230262c4530 flushing  nmethod 0x0000023012a17b10
Event: 8.227 Thread 0x00000230262c4530 flushing  nmethod 0x0000023012a18810
Event: 8.227 Thread 0x00000230262c4530 flushing  nmethod 0x0000023012a19510
Event: 8.227 Thread 0x00000230262c4530 flushing  nmethod 0x0000023012a19a10
Event: 8.227 Thread 0x00000230262c4530 flushing  nmethod 0x0000023012a1ac10
Event: 8.227 Thread 0x00000230262c4530 flushing  nmethod 0x0000023012a1b110
Event: 8.227 Thread 0x00000230262c4530 flushing  nmethod 0x0000023012a1b410
Event: 8.227 Thread 0x00000230262c4530 flushing  nmethod 0x0000023012a24410
Event: 8.227 Thread 0x00000230262c4530 flushing  nmethod 0x0000023012a24f90
Event: 8.227 Thread 0x00000230262c4530 flushing  nmethod 0x0000023012a29490
Event: 8.227 Thread 0x00000230262c4530 flushing  nmethod 0x0000023012a3f790
Event: 8.227 Thread 0x00000230262c4530 flushing  nmethod 0x0000023012a50910
Event: 8.227 Thread 0x00000230262c4530 flushing  nmethod 0x0000023012a57690
Event: 8.227 Thread 0x00000230262c4530 flushing  nmethod 0x0000023012ac9890
Event: 8.227 Thread 0x00000230262c4530 flushing  nmethod 0x0000023012acd010

Events (20 events):
Event: 7.251 Thread 0x0000023069a49bd0 Thread added: 0x000002306e3d6b60
Event: 7.416 Thread 0x000002306e3d5e40 Thread added: 0x000002306e3d7880
Event: 7.629 Thread 0x000002306e3d7880 Thread added: 0x000002306e3d7f10
Event: 7.668 Thread 0x000002306e3d7f10 Thread added: 0x000002306e3d5120
Event: 7.738 Thread 0x000002306e3d5120 Thread added: 0x0000023071e4f1e0
Event: 7.739 Thread 0x0000023071e4f1e0 Thread added: 0x0000023071e51940
Event: 7.837 Thread 0x000002300d5fd7d0 Thread added: 0x0000023071e4ff00
Event: 7.839 Thread 0x000002300d5fd7d0 Thread added: 0x0000023071e4e4c0
Event: 7.840 Thread 0x000002300d5fd7d0 Thread added: 0x0000023071e50590
Event: 7.841 Thread 0x000002300d5fd7d0 Thread added: 0x0000023071e4eb50
Event: 7.842 Thread 0x000002300d5fd7d0 Thread added: 0x0000023071e51fd0
Event: 7.843 Thread 0x000002300d5fd7d0 Thread added: 0x0000023071e4f870
Event: 7.844 Thread 0x000002300d5fd7d0 Thread added: 0x0000023071e52cf0
Event: 7.845 Thread 0x000002300d5fd7d0 Thread added: 0x0000023071e50c20
Event: 7.845 Thread 0x000002300d5fd7d0 Thread added: 0x0000023071e512b0
Event: 7.846 Thread 0x000002300d5fd7d0 Thread added: 0x0000023071e55ae0
Event: 7.847 Thread 0x000002300d5fd7d0 Thread added: 0x0000023071e540a0
Event: 7.848 Thread 0x000002300d5fd7d0 Thread added: 0x0000023071e54730
Event: 7.848 Thread 0x000002300d5fd7d0 Thread added: 0x0000023071e54dc0
Event: 7.922 Thread 0x000002300d5fd7d0 Thread added: 0x0000023071e52660


Dynamic libraries:
0x00007ff68d840000 - 0x00007ff68d84e000 	c:\Users\najja\.vscode\extensions\redhat.java-1.46.0-win32-x64\jre\21.0.8-win32-x86_64\bin\java.exe
0x00007ffb5cec0000 - 0x00007ffb5d129000 	C:\WINDOWS\SYSTEM32\ntdll.dll
0x00007ffb5cb90000 - 0x00007ffb5cc59000 	C:\WINDOWS\System32\KERNEL32.DLL
0x00007ffb5a3d0000 - 0x00007ffb5a7c3000 	C:\WINDOWS\System32\KERNELBASE.dll
0x00007ffb5a930000 - 0x00007ffb5aa7b000 	C:\WINDOWS\System32\ucrtbase.dll
0x00007ffad2000000 - 0x00007ffad201e000 	c:\Users\najja\.vscode\extensions\redhat.java-1.46.0-win32-x64\jre\21.0.8-win32-x86_64\bin\VCRUNTIME140.dll
0x00007ffad2020000 - 0x00007ffad2038000 	c:\Users\najja\.vscode\extensions\redhat.java-1.46.0-win32-x64\jre\21.0.8-win32-x86_64\bin\jli.dll
0x00007ffb5ac90000 - 0x00007ffb5ae54000 	C:\WINDOWS\System32\USER32.dll
0x00007ffb5a7d0000 - 0x00007ffb5a7f7000 	C:\WINDOWS\System32\win32u.dll
0x00007ffb44970000 - 0x00007ffb44c03000 	C:\WINDOWS\WinSxS\amd64_microsoft.windows.common-controls_6595b64144ccf1df_6.0.26100.5074_none_3e0d6f78e32fd63f\COMCTL32.dll
0x00007ffb5ce40000 - 0x00007ffb5ce6b000 	C:\WINDOWS\System32\GDI32.dll
0x00007ffb5b220000 - 0x00007ffb5b2c9000 	C:\WINDOWS\System32\msvcrt.dll
0x00007ffb5a800000 - 0x00007ffb5a92d000 	C:\WINDOWS\System32\gdi32full.dll
0x00007ffb5a320000 - 0x00007ffb5a3c3000 	C:\WINDOWS\System32\msvcp_win.dll
0x00007ffb5bda0000 - 0x00007ffb5bdcf000 	C:\WINDOWS\System32\IMM32.DLL
0x00007ffad21c0000 - 0x00007ffad21cc000 	c:\Users\najja\.vscode\extensions\redhat.java-1.46.0-win32-x64\jre\21.0.8-win32-x86_64\bin\vcruntime140_1.dll
0x00007ffad1cb0000 - 0x00007ffad1d3d000 	c:\Users\najja\.vscode\extensions\redhat.java-1.46.0-win32-x64\jre\21.0.8-win32-x86_64\bin\msvcp140.dll
0x00007ffac9380000 - 0x00007ffaca117000 	c:\Users\najja\.vscode\extensions\redhat.java-1.46.0-win32-x64\jre\21.0.8-win32-x86_64\bin\server\jvm.dll
0x00007ffb5be60000 - 0x00007ffb5bf14000 	C:\WINDOWS\System32\ADVAPI32.dll
0x00007ffb5c0a0000 - 0x00007ffb5c146000 	C:\WINDOWS\System32\sechost.dll
0x00007ffb5c320000 - 0x00007ffb5c438000 	C:\WINDOWS\System32\RPCRT4.dll
0x00007ffb5b460000 - 0x00007ffb5b4d4000 	C:\WINDOWS\System32\WS2_32.dll
0x00007ffb59eb0000 - 0x00007ffb59f0e000 	C:\WINDOWS\SYSTEM32\POWRPROF.dll
0x00007ffb4e930000 - 0x00007ffb4e965000 	C:\WINDOWS\SYSTEM32\WINMM.dll
0x00007ffb38b70000 - 0x00007ffb38b7b000 	C:\WINDOWS\SYSTEM32\VERSION.dll
0x00007ffb59e90000 - 0x00007ffb59ea4000 	C:\WINDOWS\SYSTEM32\UMPDC.dll
0x00007ffb58d90000 - 0x00007ffb58dab000 	C:\WINDOWS\SYSTEM32\kernel.appcore.dll
0x00007ffad1ff0000 - 0x00007ffad1ffa000 	c:\Users\najja\.vscode\extensions\redhat.java-1.46.0-win32-x64\jre\21.0.8-win32-x86_64\bin\jimage.dll
0x00007ffb57320000 - 0x00007ffb57562000 	C:\WINDOWS\SYSTEM32\DBGHELP.DLL
0x00007ffb5ae70000 - 0x00007ffb5b1eb000 	C:\WINDOWS\System32\combase.dll
0x00007ffb5bb60000 - 0x00007ffb5bc37000 	C:\WINDOWS\System32\OLEAUT32.dll
0x00007ffb29090000 - 0x00007ffb290cd000 	C:\WINDOWS\SYSTEM32\dbgcore.DLL
0x00007ffb5a1c0000 - 0x00007ffb5a259000 	C:\WINDOWS\System32\bcryptPrimitives.dll
0x00007ffb1c530000 - 0x00007ffb1c53f000 	c:\Users\najja\.vscode\extensions\redhat.java-1.46.0-win32-x64\jre\21.0.8-win32-x86_64\bin\instrument.dll
0x00007ffad1c90000 - 0x00007ffad1caf000 	c:\Users\najja\.vscode\extensions\redhat.java-1.46.0-win32-x64\jre\21.0.8-win32-x86_64\bin\java.dll
0x00007ffb5c440000 - 0x00007ffb5cb8d000 	C:\WINDOWS\System32\SHELL32.dll
0x00007ffb5a050000 - 0x00007ffb5a1bc000 	C:\WINDOWS\System32\wintypes.dll
0x00007ffb57c80000 - 0x00007ffb584d9000 	C:\WINDOWS\SYSTEM32\windows.storage.dll
0x00007ffb5bf20000 - 0x00007ffb5c010000 	C:\WINDOWS\System32\SHCORE.dll
0x00007ffb5c2b0000 - 0x00007ffb5c312000 	C:\WINDOWS\System32\shlwapi.dll
0x00007ffb59f70000 - 0x00007ffb59f99000 	C:\WINDOWS\SYSTEM32\profapi.dll
0x00007ffad1c70000 - 0x00007ffad1c88000 	c:\Users\najja\.vscode\extensions\redhat.java-1.46.0-win32-x64\jre\21.0.8-win32-x86_64\bin\zip.dll
0x00007ffad1c60000 - 0x00007ffad1c70000 	C:\Users\najja\.vscode\extensions\redhat.java-1.46.0-win32-x64\jre\21.0.8-win32-x86_64\bin\net.dll
0x00007ffb4e600000 - 0x00007ffb4e71f000 	C:\WINDOWS\SYSTEM32\WINHTTP.dll
0x00007ffb593b0000 - 0x00007ffb5941b000 	C:\WINDOWS\system32\mswsock.dll
0x00007ffad1c40000 - 0x00007ffad1c56000 	C:\Users\najja\.vscode\extensions\redhat.java-1.46.0-win32-x64\jre\21.0.8-win32-x86_64\bin\nio.dll
0x00007ffb1c520000 - 0x00007ffb1c530000 	c:\Users\najja\.vscode\extensions\redhat.java-1.46.0-win32-x64\jre\21.0.8-win32-x86_64\bin\verify.dll
0x00007ffae4b30000 - 0x00007ffae4b74000 	C:\Users\najja\AppData\Roaming\Code\User\globalStorage\redhat.java\1.46.0\config_win\org.eclipse.equinox.launcher\org.eclipse.equinox.launcher.win32.win32.x86_64_1.2.1400.v20250801-0854\eclipse_11916.dll
0x00007ffb5b9c0000 - 0x00007ffb5bb58000 	C:\WINDOWS\System32\ole32.dll
0x00007ffb59650000 - 0x00007ffb5966b000 	C:\WINDOWS\SYSTEM32\CRYPTSP.dll
0x00007ffb58db0000 - 0x00007ffb58deb000 	C:\WINDOWS\system32\rsaenh.dll
0x00007ffb59450000 - 0x00007ffb5947b000 	C:\WINDOWS\SYSTEM32\USERENV.dll
0x00007ffb59f40000 - 0x00007ffb59f66000 	C:\WINDOWS\SYSTEM32\bcrypt.dll
0x00007ffb59670000 - 0x00007ffb5967c000 	C:\WINDOWS\SYSTEM32\CRYPTBASE.dll
0x00007ffb588c0000 - 0x00007ffb588f4000 	C:\WINDOWS\SYSTEM32\IPHLPAPI.DLL
0x00007ffb5ce70000 - 0x00007ffb5ce7a000 	C:\WINDOWS\System32\NSI.dll
0x00007ffb3d0b0000 - 0x00007ffb3d0f9000 	C:\Users\najja\AppData\Local\Temp\jna-104582286\jna9691192100875984696.dll
0x00007ffb5c150000 - 0x00007ffb5c158000 	C:\WINDOWS\System32\PSAPI.DLL
0x00007ffb508e0000 - 0x00007ffb508fe000 	C:\WINDOWS\SYSTEM32\dhcpcsvc6.DLL
0x00007ffb50850000 - 0x00007ffb50873000 	C:\WINDOWS\SYSTEM32\dhcpcsvc.DLL

JVMTI agents:
c:\Users\najja\.vscode\extensions\redhat.java-1.46.0-win32-x64\lombok\lombok-1.18.39-4050.jar path:c:\Users\najja\.vscode\extensions\redhat.java-1.46.0-win32-x64\jre\21.0.8-win32-x86_64\bin\instrument.dll, loaded, initialized, instrumentlib options:none

dbghelp: loaded successfully - version: 4.0.5 - missing functions: none
symbol engine: initialized successfully - sym options: 0x614 - pdb path: .;c:\Users\najja\.vscode\extensions\redhat.java-1.46.0-win32-x64\jre\21.0.8-win32-x86_64\bin;C:\WINDOWS\SYSTEM32;C:\WINDOWS\WinSxS\amd64_microsoft.windows.common-controls_6595b64144ccf1df_6.0.26100.5074_none_3e0d6f78e32fd63f;c:\Users\najja\.vscode\extensions\redhat.java-1.46.0-win32-x64\jre\21.0.8-win32-x86_64\bin\server;C:\Users\najja\AppData\Roaming\Code\User\globalStorage\redhat.java\1.46.0\config_win\org.eclipse.equinox.launcher\org.eclipse.equinox.launcher.win32.win32.x86_64_1.2.1400.v20250801-0854;C:\Users\najja\AppData\Local\Temp\jna-104582286

VM Arguments:
jvm_args: --add-modules=ALL-SYSTEM --add-opens=java.base/java.util=ALL-UNNAMED --add-opens=java.base/java.lang=ALL-UNNAMED --add-opens=java.base/sun.nio.fs=ALL-UNNAMED -Declipse.application=org.eclipse.jdt.ls.core.id1 -Dosgi.bundles.defaultStartLevel=4 -Declipse.product=org.eclipse.jdt.ls.core.product -Djava.import.generatesMetadataFilesAtProjectRoot=false -DDetectVMInstallationsJob.disabled=true -Dfile.encoding=utf8 -XX:+UseParallelGC -XX:GCTimeRatio=4 -XX:AdaptiveSizePolicyWeight=90 -Dsun.zip.disableMemoryMapping=true -Xmx2G -Xms100m -Xlog:disable -javaagent:c:\Users\najja\.vscode\extensions\redhat.java-1.46.0-win32-x64\lombok\lombok-1.18.39-4050.jar -XX:+HeapDumpOnOutOfMemoryError -XX:HeapDumpPath=c:\Users\najja\AppData\Roaming\Code\User\workspaceStorage\b4f8b79184baa1c0da2080e434c1018d\redhat.java -Daether.dependencyCollector.impl=bf 
java_command: c:\Users\najja\.vscode\extensions\redhat.java-1.46.0-win32-x64\server\plugins\org.eclipse.equinox.launcher_1.7.0.v20250519-0528.jar -configuration c:\Users\najja\AppData\Roaming\Code\User\globalStorage\redhat.java\1.46.0\config_win -data c:\Users\najja\AppData\Roaming\Code\User\workspaceStorage\b4f8b79184baa1c0da2080e434c1018d\redhat.java\jdt_ws --pipe=\\.\pipe\lsp-6c4d12cf8ab17987f88d66b45675ae42-sock
java_class_path (initial): c:\Users\najja\.vscode\extensions\redhat.java-1.46.0-win32-x64\server\plugins\org.eclipse.equinox.launcher_1.7.0.v20250519-0528.jar
Launcher Type: SUN_STANDARD

[Global flags]
    uintx AdaptiveSizePolicyWeight                 = 90                                        {product} {command line}
     intx CICompilerCount                          = 4                                         {product} {ergonomic}
    uintx GCTimeRatio                              = 4                                         {product} {command line}
     bool HeapDumpOnOutOfMemoryError               = true                                   {manageable} {command line}
    ccstr HeapDumpPath                             = c:\Users\najja\AppData\Roaming\Code\User\workspaceStorage\b4f8b79184baa1c0da2080e434c1018d\redhat.java         {manageable} {command line}
   size_t InitialHeapSize                          = 104857600                                 {product} {command line}
   size_t MaxHeapSize                              = 2147483648                                {product} {command line}
   size_t MaxNewSize                               = 715653120                                 {product} {ergonomic}
   size_t MinHeapDeltaBytes                        = 524288                                    {product} {ergonomic}
   size_t MinHeapSize                              = 104857600                                 {product} {command line}
   size_t NewSize                                  = 34603008                                  {product} {ergonomic}
    uintx NonNMethodCodeHeapSize                   = 5839372                                {pd product} {ergonomic}
    uintx NonProfiledCodeHeapSize                  = 122909434                              {pd product} {ergonomic}
   size_t OldSize                                  = 70254592                                  {product} {ergonomic}
    uintx ProfiledCodeHeapSize                     = 122909434                              {pd product} {ergonomic}
    uintx ReservedCodeCacheSize                    = 251658240                              {pd product} {ergonomic}
     bool SegmentedCodeCache                       = true                                      {product} {ergonomic}
   size_t SoftMaxHeapSize                          = 2147483648                             {manageable} {ergonomic}
     bool UseCompressedOops                        = true                           {product lp64_product} {ergonomic}
     bool UseLargePagesIndividualAllocation        = false                                  {pd product} {ergonomic}
     bool UseParallelGC                            = true                                      {product} {command line}

Logging:
Log output configuration:
 #0: stdout all=off uptime,level,tags foldmultilines=false
 #1: stderr all=off uptime,level,tags foldmultilines=false

Environment Variables:
JAVA_HOME=C:\Program Files\Java\jdk-21
PATH=C:\Program Files (x86)\Razer Chroma SDK\bin;C:\Program Files\Razer Chroma SDK\bin;C:\Program Files (x86)\Razer\ChromaBroadcast\bin;C:\Program Files\Razer\ChromaBroadcast\bin;C:\Program Files\Common Files\Oracle\Java\javapath;C:\Windows\system32;C:\Windows;C:\Windows\System32\Wbem;C:\Windows\System32\WindowsPowerShell\v1.0\;C:\Windows\System32\OpenSSH\;C:\Program Files\dotnet\;C:\Users\najja\AppData\Local\Microsoft\WindowsApps;C:\Users\najja\AppData\Local\Programs\Microsoft VS Code\bin;C:\Program Files\MATLAB\R2024a\runtime\win64;C:\Program Files\MATLAB\R2024a\bin;C:\Program Files\Git\cmd;C:\Program Files\nodejs\;%SystemRoot%\system32;%SystemRoot%;%SystemRoot%\System32\Wbem;%SYSTEMROOT%\System32\WindowsPowerShell\v1.0\;%SYSTEMROOT%\System32\OpenSSH\;C:\Users\najja\AppData\Local\Programs\Python\Launcher\;C:\Users\najja\AppData\Local\Microsoft\WindowsApps;C:\Users\najja\AppData\Local\Programs\Microsoft VS Code\bin;C:\Users\najja\AppData\Local\Programs\MiKTeX\miktex\bin\x64\;C:\Users\najja\AppData\Local\Muse Hub\lib;C:\Users\najja\Downloads\winlibs-i686-posix-dwarf-gcc-14.3.0-mingw-w64msvcrt-12.0.0-r1\mingw32\bin;C:\Users\najja\AppData\Roaming\npm;C:\ProgramData\Microsoft\Windows\Start Menu\Programs\Node.js;C:\Program Files\nodejs;C:\Program Files\Java\jdk-21\bin;C:\Program Files\PostgreSQL\17\bin;C:\Users\najja\AppData\Local\GitHubDesktop\bin
USERNAME=najja
OS=Windows_NT
PROCESSOR_IDENTIFIER=Intel64 Family 6 Model 186 Stepping 3, GenuineIntel
TMP=C:\Users\najja\AppData\Local\Temp
TEMP=C:\Users\najja\AppData\Local\Temp




Periodic native trim disabled

---------------  S Y S T E M  ---------------

OS:
 Windows 11 , 64 bit Build 26100 (10.0.26100.5074)
OS uptime: 0 days 0:08 hours
Hyper-V role detected

CPU: total 12 (initial active 12) (6 cores per cpu, 2 threads per core) family 6 model 186 stepping 3 microcode 0x4123, cx8, cmov, fxsr, ht, mmx, 3dnowpref, sse, sse2, sse3, ssse3, sse4.1, sse4.2, popcnt, lzcnt, tsc, tscinvbit, avx, avx2, aes, erms, clmul, bmi1, bmi2, adx, sha, fma, vzeroupper, clflush, clflushopt, clwb, hv, serialize, rdtscp, rdpid, fsrm, f16c, cet_ibt, cet_ss
Processor Information for processor 0
  Max Mhz: 1300, Current Mhz: 1300, Mhz Limit: 1300
Processor Information for processor 1
  Max Mhz: 1300, Current Mhz: 1300, Mhz Limit: 1300
Processor Information for processor 2
  Max Mhz: 1300, Current Mhz: 1300, Mhz Limit: 1300
Processor Information for processor 3
  Max Mhz: 1300, Current Mhz: 1300, Mhz Limit: 1300
Processor Information for processor 4
  Max Mhz: 1300, Current Mhz: 900, Mhz Limit: 897
Processor Information for processor 5
  Max Mhz: 1300, Current Mhz: 900, Mhz Limit: 897
Processor Information for processor 6
  Max Mhz: 1300, Current Mhz: 900, Mhz Limit: 897
Processor Information for processor 7
  Max Mhz: 1300, Current Mhz: 900, Mhz Limit: 897
Processor Information for processor 8
  Max Mhz: 1300, Current Mhz: 900, Mhz Limit: 897
Processor Information for processor 9
  Max Mhz: 1300, Current Mhz: 900, Mhz Limit: 897
Processor Information for processor 10
  Max Mhz: 1300, Current Mhz: 900, Mhz Limit: 897
Processor Information for processor 11
  Max Mhz: 1300, Current Mhz: 900, Mhz Limit: 897

Memory: 4k page, system-wide physical 7916M (725M free)
TotalPageFile size 14341M (AvailPageFile size 3M)
current process WorkingSet (physical memory assigned to process): 204M, peak: 211M
current process commit charge ("private bytes"): 333M, peak: 341M

vm_info: OpenJDK 64-Bit Server VM (21.0.8+9-LTS) for windows-amd64 JRE (21.0.8+9-LTS), built on 2025-07-15T00:00:00Z by "admin" with MS VC++ 17.7 (VS2022)

END.
