#
# There is insufficient memory for the Java Runtime Environment to continue.
# Native memory allocation (malloc) failed to allocate 130080 bytes. Error detail: Chunk::new
# Possible reasons:
#   The system is out of physical RAM or swap space
#   This process is running with CompressedOops enabled, and the Java Heap may be blocking the growth of the native heap
# Possible solutions:
#   Reduce memory load on the system
#   Increase physical memory or swap space
#   Check if swap backing store is full
#   Decrease Java heap size (-Xmx/-Xms)
#   Decrease number of Java threads
#   Decrease Java thread stack sizes (-Xss)
#   Set larger code cache with -XX:ReservedCodeCacheSize=
#   JVM is running with Unscaled Compressed Oops mode in which the Java heap is
#     placed in the first 4GB address space. The Java Heap base address is the
#     maximum limit for the native heap growth. Please use -XX:HeapBaseMinAddress
#     to set the Java Heap base and to place the Java Heap above 4GB virtual address.
# This output file may be truncated or incomplete.
#
#  Out of Memory Error (arena.cpp:168), pid=2804, tid=14912
#
# JRE version: OpenJDK Runtime Environment Temurin-21.0.8+9 (21.0.8+9) (build 21.0.8+9-LTS)
# Java VM: OpenJDK 64-Bit Server VM Temurin-21.0.8+9 (21.0.8+9-LTS, mixed mode, sharing, tiered, compressed oops, compressed class ptrs, parallel gc, windows-amd64)
# No core dump will be written. Minidumps are not enabled by default on client versions of Windows
#

---------------  S U M M A R Y ------------

Command Line: --add-modules=ALL-SYSTEM --add-opens=java.base/java.util=ALL-UNNAMED --add-opens=java.base/java.lang=ALL-UNNAMED --add-opens=java.base/sun.nio.fs=ALL-UNNAMED -Declipse.application=org.eclipse.jdt.ls.core.id1 -Dosgi.bundles.defaultStartLevel=4 -Declipse.product=org.eclipse.jdt.ls.core.product -Djava.import.generatesMetadataFilesAtProjectRoot=false -DDetectVMInstallationsJob.disabled=true -Dfile.encoding=utf8 -XX:+UseParallelGC -XX:GCTimeRatio=4 -XX:AdaptiveSizePolicyWeight=90 -Dsun.zip.disableMemoryMapping=true -Xmx2G -Xms100m -Xlog:disable -javaagent:c:\Users\najja\.vscode\extensions\redhat.java-1.46.0-win32-x64\lombok\lombok-1.18.39-4050.jar -XX:+HeapDumpOnOutOfMemoryError -XX:HeapDumpPath=c:\Users\najja\AppData\Roaming\Code\User\workspaceStorage\b4f8b79184baa1c0da2080e434c1018d\redhat.java -Daether.dependencyCollector.impl=bf c:\Users\najja\.vscode\extensions\redhat.java-1.46.0-win32-x64\server\plugins\org.eclipse.equinox.launcher_1.7.0.v20250519-0528.jar -configuration c:\Users\najja\AppData\Roaming\Code\User\globalStorage\redhat.java\1.46.0\config_win -data c:\Users\najja\AppData\Roaming\Code\User\workspaceStorage\b4f8b79184baa1c0da2080e434c1018d\redhat.java\jdt_ws --pipe=\\.\pipe\lsp-deab46880a271024bdec08b1e1ca7c95-sock

Host: 13th Gen Intel(R) Core(TM) i5-1335U, 12 cores, 7G,  Windows 11 , 64 bit Build 26100 (10.0.26100.5074)
Time: Fri Oct 17 15:41:34 2025 Middle East Daylight Time elapsed time: 88.113562 seconds (0d 0h 1m 28s)

---------------  T H R E A D  ---------------

Current thread (0x00000254c28a7b50):  JavaThread "C2 CompilerThread0" daemon [_thread_in_native, id=14912, stack(0x000000b5ddb00000,0x000000b5ddc00000) (1024K)]


Current CompileTask:
C2:88113 8643       4       sun.nio.fs.WindowsPathParser::normalize (233 bytes)

Stack: [0x000000b5ddb00000,0x000000b5ddc00000]
Native frames: (J=compiled Java code, j=interpreted, Vv=VM code, C=native code)
V  [jvm.dll+0x6d2449]
V  [jvm.dll+0x8ae341]
V  [jvm.dll+0x8b08be]
V  [jvm.dll+0x8b0fa3]
V  [jvm.dll+0x280c96]
V  [jvm.dll+0xc581d]
V  [jvm.dll+0xc5d53]
V  [jvm.dll+0x3b919c]
V  [jvm.dll+0x1e0e8b]
V  [jvm.dll+0x249022]
V  [jvm.dll+0x2484af]
V  [jvm.dll+0x1c89ee]
V  [jvm.dll+0x257d4d]
V  [jvm.dll+0x2562ea]
V  [jvm.dll+0x3f2d16]
V  [jvm.dll+0x857e6b]
V  [jvm.dll+0x6d0b0d]
C  [ucrtbase.dll+0x37b0]
C  [KERNEL32.DLL+0x2e8d7]
C  [ntdll.dll+0x8d9c]


---------------  P R O C E S S  ---------------

Threads class SMR info:
_java_thread_list=0x00000254ca8f1930, length=55, elements={
0x00000254e6bfc8f0, 0x00000254e8f7e270, 0x00000254c289b370, 0x00000254c289f3b0,
0x00000254c28a0e10, 0x00000254c28a22b0, 0x00000254c28a4d10, 0x00000254c28a7b50,
0x00000254c291b670, 0x00000254c299db00, 0x00000254c2b34a10, 0x00000254c748dd40,
0x00000254c75b3030, 0x00000254c295eea0, 0x00000254c77b55c0, 0x00000254c7a3fc70,
0x00000254c7a1f3c0, 0x00000254c2c384f0, 0x00000254c2c36420, 0x00000254c2c377d0,
0x00000254c2c36ab0, 0x00000254c2c37e60, 0x00000254c2c37140, 0x00000254c2c35d90,
0x00000254cb5259b0, 0x00000254cb526040, 0x00000254cb5238e0, 0x00000254cb523f70,
0x00000254cb527a80, 0x00000254cb525320, 0x00000254cb526d60, 0x00000254cb5266d0,
0x00000254cb5273f0, 0x00000254cb524600, 0x00000254cb528110, 0x00000254cb524c90,
0x00000254cb5294c0, 0x00000254cb52af00, 0x00000254cb528e30, 0x00000254cb5287a0,
0x00000254cb529b50, 0x00000254cb52a870, 0x00000254c85df010, 0x00000254c85df6a0,
0x00000254c85dfd30, 0x00000254c85e03c0, 0x00000254c85de980, 0x00000254c85dd5d0,
0x00000254c85e2490, 0x00000254c85e1e00, 0x00000254c85e2b20, 0x00000254c85e3ed0,
0x00000254c85e3840, 0x00000254c85e31b0, 0x00000254c8ce7ae0
}

Java Threads: ( => current thread )
  0x00000254e6bfc8f0 JavaThread "main"                              [_thread_blocked, id=13168, stack(0x000000b5dd100000,0x000000b5dd200000) (1024K)]
  0x00000254e8f7e270 JavaThread "Reference Handler"          daemon [_thread_blocked, id=2316, stack(0x000000b5dd500000,0x000000b5dd600000) (1024K)]
  0x00000254c289b370 JavaThread "Finalizer"                  daemon [_thread_blocked, id=20136, stack(0x000000b5dd600000,0x000000b5dd700000) (1024K)]
  0x00000254c289f3b0 JavaThread "Signal Dispatcher"          daemon [_thread_blocked, id=11872, stack(0x000000b5dd700000,0x000000b5dd800000) (1024K)]
  0x00000254c28a0e10 JavaThread "Attach Listener"            daemon [_thread_blocked, id=18888, stack(0x000000b5dd800000,0x000000b5dd900000) (1024K)]
  0x00000254c28a22b0 JavaThread "Service Thread"             daemon [_thread_blocked, id=10224, stack(0x000000b5dd900000,0x000000b5dda00000) (1024K)]
  0x00000254c28a4d10 JavaThread "Monitor Deflation Thread"   daemon [_thread_blocked, id=19760, stack(0x000000b5dda00000,0x000000b5ddb00000) (1024K)]
=>0x00000254c28a7b50 JavaThread "C2 CompilerThread0"         daemon [_thread_in_native, id=14912, stack(0x000000b5ddb00000,0x000000b5ddc00000) (1024K)]
  0x00000254c291b670 JavaThread "C1 CompilerThread0"         daemon [_thread_in_native, id=2740, stack(0x000000b5ddc00000,0x000000b5ddd00000) (1024K)]
  0x00000254c299db00 JavaThread "Common-Cleaner"             daemon [_thread_blocked, id=6056, stack(0x000000b5ddd00000,0x000000b5dde00000) (1024K)]
  0x00000254c2b34a10 JavaThread "Notification Thread"        daemon [_thread_blocked, id=14456, stack(0x000000b5dde00000,0x000000b5ddf00000) (1024K)]
  0x00000254c748dd40 JavaThread "Active Thread: Equinox Container: f8401989-370a-40f2-919c-71ede035d646"        [_thread_blocked, id=20040, stack(0x000000b5de600000,0x000000b5de700000) (1024K)]
  0x00000254c75b3030 JavaThread "Refresh Thread: Equinox Container: f8401989-370a-40f2-919c-71ede035d646" daemon [_thread_blocked, id=5636, stack(0x000000b5de800000,0x000000b5de900000) (1024K)]
  0x00000254c295eea0 JavaThread "Framework Event Dispatcher: Equinox Container: f8401989-370a-40f2-919c-71ede035d646" daemon [_thread_blocked, id=11200, stack(0x000000b5de900000,0x000000b5dea00000) (1024K)]
  0x00000254c77b55c0 JavaThread "Start Level: Equinox Container: f8401989-370a-40f2-919c-71ede035d646" daemon [_thread_blocked, id=11452, stack(0x000000b5dea00000,0x000000b5deb00000) (1024K)]
  0x00000254c7a3fc70 JavaThread "Bundle File Closer"         daemon [_thread_blocked, id=15740, stack(0x000000b5ded00000,0x000000b5dee00000) (1024K)]
  0x00000254c7a1f3c0 JavaThread "SCR Component Actor"        daemon [_thread_blocked, id=6164, stack(0x000000b5def00000,0x000000b5df000000) (1024K)]
  0x00000254c2c384f0 JavaThread "Worker-JM"                         [_thread_blocked, id=10440, stack(0x000000b5df100000,0x000000b5df200000) (1024K)]
  0x00000254c2c36420 JavaThread "JNA Cleaner"                daemon [_thread_blocked, id=17744, stack(0x000000b5dee00000,0x000000b5def00000) (1024K)]
  0x00000254c2c377d0 JavaThread "Worker-0: Publish Diagnostics"        [_thread_in_Java, id=6936, stack(0x000000b5df000000,0x000000b5df100000) (1024K)]
  0x00000254c2c36ab0 JavaThread "Worker-1"                          [_thread_blocked, id=2572, stack(0x000000b5df200000,0x000000b5df300000) (1024K)]
  0x00000254c2c37e60 JavaThread "Java indexing"              daemon [_thread_blocked, id=16068, stack(0x000000b5df500000,0x000000b5df600000) (1024K)]
  0x00000254c2c37140 JavaThread "Worker-2"                          [_thread_blocked, id=11152, stack(0x000000b5df600000,0x000000b5df700000) (1024K)]
  0x00000254c2c35d90 JavaThread "Worker-3: Building"                [_thread_in_Java, id=18168, stack(0x000000b5df700000,0x000000b5df800000) (1024K)]
  0x00000254cb5259b0 JavaThread "Worker-4"                          [_thread_blocked, id=2980, stack(0x000000b5df900000,0x000000b5dfa00000) (1024K)]
  0x00000254cb526040 JavaThread "Worker-5: Initialize workspace"        [_thread_in_Java, id=3500, stack(0x000000b5dfa00000,0x000000b5dfb00000) (1024K)]
  0x00000254cb5238e0 JavaThread "Thread-1"                   daemon [_thread_in_native, id=9392, stack(0x000000b5dfb00000,0x000000b5dfc00000) (1024K)]
  0x00000254cb523f70 JavaThread "Thread-2"                   daemon [_thread_in_native, id=5000, stack(0x000000b5dfc00000,0x000000b5dfd00000) (1024K)]
  0x00000254cb527a80 JavaThread "Thread-3"                   daemon [_thread_in_native, id=11788, stack(0x000000b5dfd00000,0x000000b5dfe00000) (1024K)]
  0x00000254cb525320 JavaThread "Thread-4"                   daemon [_thread_in_native, id=18272, stack(0x000000b5dfe00000,0x000000b5dff00000) (1024K)]
  0x00000254cb526d60 JavaThread "Thread-5"                   daemon [_thread_in_native, id=18260, stack(0x000000b5dff00000,0x000000b5e0000000) (1024K)]
  0x00000254cb5266d0 JavaThread "Thread-6"                   daemon [_thread_in_native, id=18268, stack(0x000000b5e0000000,0x000000b5e0100000) (1024K)]
  0x00000254cb5273f0 JavaThread "Thread-7"                   daemon [_thread_in_native, id=16916, stack(0x000000b5e0100000,0x000000b5e0200000) (1024K)]
  0x00000254cb524600 JavaThread "Thread-8"                   daemon [_thread_in_native, id=15516, stack(0x000000b5e0200000,0x000000b5e0300000) (1024K)]
  0x00000254cb528110 JavaThread "Thread-9"                   daemon [_thread_in_native, id=6608, stack(0x000000b5e0300000,0x000000b5e0400000) (1024K)]
  0x00000254cb524c90 JavaThread "Thread-10"                  daemon [_thread_in_native, id=7636, stack(0x000000b5e0400000,0x000000b5e0500000) (1024K)]
  0x00000254cb5294c0 JavaThread "Thread-11"                  daemon [_thread_in_native, id=19852, stack(0x000000b5e0500000,0x000000b5e0600000) (1024K)]
  0x00000254cb52af00 JavaThread "Thread-12"                  daemon [_thread_in_native, id=2140, stack(0x000000b5e0600000,0x000000b5e0700000) (1024K)]
  0x00000254cb528e30 JavaThread "Thread-13"                  daemon [_thread_in_native, id=9176, stack(0x000000b5e0700000,0x000000b5e0800000) (1024K)]
  0x00000254cb5287a0 JavaThread "pool-2-thread-1"                   [_thread_blocked, id=15848, stack(0x000000b5e0800000,0x000000b5e0900000) (1024K)]
  0x00000254cb529b50 JavaThread "WorkspaceEventsHandler"            [_thread_blocked, id=18264, stack(0x000000b5e0900000,0x000000b5e0a00000) (1024K)]
  0x00000254cb52a870 JavaThread "pool-1-thread-1"                   [_thread_blocked, id=12412, stack(0x000000b5e0a00000,0x000000b5e0b00000) (1024K)]
  0x00000254c85df010 JavaThread "ForkJoinPool.commonPool-worker-1" daemon [_thread_blocked, id=18844, stack(0x000000b5df300000,0x000000b5df400000) (1024K)]
  0x00000254c85df6a0 JavaThread "ForkJoinPool.commonPool-worker-2" daemon [_thread_blocked, id=18112, stack(0x000000b5df400000,0x000000b5df500000) (1024K)]
  0x00000254c85dfd30 JavaThread "ForkJoinPool.commonPool-worker-3" daemon [_thread_blocked, id=8132, stack(0x000000b5e0b00000,0x000000b5e0c00000) (1024K)]
  0x00000254c85e03c0 JavaThread "ForkJoinPool.commonPool-worker-4" daemon [_thread_blocked, id=20408, stack(0x000000b5e0c00000,0x000000b5e0d00000) (1024K)]
  0x00000254c85de980 JavaThread "ForkJoinPool.commonPool-worker-5" daemon [_thread_blocked, id=18592, stack(0x000000b5e0d00000,0x000000b5e0e00000) (1024K)]
  0x00000254c85dd5d0 JavaThread "ForkJoinPool.commonPool-worker-6" daemon [_thread_blocked, id=10892, stack(0x000000b5e0e00000,0x000000b5e0f00000) (1024K)]
  0x00000254c85e2490 JavaThread "ForkJoinPool.commonPool-worker-7" daemon [_thread_blocked, id=5516, stack(0x000000b5e0f00000,0x000000b5e1000000) (1024K)]
  0x00000254c85e1e00 JavaThread "ForkJoinPool.commonPool-worker-8" daemon [_thread_blocked, id=9860, stack(0x000000b5e1000000,0x000000b5e1100000) (1024K)]
  0x00000254c85e2b20 JavaThread "ForkJoinPool.commonPool-worker-9" daemon [_thread_blocked, id=18072, stack(0x000000b5e1100000,0x000000b5e1200000) (1024K)]
  0x00000254c85e3ed0 JavaThread "ForkJoinPool.commonPool-worker-10" daemon [_thread_blocked, id=3484, stack(0x000000b5e1200000,0x000000b5e1300000) (1024K)]
  0x00000254c85e3840 JavaThread "ForkJoinPool.commonPool-worker-11" daemon [_thread_blocked, id=12716, stack(0x000000b5e1300000,0x000000b5e1400000) (1024K)]
  0x00000254c85e31b0 JavaThread "Timer-0"                           [_thread_blocked, id=13580, stack(0x000000b5e1500000,0x000000b5e1600000) (1024K)]
  0x00000254c8ce7ae0 JavaThread "C2 CompilerThread1"         daemon [_thread_in_native, id=21104, stack(0x000000b5e1400000,0x000000b5e1500000) (1024K)]
Total: 55

Other Threads:
  0x00000254e908eb80 VMThread "VM Thread"                           [id=19128, stack(0x000000b5dd400000,0x000000b5dd500000) (1024K)]
  0x00000254e8e5ca00 WatcherThread "VM Periodic Task Thread"        [id=15612, stack(0x000000b5dd300000,0x000000b5dd400000) (1024K)]
  0x00000254e8ff3070 WorkerThread "GC Thread#0"                     [id=1492, stack(0x000000b5dd200000,0x000000b5dd300000) (1024K)]
  0x00000254c7439890 WorkerThread "GC Thread#1"                     [id=7828, stack(0x000000b5de000000,0x000000b5de100000) (1024K)]
  0x00000254c7617370 WorkerThread "GC Thread#2"                     [id=6300, stack(0x000000b5de100000,0x000000b5de200000) (1024K)]
  0x00000254c7617710 WorkerThread "GC Thread#3"                     [id=5520, stack(0x000000b5de200000,0x000000b5de300000) (1024K)]
  0x00000254c7617ab0 WorkerThread "GC Thread#4"                     [id=16780, stack(0x000000b5de300000,0x000000b5de400000) (1024K)]
  0x00000254c7376190 WorkerThread "GC Thread#5"                     [id=17616, stack(0x000000b5de400000,0x000000b5de500000) (1024K)]
  0x00000254c7376530 WorkerThread "GC Thread#6"                     [id=13424, stack(0x000000b5de500000,0x000000b5de600000) (1024K)]
  0x00000254c7464450 WorkerThread "GC Thread#7"                     [id=18116, stack(0x000000b5de700000,0x000000b5de800000) (1024K)]
  0x00000254c74640b0 WorkerThread "GC Thread#8"                     [id=10740, stack(0x000000b5deb00000,0x000000b5dec00000) (1024K)]
  0x00000254c74647f0 WorkerThread "GC Thread#9"                     [id=10132, stack(0x000000b5dec00000,0x000000b5ded00000) (1024K)]
Total: 12

Threads with active compile tasks:
C2 CompilerThread0  88160 8643       4       sun.nio.fs.WindowsPathParser::normalize (233 bytes)
C2 CompilerThread1  88160 8651       4       org.eclipse.jdt.internal.core.JarPackageFragmentRoot::initRawPackageInfo (292 bytes)
Total: 2

VM state: not at safepoint (normal execution)

VM Mutex/Monitor currently owned by a thread: None

Heap address: 0x0000000080000000, size: 2048 MB, Compressed Oops mode: 32-bit

CDS archive(s) mapped at: [0x0000025480000000-0x0000025480ba0000-0x0000025480ba0000), size 12189696, SharedBaseAddress: 0x0000025480000000, ArchiveRelocationMode: 1.
Compressed class space mapped at: 0x0000025481000000-0x00000254c1000000, reserved size: 1073741824
Narrow klass base: 0x0000025480000000, Narrow klass shift: 0, Narrow klass range: 0x100000000

GC Precious Log:
 CardTable entry size: 512
 CPUs: 12 total, 12 available
 Memory: 7916M
 Large Page Support: Disabled
 NUMA Support: Disabled
 Compressed Oops: Enabled (32-bit)
 Alignments: Space 512K, Generation 512K, Heap 2M
 Heap Min Capacity: 100M
 Heap Initial Capacity: 100M
 Heap Max Capacity: 2G
 Pre-touch: Disabled
 Parallel Workers: 10

Heap:
 PSYoungGen      total 20992K, used 20418K [0x00000000d5580000, 0x00000000d7400000, 0x0000000100000000)
  eden space 19456K, 97% used [0x00000000d5580000,0x00000000d67f1020,0x00000000d6880000)
  from space 1536K, 99% used [0x00000000d6d00000,0x00000000d6e7fba0,0x00000000d6e80000)
  to   space 4608K, 0% used [0x00000000d6880000,0x00000000d6880000,0x00000000d6d00000)
 ParOldGen       total 68608K, used 67640K [0x0000000080000000, 0x0000000084300000, 0x00000000d5580000)
  object space 68608K, 98% used [0x0000000080000000,0x000000008420e1e8,0x0000000084300000)
 Metaspace       used 69017K, committed 70464K, reserved 1114112K
  class space    used 8049K, committed 8704K, reserved 1048576K

Card table byte_map: [0x00000254e8970000,0x00000254e8d80000] _byte_map_base: 0x00000254e8570000

Marking Bits: (ParMarkBitMap*) 0x00007ffaca03a340
 Begin Bits: [0x00000254fb470000, 0x00000254fd470000)
 End Bits:   [0x00000254fd470000, 0x00000254ff470000)

Polling page: 0x00000254e6e60000

Metaspace:

Usage:
  Non-class:     59.54 MB used.
      Class:      7.86 MB used.
       Both:     67.40 MB used.

Virtual space:
  Non-class space:       64.00 MB reserved,      60.31 MB ( 94%) committed,  1 nodes.
      Class space:        1.00 GB reserved,       8.50 MB ( <1%) committed,  1 nodes.
             Both:        1.06 GB reserved,      68.81 MB (  6%) committed. 

Chunk freelists:
   Non-Class:  3.52 MB
       Class:  7.38 MB
        Both:  10.90 MB

MaxMetaspaceSize: unlimited
CompressedClassSpaceSize: 1.00 GB
Initial GC threshold: 21.00 MB
Current GC threshold: 97.31 MB
CDS: on
 - commit_granule_bytes: 65536.
 - commit_granule_words: 8192.
 - virtual_space_node_default_size: 8388608.
 - enlarge_chunks_in_place: 1.
 - use_allocation_guard: 0.


Internal statistics:

num_allocs_failed_limit: 11.
num_arena_births: 1130.
num_arena_deaths: 22.
num_vsnodes_births: 2.
num_vsnodes_deaths: 0.
num_space_committed: 1101.
num_space_uncommitted: 0.
num_chunks_returned_to_freelist: 34.
num_chunks_taken_from_freelist: 4025.
num_chunk_merges: 9.
num_chunk_splits: 2567.
num_chunks_enlarged: 1582.
num_inconsistent_stats: 0.

CodeHeap 'non-profiled nmethods': size=120000Kb used=5395Kb max_used=5395Kb free=114604Kb
 bounds [0x00000254f3c90000, 0x00000254f41e0000, 0x00000254fb1c0000]
CodeHeap 'profiled nmethods': size=120000Kb used=16656Kb max_used=16656Kb free=103343Kb
 bounds [0x00000254ec1c0000, 0x00000254ed210000, 0x00000254f36f0000]
CodeHeap 'non-nmethods': size=5760Kb used=1449Kb max_used=1505Kb free=4310Kb
 bounds [0x00000254f36f0000, 0x00000254f3960000, 0x00000254f3c90000]
CodeCache: size=245760Kb, used=23500Kb, max_used=23556Kb, free=222257Kb
 total_blobs=8684, nmethods=7921, adapters=669, full_count=0
Compilation: enabled, stopped_count=0, restarted_count=0

Compilation events (20 events):
Event: 88.052 Thread 0x00000254c8ce7ae0 8640       4       java.util.ArrayList$SubList::equals (47 bytes)
Event: 88.053 Thread 0x00000254c291b670 8642       1       java.util.zip.ZipFile::getName (5 bytes)
Event: 88.053 Thread 0x00000254c291b670 nmethod 8642 0x00000254f41ce910 code [0x00000254f41ceaa0, 0x00000254f41ceb68]
Event: 88.054 Thread 0x00000254c28a7b50 nmethod 8631 0x00000254f41cec10 code [0x00000254f41cee40, 0x00000254f41cf6c8]
Event: 88.054 Thread 0x00000254c28a7b50 8635       4       java.lang.AbstractStringBuilder::appendChars (207 bytes)
Event: 88.059 Thread 0x00000254c291b670 8644       3       org.eclipse.jdt.internal.compiler.util.Util::isClassFileName (82 bytes)
Event: 88.060 Thread 0x00000254c291b670 nmethod 8644 0x00000254ed1fa590 code [0x00000254ed1fa7e0, 0x00000254ed1fb0a8]
Event: 88.067 Thread 0x00000254c28a7b50 nmethod 8635 0x00000254f41cfd90 code [0x00000254f41cffa0, 0x00000254f41d0600]
Event: 88.067 Thread 0x00000254c28a7b50 8643       4       sun.nio.fs.WindowsPathParser::normalize (233 bytes)
Event: 88.069 Thread 0x00000254c291b670 8645       3       sun.nio.fs.WindowsPath::startsWith (105 bytes)
Event: 88.070 Thread 0x00000254c291b670 nmethod 8645 0x00000254ed1fb490 code [0x00000254ed1fb740, 0x00000254ed1fc3a8]
Event: 88.085 Thread 0x00000254c8ce7ae0 nmethod 8640 0x00000254f41d0a90 code [0x00000254f41d0ce0, 0x00000254f41d1738]
Event: 88.085 Thread 0x00000254c8ce7ae0 8638       4       java.util.ArrayList::checkForComodification (17 bytes)
Event: 88.086 Thread 0x00000254c8ce7ae0 nmethod 8638 0x00000254f41d1f10 code [0x00000254f41d20a0, 0x00000254f41d2148]
Event: 88.086 Thread 0x00000254c8ce7ae0 8634       4       sun.nio.fs.WindowsPath::elementAsString (62 bytes)
Event: 88.091 Thread 0x00000254c291b670 8646       3       org.eclipse.jdt.internal.compiler.impl.CompilerOptions::versionFromJdkLevel (204 bytes)
Event: 88.092 Thread 0x00000254c291b670 nmethod 8646 0x00000254ed1fc890 code [0x00000254ed1fcac0, 0x00000254ed1fd230]
Event: 88.092 Thread 0x00000254c291b670 8647   !   3       org.eclipse.jdt.internal.core.util.Util::getEntryName (77 bytes)
Event: 88.094 Thread 0x00000254c291b670 nmethod 8647 0x00000254ed1fd310 code [0x00000254ed1fd5e0, 0x00000254ed1fe548]
Event: 88.102 Thread 0x00000254c8ce7ae0 nmethod 8634 0x00000254f41d2210 code [0x00000254f41d2420, 0x00000254f41d2c98]

GC Heap History (20 events):
Event: 79.156 GC heap before
{Heap before GC invocations=34 (full 3):
 PSYoungGen      total 23552K, used 23522K [0x00000000d5580000, 0x00000000d7300000, 0x0000000100000000)
  eden space 22016K, 100% used [0x00000000d5580000,0x00000000d6b00000,0x00000000d6b00000)
  from space 1536K, 98% used [0x00000000d7100000,0x00000000d7278800,0x00000000d7280000)
  to   space 4096K, 0% used [0x00000000d6b00000,0x00000000d6b00000,0x00000000d6f00000)
 ParOldGen       total 68608K, used 51347K [0x0000000080000000, 0x0000000084300000, 0x00000000d5580000)
  object space 68608K, 74% used [0x0000000080000000,0x0000000083224ca0,0x0000000084300000)
 Metaspace       used 60269K, committed 61632K, reserved 1114112K
  class space    used 7124K, committed 7744K, reserved 1048576K
}
Event: 79.167 GC heap after
{Heap after GC invocations=34 (full 3):
 PSYoungGen      total 24576K, used 2048K [0x00000000d5580000, 0x00000000d7180000, 0x0000000100000000)
  eden space 22016K, 0% used [0x00000000d5580000,0x00000000d5580000,0x00000000d6b00000)
  from space 2560K, 80% used [0x00000000d6b00000,0x00000000d6d00020,0x00000000d6d80000)
  to   space 3072K, 0% used [0x00000000d6e80000,0x00000000d6e80000,0x00000000d7180000)
 ParOldGen       total 68608K, used 52892K [0x0000000080000000, 0x0000000084300000, 0x00000000d5580000)
  object space 68608K, 77% used [0x0000000080000000,0x00000000833a7030,0x0000000084300000)
 Metaspace       used 60269K, committed 61632K, reserved 1114112K
  class space    used 7124K, committed 7744K, reserved 1048576K
}
Event: 79.367 GC heap before
{Heap before GC invocations=35 (full 3):
 PSYoungGen      total 24576K, used 24064K [0x00000000d5580000, 0x00000000d7180000, 0x0000000100000000)
  eden space 22016K, 100% used [0x00000000d5580000,0x00000000d6b00000,0x00000000d6b00000)
  from space 2560K, 80% used [0x00000000d6b00000,0x00000000d6d00020,0x00000000d6d80000)
  to   space 3072K, 0% used [0x00000000d6e80000,0x00000000d6e80000,0x00000000d7180000)
 ParOldGen       total 68608K, used 52892K [0x0000000080000000, 0x0000000084300000, 0x00000000d5580000)
  object space 68608K, 77% used [0x0000000080000000,0x00000000833a7030,0x0000000084300000)
 Metaspace       used 60594K, committed 62080K, reserved 1114112K
  class space    used 7155K, committed 7808K, reserved 1048576K
}
Event: 79.370 GC heap after
{Heap after GC invocations=35 (full 3):
 PSYoungGen      total 24576K, used 2080K [0x00000000d5580000, 0x00000000d7100000, 0x0000000100000000)
  eden space 22016K, 0% used [0x00000000d5580000,0x00000000d5580000,0x00000000d6b00000)
  from space 2560K, 81% used [0x00000000d6e80000,0x00000000d7088000,0x00000000d7100000)
  to   space 2560K, 0% used [0x00000000d6b00000,0x00000000d6b00000,0x00000000d6d80000)
 ParOldGen       total 68608K, used 54784K [0x0000000080000000, 0x0000000084300000, 0x00000000d5580000)
  object space 68608K, 79% used [0x0000000080000000,0x0000000083580128,0x0000000084300000)
 Metaspace       used 60594K, committed 62080K, reserved 1114112K
  class space    used 7155K, committed 7808K, reserved 1048576K
}
Event: 79.604 GC heap before
{Heap before GC invocations=36 (full 3):
 PSYoungGen      total 24576K, used 23944K [0x00000000d5580000, 0x00000000d7100000, 0x0000000100000000)
  eden space 22016K, 99% used [0x00000000d5580000,0x00000000d6ada2b0,0x00000000d6b00000)
  from space 2560K, 81% used [0x00000000d6e80000,0x00000000d7088000,0x00000000d7100000)
  to   space 2560K, 0% used [0x00000000d6b00000,0x00000000d6b00000,0x00000000d6d80000)
 ParOldGen       total 68608K, used 54784K [0x0000000080000000, 0x0000000084300000, 0x00000000d5580000)
  object space 68608K, 79% used [0x0000000080000000,0x0000000083580128,0x0000000084300000)
 Metaspace       used 60749K, committed 62208K, reserved 1114112K
  class space    used 7173K, committed 7808K, reserved 1048576K
}
Event: 79.610 GC heap after
{Heap after GC invocations=36 (full 3):
 PSYoungGen      total 24576K, used 2553K [0x00000000d5580000, 0x00000000d7500000, 0x0000000100000000)
  eden space 22016K, 0% used [0x00000000d5580000,0x00000000d5580000,0x00000000d6b00000)
  from space 2560K, 99% used [0x00000000d6b00000,0x00000000d6d7e610,0x00000000d6d80000)
  to   space 5120K, 0% used [0x00000000d7000000,0x00000000d7000000,0x00000000d7500000)
 ParOldGen       total 68608K, used 56734K [0x0000000080000000, 0x0000000084300000, 0x00000000d5580000)
  object space 68608K, 82% used [0x0000000080000000,0x0000000083767ad0,0x0000000084300000)
 Metaspace       used 60749K, committed 62208K, reserved 1114112K
  class space    used 7173K, committed 7808K, reserved 1048576K
}
Event: 79.989 GC heap before
{Heap before GC invocations=37 (full 3):
 PSYoungGen      total 24576K, used 24569K [0x00000000d5580000, 0x00000000d7500000, 0x0000000100000000)
  eden space 22016K, 100% used [0x00000000d5580000,0x00000000d6b00000,0x00000000d6b00000)
  from space 2560K, 99% used [0x00000000d6b00000,0x00000000d6d7e610,0x00000000d6d80000)
  to   space 5120K, 0% used [0x00000000d7000000,0x00000000d7000000,0x00000000d7500000)
 ParOldGen       total 68608K, used 56734K [0x0000000080000000, 0x0000000084300000, 0x00000000d5580000)
  object space 68608K, 82% used [0x0000000080000000,0x0000000083767ad0,0x0000000084300000)
 Metaspace       used 61055K, committed 62528K, reserved 1114112K
  class space    used 7214K, committed 7872K, reserved 1048576K
}
Event: 79.995 GC heap after
{Heap after GC invocations=37 (full 3):
 PSYoungGen      total 24576K, used 2048K [0x00000000d5580000, 0x00000000d7280000, 0x0000000100000000)
  eden space 22016K, 0% used [0x00000000d5580000,0x00000000d5580000,0x00000000d6b00000)
  from space 2560K, 80% used [0x00000000d7000000,0x00000000d7200010,0x00000000d7280000)
  to   space 3072K, 0% used [0x00000000d6c80000,0x00000000d6c80000,0x00000000d6f80000)
 ParOldGen       total 68608K, used 58662K [0x0000000080000000, 0x0000000084300000, 0x00000000d5580000)
  object space 68608K, 85% used [0x0000000080000000,0x0000000083949bd0,0x0000000084300000)
 Metaspace       used 61055K, committed 62528K, reserved 1114112K
  class space    used 7214K, committed 7872K, reserved 1048576K
}
Event: 80.311 GC heap before
{Heap before GC invocations=38 (full 3):
 PSYoungGen      total 24576K, used 24064K [0x00000000d5580000, 0x00000000d7280000, 0x0000000100000000)
  eden space 22016K, 100% used [0x00000000d5580000,0x00000000d6b00000,0x00000000d6b00000)
  from space 2560K, 80% used [0x00000000d7000000,0x00000000d7200010,0x00000000d7280000)
  to   space 3072K, 0% used [0x00000000d6c80000,0x00000000d6c80000,0x00000000d6f80000)
 ParOldGen       total 68608K, used 58662K [0x0000000080000000, 0x0000000084300000, 0x00000000d5580000)
  object space 68608K, 85% used [0x0000000080000000,0x0000000083949bd0,0x0000000084300000)
 Metaspace       used 61317K, committed 62720K, reserved 1114112K
  class space    used 7246K, committed 7872K, reserved 1048576K
}
Event: 80.320 GC heap after
{Heap after GC invocations=38 (full 3):
 PSYoungGen      total 24064K, used 1920K [0x00000000d5580000, 0x00000000d7080000, 0x0000000100000000)
  eden space 22016K, 0% used [0x00000000d5580000,0x00000000d5580000,0x00000000d6b00000)
  from space 2048K, 93% used [0x00000000d6c80000,0x00000000d6e60000,0x00000000d6e80000)
  to   space 2048K, 0% used [0x00000000d6e80000,0x00000000d6e80000,0x00000000d7080000)
 ParOldGen       total 68608K, used 60494K [0x0000000080000000, 0x0000000084300000, 0x00000000d5580000)
  object space 68608K, 88% used [0x0000000080000000,0x0000000083b13be0,0x0000000084300000)
 Metaspace       used 61317K, committed 62720K, reserved 1114112K
  class space    used 7246K, committed 7872K, reserved 1048576K
}
Event: 81.413 GC heap before
{Heap before GC invocations=39 (full 3):
 PSYoungGen      total 24064K, used 23936K [0x00000000d5580000, 0x00000000d7080000, 0x0000000100000000)
  eden space 22016K, 100% used [0x00000000d5580000,0x00000000d6b00000,0x00000000d6b00000)
  from space 2048K, 93% used [0x00000000d6c80000,0x00000000d6e60000,0x00000000d6e80000)
  to   space 2048K, 0% used [0x00000000d6e80000,0x00000000d6e80000,0x00000000d7080000)
 ParOldGen       total 68608K, used 60494K [0x0000000080000000, 0x0000000084300000, 0x00000000d5580000)
  object space 68608K, 88% used [0x0000000080000000,0x0000000083b13be0,0x0000000084300000)
 Metaspace       used 63139K, committed 64576K, reserved 1114112K
  class space    used 7476K, committed 8128K, reserved 1048576K
}
Event: 81.421 GC heap after
{Heap after GC invocations=39 (full 3):
 PSYoungGen      total 23552K, used 1301K [0x00000000d5580000, 0x00000000d7000000, 0x0000000100000000)
  eden space 22016K, 0% used [0x00000000d5580000,0x00000000d5580000,0x00000000d6b00000)
  from space 1536K, 84% used [0x00000000d6e80000,0x00000000d6fc5568,0x00000000d7000000)
  to   space 2048K, 0% used [0x00000000d6c00000,0x00000000d6c00000,0x00000000d6e00000)
 ParOldGen       total 68608K, used 62287K [0x0000000080000000, 0x0000000084300000, 0x00000000d5580000)
  object space 68608K, 90% used [0x0000000080000000,0x0000000083cd3e10,0x0000000084300000)
 Metaspace       used 63139K, committed 64576K, reserved 1114112K
  class space    used 7476K, committed 8128K, reserved 1048576K
}
Event: 82.874 GC heap before
{Heap before GC invocations=40 (full 3):
 PSYoungGen      total 23552K, used 23317K [0x00000000d5580000, 0x00000000d7000000, 0x0000000100000000)
  eden space 22016K, 100% used [0x00000000d5580000,0x00000000d6b00000,0x00000000d6b00000)
  from space 1536K, 84% used [0x00000000d6e80000,0x00000000d6fc5568,0x00000000d7000000)
  to   space 2048K, 0% used [0x00000000d6c00000,0x00000000d6c00000,0x00000000d6e00000)
 ParOldGen       total 68608K, used 62287K [0x0000000080000000, 0x0000000084300000, 0x00000000d5580000)
  object space 68608K, 90% used [0x0000000080000000,0x0000000083cd3e10,0x0000000084300000)
 Metaspace       used 64032K, committed 65408K, reserved 1114112K
  class space    used 7593K, committed 8192K, reserved 1048576K
}
Event: 82.877 GC heap after
{Heap after GC invocations=40 (full 3):
 PSYoungGen      total 24064K, used 464K [0x00000000d5580000, 0x00000000d6f00000, 0x0000000100000000)
  eden space 22016K, 0% used [0x00000000d5580000,0x00000000d5580000,0x00000000d6b00000)
  from space 2048K, 22% used [0x00000000d6c00000,0x00000000d6c74010,0x00000000d6e00000)
  to   space 1024K, 0% used [0x00000000d6e00000,0x00000000d6e00000,0x00000000d6f00000)
 ParOldGen       total 68608K, used 63412K [0x0000000080000000, 0x0000000084300000, 0x00000000d5580000)
  object space 68608K, 92% used [0x0000000080000000,0x0000000083ded0a8,0x0000000084300000)
 Metaspace       used 64032K, committed 65408K, reserved 1114112K
  class space    used 7593K, committed 8192K, reserved 1048576K
}
Event: 83.807 GC heap before
{Heap before GC invocations=41 (full 3):
 PSYoungGen      total 24064K, used 22480K [0x00000000d5580000, 0x00000000d6f00000, 0x0000000100000000)
  eden space 22016K, 100% used [0x00000000d5580000,0x00000000d6b00000,0x00000000d6b00000)
  from space 2048K, 22% used [0x00000000d6c00000,0x00000000d6c74010,0x00000000d6e00000)
  to   space 1024K, 0% used [0x00000000d6e00000,0x00000000d6e00000,0x00000000d6f00000)
 ParOldGen       total 68608K, used 63412K [0x0000000080000000, 0x0000000084300000, 0x00000000d5580000)
  object space 68608K, 92% used [0x0000000080000000,0x0000000083ded0a8,0x0000000084300000)
 Metaspace       used 65361K, committed 66752K, reserved 1114112K
  class space    used 7693K, committed 8320K, reserved 1048576K
}
Event: 83.811 GC heap after
{Heap after GC invocations=41 (full 3):
 PSYoungGen      total 23040K, used 993K [0x00000000d5580000, 0x00000000d7000000, 0x0000000100000000)
  eden space 22016K, 0% used [0x00000000d5580000,0x00000000d5580000,0x00000000d6b00000)
  from space 1024K, 97% used [0x00000000d6e00000,0x00000000d6ef8618,0x00000000d6f00000)
  to   space 2560K, 0% used [0x00000000d6b00000,0x00000000d6b00000,0x00000000d6d80000)
 ParOldGen       total 68608K, used 64603K [0x0000000080000000, 0x0000000084300000, 0x00000000d5580000)
  object space 68608K, 94% used [0x0000000080000000,0x0000000083f16f50,0x0000000084300000)
 Metaspace       used 65361K, committed 66752K, reserved 1114112K
  class space    used 7693K, committed 8320K, reserved 1048576K
}
Event: 84.127 GC heap before
{Heap before GC invocations=42 (full 3):
 PSYoungGen      total 23040K, used 22965K [0x00000000d5580000, 0x00000000d7000000, 0x0000000100000000)
  eden space 22016K, 99% used [0x00000000d5580000,0x00000000d6af4f70,0x00000000d6b00000)
  from space 1024K, 97% used [0x00000000d6e00000,0x00000000d6ef8618,0x00000000d6f00000)
  to   space 2560K, 0% used [0x00000000d6b00000,0x00000000d6b00000,0x00000000d6d80000)
 ParOldGen       total 68608K, used 64603K [0x0000000080000000, 0x0000000084300000, 0x00000000d5580000)
  object space 68608K, 94% used [0x0000000080000000,0x0000000083f16f50,0x0000000084300000)
 Metaspace       used 65379K, committed 66816K, reserved 1114112K
  class space    used 7693K, committed 8320K, reserved 1048576K
}
Event: 84.133 GC heap after
{Heap after GC invocations=42 (full 3):
 PSYoungGen      total 23040K, used 970K [0x00000000d5580000, 0x00000000d6e80000, 0x0000000100000000)
  eden space 22016K, 0% used [0x00000000d5580000,0x00000000d5580000,0x00000000d6b00000)
  from space 1024K, 94% used [0x00000000d6b00000,0x00000000d6bf2a40,0x00000000d6c00000)
  to   space 1536K, 0% used [0x00000000d6d00000,0x00000000d6d00000,0x00000000d6e80000)
 ParOldGen       total 68608K, used 65440K [0x0000000080000000, 0x0000000084300000, 0x00000000d5580000)
  object space 68608K, 95% used [0x0000000080000000,0x0000000083fe81e8,0x0000000084300000)
 Metaspace       used 65379K, committed 66816K, reserved 1114112K
  class space    used 7693K, committed 8320K, reserved 1048576K
}
Event: 86.624 GC heap before
{Heap before GC invocations=43 (full 3):
 PSYoungGen      total 23040K, used 22986K [0x00000000d5580000, 0x00000000d6e80000, 0x0000000100000000)
  eden space 22016K, 100% used [0x00000000d5580000,0x00000000d6b00000,0x00000000d6b00000)
  from space 1024K, 94% used [0x00000000d6b00000,0x00000000d6bf2a40,0x00000000d6c00000)
  to   space 1536K, 0% used [0x00000000d6d00000,0x00000000d6d00000,0x00000000d6e80000)
 ParOldGen       total 68608K, used 65440K [0x0000000080000000, 0x0000000084300000, 0x00000000d5580000)
  object space 68608K, 95% used [0x0000000080000000,0x0000000083fe81e8,0x0000000084300000)
 Metaspace       used 68049K, committed 69440K, reserved 1114112K
  class space    used 7943K, committed 8576K, reserved 1048576K
}
Event: 86.630 GC heap after
{Heap after GC invocations=43 (full 3):
 PSYoungGen      total 20992K, used 1534K [0x00000000d5580000, 0x00000000d7400000, 0x0000000100000000)
  eden space 19456K, 0% used [0x00000000d5580000,0x00000000d5580000,0x00000000d6880000)
  from space 1536K, 99% used [0x00000000d6d00000,0x00000000d6e7fba0,0x00000000d6e80000)
  to   space 4608K, 0% used [0x00000000d6880000,0x00000000d6880000,0x00000000d6d00000)
 ParOldGen       total 68608K, used 67640K [0x0000000080000000, 0x0000000084300000, 0x00000000d5580000)
  object space 68608K, 98% used [0x0000000080000000,0x000000008420e1e8,0x0000000084300000)
 Metaspace       used 68049K, committed 69440K, reserved 1114112K
  class space    used 7943K, committed 8576K, reserved 1048576K
}

Dll operation events (15 events):
Event: 0.042 Loaded shared library c:\Users\najja\.vscode\extensions\redhat.java-1.46.0-win32-x64\jre\21.0.8-win32-x86_64\bin\java.dll
Event: 0.405 Loaded shared library c:\Users\najja\.vscode\extensions\redhat.java-1.46.0-win32-x64\jre\21.0.8-win32-x86_64\bin\zip.dll
Event: 0.468 Loaded shared library C:\Users\najja\.vscode\extensions\redhat.java-1.46.0-win32-x64\jre\21.0.8-win32-x86_64\bin\instrument.dll
Event: 0.519 Loaded shared library C:\Users\najja\.vscode\extensions\redhat.java-1.46.0-win32-x64\jre\21.0.8-win32-x86_64\bin\net.dll
Event: 0.533 Loaded shared library C:\Users\najja\.vscode\extensions\redhat.java-1.46.0-win32-x64\jre\21.0.8-win32-x86_64\bin\nio.dll
Event: 0.555 Loaded shared library C:\Users\najja\.vscode\extensions\redhat.java-1.46.0-win32-x64\jre\21.0.8-win32-x86_64\bin\zip.dll
Event: 0.604 Loaded shared library C:\Users\najja\.vscode\extensions\redhat.java-1.46.0-win32-x64\jre\21.0.8-win32-x86_64\bin\jimage.dll
Event: 0.837 Loaded shared library c:\Users\najja\.vscode\extensions\redhat.java-1.46.0-win32-x64\jre\21.0.8-win32-x86_64\bin\verify.dll
Event: 16.885 Loaded shared library C:\Users\najja\AppData\Roaming\Code\User\globalStorage\redhat.java\1.46.0\config_win\org.eclipse.equinox.launcher\org.eclipse.equinox.launcher.win32.win32.x86_64_1.2.1400.v20250801-0854\eclipse_11916.dll
Event: 40.479 Loaded shared library C:\Users\najja\AppData\Local\Temp\jna-104582286\jna12040497890328463737.dll
Event: 48.329 Loaded shared library C:\Users\najja\.gradle\native\1def1411415f61bf3af743bc5b6707747c0891f09f0c88961ee8f79bc544acac\windows-amd64\native-platform.dll
Event: 76.545 Loaded shared library C:\Users\najja\.vscode\extensions\redhat.java-1.46.0-win32-x64\jre\21.0.8-win32-x86_64\bin\management.dll
Event: 76.557 Loaded shared library C:\Users\najja\.vscode\extensions\redhat.java-1.46.0-win32-x64\jre\21.0.8-win32-x86_64\bin\management_ext.dll
Event: 77.931 Loaded shared library C:\Users\najja\.vscode\extensions\redhat.java-1.46.0-win32-x64\jre\21.0.8-win32-x86_64\bin\sunmscapi.dll
Event: 78.338 Loaded shared library C:\Users\najja\.vscode\extensions\redhat.java-1.46.0-win32-x64\jre\21.0.8-win32-x86_64\bin\extnet.dll

Deoptimization events (20 events):
Event: 88.092 Thread 0x00000254cb526040 DEOPT UNPACKING pc=0x00000254f3744242 sp=0x000000b5dfafdda0 mode 0
Event: 88.093 Thread 0x00000254cb526040 DEOPT PACKING pc=0x00000254ed16a0ce sp=0x000000b5dfafe810
Event: 88.093 Thread 0x00000254cb526040 DEOPT UNPACKING pc=0x00000254f3744242 sp=0x000000b5dfafdd90 mode 0
Event: 88.097 Thread 0x00000254cb526040 DEOPT PACKING pc=0x00000254ed16a0ce sp=0x000000b5dfafe850
Event: 88.097 Thread 0x00000254cb526040 DEOPT UNPACKING pc=0x00000254f3744242 sp=0x000000b5dfafddd0 mode 0
Event: 88.099 Thread 0x00000254cb526040 DEOPT PACKING pc=0x00000254ed16a0ce sp=0x000000b5dfafe850
Event: 88.099 Thread 0x00000254cb526040 DEOPT UNPACKING pc=0x00000254f3744242 sp=0x000000b5dfafddd0 mode 0
Event: 88.102 Thread 0x00000254cb526040 DEOPT PACKING pc=0x00000254ed16a0ce sp=0x000000b5dfafe850
Event: 88.102 Thread 0x00000254cb526040 DEOPT UNPACKING pc=0x00000254f3744242 sp=0x000000b5dfafddd0 mode 0
Event: 88.103 Thread 0x00000254c2c377d0 DEOPT UNPACKING pc=0x00000254f3744242 sp=0x000000b5df0fd410 mode 0
Event: 88.104 Thread 0x00000254c2c377d0 DEOPT PACKING pc=0x00000254ed16a0ce sp=0x000000b5df0fdec0
Event: 88.104 Thread 0x00000254c2c377d0 DEOPT UNPACKING pc=0x00000254f3744242 sp=0x000000b5df0fd440 mode 0
Event: 88.105 Thread 0x00000254c2c377d0 DEOPT PACKING pc=0x00000254ed16a0ce sp=0x000000b5df0fdec0
Event: 88.105 Thread 0x00000254c2c377d0 DEOPT UNPACKING pc=0x00000254f3744242 sp=0x000000b5df0fd440 mode 0
Event: 88.107 Thread 0x00000254c2c377d0 DEOPT PACKING pc=0x00000254ed16a0ce sp=0x000000b5df0fdec0
Event: 88.107 Thread 0x00000254c2c377d0 DEOPT UNPACKING pc=0x00000254f3744242 sp=0x000000b5df0fd440 mode 0
Event: 88.108 Thread 0x00000254cb526040 DEOPT PACKING pc=0x00000254ed16a0ce sp=0x000000b5dfafe850
Event: 88.108 Thread 0x00000254cb526040 DEOPT UNPACKING pc=0x00000254f3744242 sp=0x000000b5dfafddd0 mode 0
Event: 88.109 Thread 0x00000254c2c377d0 DEOPT PACKING pc=0x00000254ed16a0ce sp=0x000000b5df0fdec0
Event: 88.109 Thread 0x00000254c2c377d0 DEOPT UNPACKING pc=0x00000254f3744242 sp=0x000000b5df0fd440 mode 0

Classes loaded (20 events):
Event: 86.638 Loading class java/util/concurrent/CompletableFuture$UniApply
Event: 86.639 Loading class java/util/concurrent/CompletableFuture$UniCompletion
Event: 86.639 Loading class java/util/concurrent/CompletableFuture$UniCompletion done
Event: 86.640 Loading class java/util/concurrent/CompletableFuture$UniApply done
Event: 86.642 Loading class java/util/concurrent/CompletableFuture$UniAccept
Event: 86.643 Loading class java/util/concurrent/CompletableFuture$UniAccept done
Event: 86.644 Loading class java/util/concurrent/CompletableFuture$UniExceptionally
Event: 86.644 Loading class java/util/concurrent/CompletableFuture$UniExceptionally done
Event: 86.765 Loading class java/util/stream/DistinctOps
Event: 86.766 Loading class java/util/stream/DistinctOps done
Event: 86.767 Loading class java/util/stream/DistinctOps$1
Event: 86.783 Loading class java/util/stream/DistinctOps$1 done
Event: 86.787 Loading class java/util/stream/DistinctOps$1$2
Event: 86.787 Loading class java/util/stream/DistinctOps$1$2 done
Event: 87.246 Loading class java/util/AbstractList$RandomAccessSubList
Event: 87.249 Loading class java/util/AbstractList$SubList
Event: 87.250 Loading class java/util/AbstractList$SubList done
Event: 87.250 Loading class java/util/AbstractList$RandomAccessSubList done
Event: 87.250 Loading class java/util/AbstractList$SubList$1
Event: 87.251 Loading class java/util/AbstractList$SubList$1 done

Classes unloaded (11 events):
Event: 41.225 Thread 0x00000254e908eb80 Unloading class 0x00000254811a4800 'java/lang/invoke/LambdaForm$MH+0x00000254811a4800'
Event: 41.225 Thread 0x00000254e908eb80 Unloading class 0x00000254811a4400 'java/lang/invoke/LambdaForm$MH+0x00000254811a4400'
Event: 41.225 Thread 0x00000254e908eb80 Unloading class 0x00000254811a4000 'java/lang/invoke/LambdaForm$MH+0x00000254811a4000'
Event: 41.225 Thread 0x00000254e908eb80 Unloading class 0x00000254811a3c00 'java/lang/invoke/LambdaForm$MH+0x00000254811a3c00'
Event: 41.225 Thread 0x00000254e908eb80 Unloading class 0x00000254811a3800 'java/lang/invoke/LambdaForm$BMH+0x00000254811a3800'
Event: 41.225 Thread 0x00000254e908eb80 Unloading class 0x00000254811a3400 'java/lang/invoke/LambdaForm$DMH+0x00000254811a3400'
Event: 41.225 Thread 0x00000254e908eb80 Unloading class 0x00000254811a2000 'java/lang/invoke/LambdaForm$DMH+0x00000254811a2000'
Event: 43.060 Thread 0x00000254e908eb80 Unloading class 0x0000025481324000 'java/lang/invoke/LambdaForm$MH+0x0000025481324000'
Event: 43.060 Thread 0x00000254e908eb80 Unloading class 0x0000025481323400 'java/lang/invoke/LambdaForm$MH+0x0000025481323400'
Event: 43.060 Thread 0x00000254e908eb80 Unloading class 0x0000025481323000 'java/lang/invoke/LambdaForm$DMH+0x0000025481323000'
Event: 43.060 Thread 0x00000254e908eb80 Unloading class 0x0000025481322400 'java/lang/invoke/LambdaForm$MH+0x0000025481322400'

Classes redefined (0 events):
No events

Internal exceptions (20 events):
Event: 86.642 Thread 0x00000254c2c37140 Exception <a 'java/lang/NoSuchMethodError'{0x00000000d56f98a0}: 'java.lang.Object java.lang.invoke.DirectMethodHandle$Holder.invokeSpecial(java.lang.Object, java.lang.Object, int, long)'> (0x00000000d56f98a0) 
thrown [s\src\hotspot\share\interpreter\linkResolver.cpp, line 773]
Event: 86.664 Thread 0x00000254cb526040 Exception <a 'sun/nio/fs/WindowsException'{0x00000000d57b5298}> (0x00000000d57b5298) 
thrown [s\src\hotspot\share\prims\jni.cpp, line 520]
Event: 86.664 Thread 0x00000254cb526040 Exception <a 'sun/nio/fs/WindowsException'{0x00000000d57b58c8}> (0x00000000d57b58c8) 
thrown [s\src\hotspot\share\prims\jni.cpp, line 520]
Event: 86.677 Thread 0x00000254cb526040 Exception <a 'sun/nio/fs/WindowsException'{0x00000000d57b6300}> (0x00000000d57b6300) 
thrown [s\src\hotspot\share\prims\jni.cpp, line 520]
Event: 86.678 Thread 0x00000254cb526040 Exception <a 'sun/nio/fs/WindowsException'{0x00000000d585e538}> (0x00000000d585e538) 
thrown [s\src\hotspot\share\prims\jni.cpp, line 520]
Event: 86.693 Thread 0x00000254cb526040 Exception <a 'java/io/FileNotFoundException'{0x00000000d5875b48}> (0x00000000d5875b48) 
thrown [s\src\hotspot\share\prims\jni.cpp, line 520]
Event: 86.693 Thread 0x00000254cb526040 Exception <a 'java/io/FileNotFoundException'{0x00000000d587d858}> (0x00000000d587d858) 
thrown [s\src\hotspot\share\prims\jni.cpp, line 520]
Event: 86.737 Thread 0x00000254cb526040 Exception <a 'sun/nio/fs/WindowsException'{0x00000000d593ed70}> (0x00000000d593ed70) 
thrown [s\src\hotspot\share\prims\jni.cpp, line 520]
Event: 86.737 Thread 0x00000254cb526040 Exception <a 'sun/nio/fs/WindowsException'{0x00000000d593f3a0}> (0x00000000d593f3a0) 
thrown [s\src\hotspot\share\prims\jni.cpp, line 520]
Event: 86.802 Thread 0x00000254c85dd5d0 Exception <a 'sun/nio/fs/WindowsException'{0x00000000d58f8478}> (0x00000000d58f8478) 
thrown [s\src\hotspot\share\prims\jni.cpp, line 520]
Event: 86.802 Thread 0x00000254c85dd5d0 Exception <a 'sun/nio/fs/WindowsException'{0x00000000d58f8d58}> (0x00000000d58f8d58) 
thrown [s\src\hotspot\share\prims\jni.cpp, line 520]
Event: 86.802 Thread 0x00000254c85dd5d0 Exception <a 'sun/nio/fs/WindowsException'{0x00000000d58f9a40}> (0x00000000d58f9a40) 
thrown [s\src\hotspot\share\prims\jni.cpp, line 520]
Event: 86.803 Thread 0x00000254c85dd5d0 Exception <a 'sun/nio/fs/WindowsException'{0x00000000d58fa320}> (0x00000000d58fa320) 
thrown [s\src\hotspot\share\prims\jni.cpp, line 520]
Event: 86.804 Thread 0x00000254c85dd5d0 Exception <a 'sun/nio/fs/WindowsException'{0x00000000d5a64470}> (0x00000000d5a64470) 
thrown [s\src\hotspot\share\prims\jni.cpp, line 520]
Event: 86.804 Thread 0x00000254c85dd5d0 Exception <a 'sun/nio/fs/WindowsException'{0x00000000d5a64d50}> (0x00000000d5a64d50) 
thrown [s\src\hotspot\share\prims\jni.cpp, line 520]
Event: 87.020 Thread 0x00000254c85dd5d0 Exception <a 'java/lang/NoSuchMethodError'{0x00000000d5c2de18}: 'java.lang.Object java.lang.invoke.DirectMethodHandle$Holder.invokeStaticInit(java.lang.Object, java.lang.Object, java.lang.Object)'> (0x00000000d5c2de18) 
thrown [s\src\hotspot\share\interpreter\linkResolver.cpp, line 773]
Event: 87.285 Thread 0x00000254c85dd5d0 Exception <a 'sun/nio/fs/WindowsException'{0x00000000d5cea3a0}> (0x00000000d5cea3a0) 
thrown [s\src\hotspot\share\prims\jni.cpp, line 520]
Event: 87.285 Thread 0x00000254c85dd5d0 Exception <a 'sun/nio/fs/WindowsException'{0x00000000d5ceaf30}> (0x00000000d5ceaf30) 
thrown [s\src\hotspot\share\prims\jni.cpp, line 520]
Event: 87.652 Thread 0x00000254c85dd5d0 Exception <a 'sun/nio/fs/WindowsException'{0x00000000d5faa290}> (0x00000000d5faa290) 
thrown [s\src\hotspot\share\prims\jni.cpp, line 520]
Event: 87.652 Thread 0x00000254c85dd5d0 Exception <a 'sun/nio/fs/WindowsException'{0x00000000d5faab70}> (0x00000000d5faab70) 
thrown [s\src\hotspot\share\prims\jni.cpp, line 520]

ZGC Phase Switch (0 events):
No events

VM Operations (20 events):
Event: 81.412 Executing VM operation: ParallelGCFailedAllocation (Allocation Failure)
Event: 81.421 Executing VM operation: ParallelGCFailedAllocation (Allocation Failure) done
Event: 82.874 Executing VM operation: ParallelGCFailedAllocation (Allocation Failure)
Event: 82.877 Executing VM operation: ParallelGCFailedAllocation (Allocation Failure) done
Event: 83.807 Executing VM operation: ParallelGCFailedAllocation (Allocation Failure)
Event: 83.811 Executing VM operation: ParallelGCFailedAllocation (Allocation Failure) done
Event: 84.127 Executing VM operation: ParallelGCFailedAllocation (Allocation Failure)
Event: 84.133 Executing VM operation: ParallelGCFailedAllocation (Allocation Failure) done
Event: 85.141 Executing VM operation: Cleanup
Event: 85.141 Executing VM operation: Cleanup done
Event: 86.142 Executing VM operation: Cleanup
Event: 86.151 Executing VM operation: Cleanup done
Event: 86.602 Executing VM operation: ParallelGCFailedAllocation (Allocation Failure)
Event: 86.630 Executing VM operation: ParallelGCFailedAllocation (Allocation Failure) done
Event: 86.786 Executing VM operation: HandshakeAllThreads (Deoptimize)
Event: 86.786 Executing VM operation: HandshakeAllThreads (Deoptimize) done
Event: 86.821 Executing VM operation: HandshakeAllThreads (Deoptimize)
Event: 86.822 Executing VM operation: HandshakeAllThreads (Deoptimize) done
Event: 87.822 Executing VM operation: Cleanup
Event: 87.822 Executing VM operation: Cleanup done

Memory protections (0 events):
No events

Nmethod flushes (20 events):
Event: 78.101 Thread 0x00000254e908eb80 flushing  nmethod 0x00000254ec952890
Event: 78.101 Thread 0x00000254e908eb80 flushing  nmethod 0x00000254ec953e90
Event: 78.101 Thread 0x00000254e908eb80 flushing  nmethod 0x00000254ec956890
Event: 78.101 Thread 0x00000254e908eb80 flushing  nmethod 0x00000254ec958210
Event: 78.101 Thread 0x00000254e908eb80 flushing  nmethod 0x00000254ec958f90
Event: 78.101 Thread 0x00000254e908eb80 flushing  nmethod 0x00000254ec97f990
Event: 78.101 Thread 0x00000254e908eb80 flushing  nmethod 0x00000254ec989c90
Event: 78.101 Thread 0x00000254e908eb80 flushing  nmethod 0x00000254ec991b10
Event: 78.101 Thread 0x00000254e908eb80 flushing  nmethod 0x00000254ec9f5790
Event: 78.101 Thread 0x00000254e908eb80 flushing  nmethod 0x00000254eca0f910
Event: 78.101 Thread 0x00000254e908eb80 flushing  nmethod 0x00000254eca12090
Event: 78.101 Thread 0x00000254e908eb80 flushing  nmethod 0x00000254eca14e90
Event: 78.101 Thread 0x00000254e908eb80 flushing  nmethod 0x00000254eca34890
Event: 78.101 Thread 0x00000254e908eb80 flushing  nmethod 0x00000254eca4fd10
Event: 78.101 Thread 0x00000254e908eb80 flushing  nmethod 0x00000254eca53f10
Event: 78.101 Thread 0x00000254e908eb80 flushing  nmethod 0x00000254eca55290
Event: 78.101 Thread 0x00000254e908eb80 flushing  nmethod 0x00000254eca55810
Event: 78.101 Thread 0x00000254e908eb80 flushing  nmethod 0x00000254eca66890
Event: 78.101 Thread 0x00000254e908eb80 flushing  nmethod 0x00000254eca8e790
Event: 78.101 Thread 0x00000254e908eb80 flushing  nmethod 0x00000254eca97a90

Events (20 events):
Event: 76.880 Thread 0x00000254c291b670 Thread added: 0x00000254c8ce81b0
Event: 77.227 Thread 0x00000254c8ce81b0 Thread exited: 0x00000254c8ce81b0
Event: 77.227 Thread 0x00000254c8ce9620 Thread exited: 0x00000254c8ce9620
Event: 77.961 Thread 0x00000254c291b670 Thread added: 0x00000254c8ce9620
Event: 78.226 Thread 0x00000254c291b670 Thread added: 0x00000254c8ce7ae0
Event: 80.066 Thread 0x00000254c2c35d90 Thread added: 0x00000254c99f8580
Event: 80.091 Thread 0x00000254c99f8580 Thread exited: 0x00000254c99f8580
Event: 80.785 Thread 0x00000254c8ce7ae0 Thread exited: 0x00000254c8ce7ae0
Event: 80.823 Thread 0x00000254c8ce9620 Thread exited: 0x00000254c8ce9620
Event: 81.466 Thread 0x00000254c2c35d90 Thread added: 0x00000254cc466c00
Event: 81.467 Thread 0x00000254c291b670 Thread added: 0x00000254c8ce9620
Event: 81.522 Thread 0x00000254cc466c00 Thread exited: 0x00000254cc466c00
Event: 81.602 Thread 0x00000254c8ce9620 Thread exited: 0x00000254c8ce9620
Event: 83.254 Thread 0x00000254c2c35d90 Thread added: 0x00000254caa18340
Event: 83.265 Thread 0x00000254caa18340 Thread exited: 0x00000254caa18340
Event: 84.238 Thread 0x00000254c2c35d90 Thread added: 0x00000254cbe14f90
Event: 84.239 Thread 0x00000254cbe14f90 Thread exited: 0x00000254cbe14f90
Event: 84.633 Thread 0x00000254c28a7b50 Thread added: 0x00000254c8ce6d40
Event: 86.537 Thread 0x00000254c8ce6d40 Thread exited: 0x00000254c8ce6d40
Event: 88.052 Thread 0x00000254c291b670 Thread added: 0x00000254c8ce7ae0


Dynamic libraries:
0x00007ff68d840000 - 0x00007ff68d84e000 	c:\Users\najja\.vscode\extensions\redhat.java-1.46.0-win32-x64\jre\21.0.8-win32-x86_64\bin\java.exe
0x00007ffb5cec0000 - 0x00007ffb5d129000 	C:\WINDOWS\SYSTEM32\ntdll.dll
0x00007ffb5cb90000 - 0x00007ffb5cc59000 	C:\WINDOWS\System32\KERNEL32.DLL
0x00007ffb5a3d0000 - 0x00007ffb5a7c3000 	C:\WINDOWS\System32\KERNELBASE.dll
0x00007ffb5a930000 - 0x00007ffb5aa7b000 	C:\WINDOWS\System32\ucrtbase.dll
0x00007ffad2020000 - 0x00007ffad2038000 	c:\Users\najja\.vscode\extensions\redhat.java-1.46.0-win32-x64\jre\21.0.8-win32-x86_64\bin\jli.dll
0x00007ffb5ac90000 - 0x00007ffb5ae54000 	C:\WINDOWS\System32\USER32.dll
0x00007ffb5a7d0000 - 0x00007ffb5a7f7000 	C:\WINDOWS\System32\win32u.dll
0x00007ffb5ce40000 - 0x00007ffb5ce6b000 	C:\WINDOWS\System32\GDI32.dll
0x00007ffb5a800000 - 0x00007ffb5a92d000 	C:\WINDOWS\System32\gdi32full.dll
0x00007ffb5a320000 - 0x00007ffb5a3c3000 	C:\WINDOWS\System32\msvcp_win.dll
0x00007ffad2000000 - 0x00007ffad201e000 	c:\Users\najja\.vscode\extensions\redhat.java-1.46.0-win32-x64\jre\21.0.8-win32-x86_64\bin\VCRUNTIME140.dll
0x00007ffb44970000 - 0x00007ffb44c03000 	C:\WINDOWS\WinSxS\amd64_microsoft.windows.common-controls_6595b64144ccf1df_6.0.26100.5074_none_3e0d6f78e32fd63f\COMCTL32.dll
0x00007ffb5b220000 - 0x00007ffb5b2c9000 	C:\WINDOWS\System32\msvcrt.dll
0x00007ffb5bda0000 - 0x00007ffb5bdcf000 	C:\WINDOWS\System32\IMM32.DLL
0x00007ffad21c0000 - 0x00007ffad21cc000 	c:\Users\najja\.vscode\extensions\redhat.java-1.46.0-win32-x64\jre\21.0.8-win32-x86_64\bin\vcruntime140_1.dll
0x00007ffad1cb0000 - 0x00007ffad1d3d000 	c:\Users\najja\.vscode\extensions\redhat.java-1.46.0-win32-x64\jre\21.0.8-win32-x86_64\bin\msvcp140.dll
0x00007ffac9380000 - 0x00007ffaca117000 	c:\Users\najja\.vscode\extensions\redhat.java-1.46.0-win32-x64\jre\21.0.8-win32-x86_64\bin\server\jvm.dll
0x00007ffb5be60000 - 0x00007ffb5bf14000 	C:\WINDOWS\System32\ADVAPI32.dll
0x00007ffb5c0a0000 - 0x00007ffb5c146000 	C:\WINDOWS\System32\sechost.dll
0x00007ffb5c320000 - 0x00007ffb5c438000 	C:\WINDOWS\System32\RPCRT4.dll
0x00007ffb5b460000 - 0x00007ffb5b4d4000 	C:\WINDOWS\System32\WS2_32.dll
0x00007ffb59eb0000 - 0x00007ffb59f0e000 	C:\WINDOWS\SYSTEM32\POWRPROF.dll
0x00007ffb4e930000 - 0x00007ffb4e965000 	C:\WINDOWS\SYSTEM32\WINMM.dll
0x00007ffb38b70000 - 0x00007ffb38b7b000 	C:\WINDOWS\SYSTEM32\VERSION.dll
0x00007ffb59e90000 - 0x00007ffb59ea4000 	C:\WINDOWS\SYSTEM32\UMPDC.dll
0x00007ffb58d90000 - 0x00007ffb58dab000 	C:\WINDOWS\SYSTEM32\kernel.appcore.dll
0x00007ffad1ff0000 - 0x00007ffad1ffa000 	c:\Users\najja\.vscode\extensions\redhat.java-1.46.0-win32-x64\jre\21.0.8-win32-x86_64\bin\jimage.dll
0x00007ffb57320000 - 0x00007ffb57562000 	C:\WINDOWS\SYSTEM32\DBGHELP.DLL
0x00007ffb5ae70000 - 0x00007ffb5b1eb000 	C:\WINDOWS\System32\combase.dll
0x00007ffb5bb60000 - 0x00007ffb5bc37000 	C:\WINDOWS\System32\OLEAUT32.dll
0x00007ffb29090000 - 0x00007ffb290cd000 	C:\WINDOWS\SYSTEM32\dbgcore.DLL
0x00007ffb5a1c0000 - 0x00007ffb5a259000 	C:\WINDOWS\System32\bcryptPrimitives.dll
0x00007ffb1c530000 - 0x00007ffb1c53f000 	c:\Users\najja\.vscode\extensions\redhat.java-1.46.0-win32-x64\jre\21.0.8-win32-x86_64\bin\instrument.dll
0x00007ffad1c90000 - 0x00007ffad1caf000 	c:\Users\najja\.vscode\extensions\redhat.java-1.46.0-win32-x64\jre\21.0.8-win32-x86_64\bin\java.dll
0x00007ffb5c440000 - 0x00007ffb5cb8d000 	C:\WINDOWS\System32\SHELL32.dll
0x00007ffb5a050000 - 0x00007ffb5a1bc000 	C:\WINDOWS\System32\wintypes.dll
0x00007ffb57c80000 - 0x00007ffb584d9000 	C:\WINDOWS\SYSTEM32\windows.storage.dll
0x00007ffb5bf20000 - 0x00007ffb5c010000 	C:\WINDOWS\System32\SHCORE.dll
0x00007ffb5c2b0000 - 0x00007ffb5c312000 	C:\WINDOWS\System32\shlwapi.dll
0x00007ffb59f70000 - 0x00007ffb59f99000 	C:\WINDOWS\SYSTEM32\profapi.dll
0x00007ffad1c70000 - 0x00007ffad1c88000 	c:\Users\najja\.vscode\extensions\redhat.java-1.46.0-win32-x64\jre\21.0.8-win32-x86_64\bin\zip.dll
0x00007ffad1c60000 - 0x00007ffad1c70000 	C:\Users\najja\.vscode\extensions\redhat.java-1.46.0-win32-x64\jre\21.0.8-win32-x86_64\bin\net.dll
0x00007ffb4e600000 - 0x00007ffb4e71f000 	C:\WINDOWS\SYSTEM32\WINHTTP.dll
0x00007ffb593b0000 - 0x00007ffb5941b000 	C:\WINDOWS\system32\mswsock.dll
0x00007ffad1c40000 - 0x00007ffad1c56000 	C:\Users\najja\.vscode\extensions\redhat.java-1.46.0-win32-x64\jre\21.0.8-win32-x86_64\bin\nio.dll
0x00007ffb1c520000 - 0x00007ffb1c530000 	c:\Users\najja\.vscode\extensions\redhat.java-1.46.0-win32-x64\jre\21.0.8-win32-x86_64\bin\verify.dll
0x00007ffae4b30000 - 0x00007ffae4b74000 	C:\Users\najja\AppData\Roaming\Code\User\globalStorage\redhat.java\1.46.0\config_win\org.eclipse.equinox.launcher\org.eclipse.equinox.launcher.win32.win32.x86_64_1.2.1400.v20250801-0854\eclipse_11916.dll
0x00007ffb5b9c0000 - 0x00007ffb5bb58000 	C:\WINDOWS\System32\ole32.dll
0x00007ffb59650000 - 0x00007ffb5966b000 	C:\WINDOWS\SYSTEM32\CRYPTSP.dll
0x00007ffb58db0000 - 0x00007ffb58deb000 	C:\WINDOWS\system32\rsaenh.dll
0x00007ffb59450000 - 0x00007ffb5947b000 	C:\WINDOWS\SYSTEM32\USERENV.dll
0x00007ffb59f40000 - 0x00007ffb59f66000 	C:\WINDOWS\SYSTEM32\bcrypt.dll
0x00007ffb59670000 - 0x00007ffb5967c000 	C:\WINDOWS\SYSTEM32\CRYPTBASE.dll
0x00007ffb588c0000 - 0x00007ffb588f4000 	C:\WINDOWS\SYSTEM32\IPHLPAPI.DLL
0x00007ffb5ce70000 - 0x00007ffb5ce7a000 	C:\WINDOWS\System32\NSI.dll
0x00007ffae30c0000 - 0x00007ffae3109000 	C:\Users\najja\AppData\Local\Temp\jna-104582286\jna12040497890328463737.dll
0x00007ffb5c150000 - 0x00007ffb5c158000 	C:\WINDOWS\System32\PSAPI.DLL
0x00007ffb508e0000 - 0x00007ffb508fe000 	C:\WINDOWS\SYSTEM32\dhcpcsvc6.DLL
0x00007ffb50850000 - 0x00007ffb50873000 	C:\WINDOWS\SYSTEM32\dhcpcsvc.DLL
0x00007ffb48580000 - 0x00007ffb485a7000 	C:\Users\najja\.gradle\native\1def1411415f61bf3af743bc5b6707747c0891f09f0c88961ee8f79bc544acac\windows-amd64\native-platform.dll
0x00007ffad1c30000 - 0x00007ffad1c3a000 	C:\Users\najja\.vscode\extensions\redhat.java-1.46.0-win32-x64\jre\21.0.8-win32-x86_64\bin\management.dll
0x00007ffad1ba0000 - 0x00007ffad1bab000 	C:\Users\najja\.vscode\extensions\redhat.java-1.46.0-win32-x64\jre\21.0.8-win32-x86_64\bin\management_ext.dll
0x00007ffad1b90000 - 0x00007ffad1b9e000 	C:\Users\najja\.vscode\extensions\redhat.java-1.46.0-win32-x64\jre\21.0.8-win32-x86_64\bin\sunmscapi.dll
0x00007ffb5ab10000 - 0x00007ffb5ac87000 	C:\WINDOWS\System32\CRYPT32.dll
0x00007ffb59870000 - 0x00007ffb598a0000 	C:\WINDOWS\SYSTEM32\ncrypt.dll
0x00007ffb59820000 - 0x00007ffb5985f000 	C:\WINDOWS\SYSTEM32\NTASN1.dll
0x00007ffb58900000 - 0x00007ffb58a26000 	C:\WINDOWS\SYSTEM32\DNSAPI.dll
0x00007ffb4ffe0000 - 0x00007ffb4ffeb000 	C:\Windows\System32\rasadhlp.dll
0x00007ffb512a0000 - 0x00007ffb51326000 	C:\WINDOWS\System32\fwpuclnt.dll
0x00007ffad1b80000 - 0x00007ffad1b89000 	C:\Users\najja\.vscode\extensions\redhat.java-1.46.0-win32-x64\jre\21.0.8-win32-x86_64\bin\extnet.dll

JVMTI agents:
c:\Users\najja\.vscode\extensions\redhat.java-1.46.0-win32-x64\lombok\lombok-1.18.39-4050.jar path:c:\Users\najja\.vscode\extensions\redhat.java-1.46.0-win32-x64\jre\21.0.8-win32-x86_64\bin\instrument.dll, loaded, initialized, instrumentlib options:none

dbghelp: loaded successfully - version: 4.0.5 - missing functions: none
symbol engine: initialized successfully - sym options: 0x614 - pdb path: .;c:\Users\najja\.vscode\extensions\redhat.java-1.46.0-win32-x64\jre\21.0.8-win32-x86_64\bin;C:\WINDOWS\SYSTEM32;C:\WINDOWS\WinSxS\amd64_microsoft.windows.common-controls_6595b64144ccf1df_6.0.26100.5074_none_3e0d6f78e32fd63f;c:\Users\najja\.vscode\extensions\redhat.java-1.46.0-win32-x64\jre\21.0.8-win32-x86_64\bin\server;C:\Users\najja\AppData\Roaming\Code\User\globalStorage\redhat.java\1.46.0\config_win\org.eclipse.equinox.launcher\org.eclipse.equinox.launcher.win32.win32.x86_64_1.2.1400.v20250801-0854;C:\Users\najja\AppData\Local\Temp\jna-104582286;C:\Users\najja\.gradle\native\1def1411415f61bf3af743bc5b6707747c0891f09f0c88961ee8f79bc544acac\windows-amd64

VM Arguments:
jvm_args: --add-modules=ALL-SYSTEM --add-opens=java.base/java.util=ALL-UNNAMED --add-opens=java.base/java.lang=ALL-UNNAMED --add-opens=java.base/sun.nio.fs=ALL-UNNAMED -Declipse.application=org.eclipse.jdt.ls.core.id1 -Dosgi.bundles.defaultStartLevel=4 -Declipse.product=org.eclipse.jdt.ls.core.product -Djava.import.generatesMetadataFilesAtProjectRoot=false -DDetectVMInstallationsJob.disabled=true -Dfile.encoding=utf8 -XX:+UseParallelGC -XX:GCTimeRatio=4 -XX:AdaptiveSizePolicyWeight=90 -Dsun.zip.disableMemoryMapping=true -Xmx2G -Xms100m -Xlog:disable -javaagent:c:\Users\najja\.vscode\extensions\redhat.java-1.46.0-win32-x64\lombok\lombok-1.18.39-4050.jar -XX:+HeapDumpOnOutOfMemoryError -XX:HeapDumpPath=c:\Users\najja\AppData\Roaming\Code\User\workspaceStorage\b4f8b79184baa1c0da2080e434c1018d\redhat.java -Daether.dependencyCollector.impl=bf 
java_command: c:\Users\najja\.vscode\extensions\redhat.java-1.46.0-win32-x64\server\plugins\org.eclipse.equinox.launcher_1.7.0.v20250519-0528.jar -configuration c:\Users\najja\AppData\Roaming\Code\User\globalStorage\redhat.java\1.46.0\config_win -data c:\Users\najja\AppData\Roaming\Code\User\workspaceStorage\b4f8b79184baa1c0da2080e434c1018d\redhat.java\jdt_ws --pipe=\\.\pipe\lsp-deab46880a271024bdec08b1e1ca7c95-sock
java_class_path (initial): c:\Users\najja\.vscode\extensions\redhat.java-1.46.0-win32-x64\server\plugins\org.eclipse.equinox.launcher_1.7.0.v20250519-0528.jar
Launcher Type: SUN_STANDARD

[Global flags]
    uintx AdaptiveSizePolicyWeight                 = 90                                        {product} {command line}
     intx CICompilerCount                          = 4                                         {product} {ergonomic}
    uintx GCTimeRatio                              = 4                                         {product} {command line}
     bool HeapDumpOnOutOfMemoryError               = true                                   {manageable} {command line}
    ccstr HeapDumpPath                             = c:\Users\najja\AppData\Roaming\Code\User\workspaceStorage\b4f8b79184baa1c0da2080e434c1018d\redhat.java         {manageable} {command line}
   size_t InitialHeapSize                          = 104857600                                 {product} {command line}
   size_t MaxHeapSize                              = 2147483648                                {product} {command line}
   size_t MaxNewSize                               = 715653120                                 {product} {ergonomic}
   size_t MinHeapDeltaBytes                        = 524288                                    {product} {ergonomic}
   size_t MinHeapSize                              = 104857600                                 {product} {command line}
   size_t NewSize                                  = 34603008                                  {product} {ergonomic}
    uintx NonNMethodCodeHeapSize                   = 5839372                                {pd product} {ergonomic}
    uintx NonProfiledCodeHeapSize                  = 122909434                              {pd product} {ergonomic}
   size_t OldSize                                  = 70254592                                  {product} {ergonomic}
    uintx ProfiledCodeHeapSize                     = 122909434                              {pd product} {ergonomic}
    uintx ReservedCodeCacheSize                    = 251658240                              {pd product} {ergonomic}
     bool SegmentedCodeCache                       = true                                      {product} {ergonomic}
   size_t SoftMaxHeapSize                          = 2147483648                             {manageable} {ergonomic}
     bool UseCompressedOops                        = true                           {product lp64_product} {ergonomic}
     bool UseLargePagesIndividualAllocation        = false                                  {pd product} {ergonomic}
     bool UseParallelGC                            = true                                      {product} {command line}

Logging:
Log output configuration:
 #0: stdout all=off uptime,level,tags foldmultilines=false
 #1: stderr all=off uptime,level,tags foldmultilines=false

Environment Variables:
JAVA_HOME=C:\Program Files\Java\jdk-21
PATH=C:\Program Files (x86)\Razer Chroma SDK\bin;C:\Program Files\Razer Chroma SDK\bin;C:\Program Files (x86)\Razer\ChromaBroadcast\bin;C:\Program Files\Razer\ChromaBroadcast\bin;C:\Program Files\Common Files\Oracle\Java\javapath;C:\Windows\system32;C:\Windows;C:\Windows\System32\Wbem;C:\Windows\System32\WindowsPowerShell\v1.0\;C:\Windows\System32\OpenSSH\;C:\Program Files\dotnet\;C:\Users\najja\AppData\Local\Microsoft\WindowsApps;C:\Users\najja\AppData\Local\Programs\Microsoft VS Code\bin;C:\Program Files\MATLAB\R2024a\runtime\win64;C:\Program Files\MATLAB\R2024a\bin;C:\Program Files\Git\cmd;C:\Program Files\nodejs\;%SystemRoot%\system32;%SystemRoot%;%SystemRoot%\System32\Wbem;%SYSTEMROOT%\System32\WindowsPowerShell\v1.0\;%SYSTEMROOT%\System32\OpenSSH\;C:\Users\najja\AppData\Local\Programs\Python\Launcher\;C:\Users\najja\AppData\Local\Microsoft\WindowsApps;C:\Users\najja\AppData\Local\Programs\Microsoft VS Code\bin;C:\Users\najja\AppData\Local\Programs\MiKTeX\miktex\bin\x64\;C:\Users\najja\AppData\Local\Muse Hub\lib;C:\Users\najja\Downloads\winlibs-i686-posix-dwarf-gcc-14.3.0-mingw-w64msvcrt-12.0.0-r1\mingw32\bin;C:\Users\najja\AppData\Roaming\npm;C:\ProgramData\Microsoft\Windows\Start Menu\Programs\Node.js;C:\Program Files\nodejs;C:\Program Files\Java\jdk-21\bin;C:\Program Files\PostgreSQL\17\bin;C:\Users\najja\AppData\Local\GitHubDesktop\bin
USERNAME=najja
OS=Windows_NT
PROCESSOR_IDENTIFIER=Intel64 Family 6 Model 186 Stepping 3, GenuineIntel
TMP=C:\Users\najja\AppData\Local\Temp
TEMP=C:\Users\najja\AppData\Local\Temp




Periodic native trim disabled

---------------  S Y S T E M  ---------------

OS:
 Windows 11 , 64 bit Build 26100 (10.0.26100.5074)
OS uptime: 0 days 0:03 hours
Hyper-V role detected

CPU: total 12 (initial active 12) (6 cores per cpu, 2 threads per core) family 6 model 186 stepping 3 microcode 0x4123, cx8, cmov, fxsr, ht, mmx, 3dnowpref, sse, sse2, sse3, ssse3, sse4.1, sse4.2, popcnt, lzcnt, tsc, tscinvbit, avx, avx2, aes, erms, clmul, bmi1, bmi2, adx, sha, fma, vzeroupper, clflush, clflushopt, clwb, hv, serialize, rdtscp, rdpid, fsrm, f16c, cet_ibt, cet_ss
Processor Information for processor 0
  Max Mhz: 1300, Current Mhz: 1300, Mhz Limit: 1300
Processor Information for processor 1
  Max Mhz: 1300, Current Mhz: 1300, Mhz Limit: 1300
Processor Information for processor 2
  Max Mhz: 1300, Current Mhz: 1300, Mhz Limit: 1300
Processor Information for processor 3
  Max Mhz: 1300, Current Mhz: 1300, Mhz Limit: 1300
Processor Information for processor 4
  Max Mhz: 1300, Current Mhz: 900, Mhz Limit: 897
Processor Information for processor 5
  Max Mhz: 1300, Current Mhz: 900, Mhz Limit: 897
Processor Information for processor 6
  Max Mhz: 1300, Current Mhz: 900, Mhz Limit: 897
Processor Information for processor 7
  Max Mhz: 1300, Current Mhz: 900, Mhz Limit: 897
Processor Information for processor 8
  Max Mhz: 1300, Current Mhz: 900, Mhz Limit: 897
Processor Information for processor 9
  Max Mhz: 1300, Current Mhz: 900, Mhz Limit: 897
Processor Information for processor 10
  Max Mhz: 1300, Current Mhz: 900, Mhz Limit: 897
Processor Information for processor 11
  Max Mhz: 1300, Current Mhz: 900, Mhz Limit: 897

Memory: 4k page, system-wide physical 7916M (457M free)
TotalPageFile size 14341M (AvailPageFile size 31M)
current process WorkingSet (physical memory assigned to process): 243M, peak: 298M
current process commit charge ("private bytes"): 375M, peak: 421M

vm_info: OpenJDK 64-Bit Server VM (21.0.8+9-LTS) for windows-amd64 JRE (21.0.8+9-LTS), built on 2025-07-15T00:00:00Z by "admin" with MS VC++ 17.7 (VS2022)

END.
