#
# There is insufficient memory for the Java Runtime Environment to continue.
# Native memory allocation (malloc) failed to allocate 1048576 bytes. Error detail: AllocateHeap
# Possible reasons:
#   The system is out of physical RAM or swap space
#   This process is running with CompressedOops enabled, and the Java Heap may be blocking the growth of the native heap
# Possible solutions:
#   Reduce memory load on the system
#   Increase physical memory or swap space
#   Check if swap backing store is full
#   Decrease Java heap size (-Xmx/-Xms)
#   Decrease number of Java threads
#   Decrease Java thread stack sizes (-Xss)
#   Set larger code cache with -XX:ReservedCodeCacheSize=
#   JVM is running with Unscaled Compressed Oops mode in which the Java heap is
#     placed in the first 4GB address space. The Java Heap base address is the
#     maximum limit for the native heap growth. Please use -XX:HeapBaseMinAddress
#     to set the Java Heap base and to place the Java Heap above 4GB virtual address.
# This output file may be truncated or incomplete.
#
#  Out of Memory Error (allocation.cpp:44), pid=21228, tid=21208
#
# JRE version: OpenJDK Runtime Environment Temurin-21.0.8+9 (21.0.8+9) (build 21.0.8+9-LTS)
# Java VM: OpenJDK 64-Bit Server VM Temurin-21.0.8+9 (21.0.8+9-LTS, mixed mode, sharing, tiered, compressed oops, compressed class ptrs, parallel gc, windows-amd64)
# No core dump will be written. Minidumps are not enabled by default on client versions of Windows
#

---------------  S U M M A R Y ------------

Command Line: --add-modules=ALL-SYSTEM --add-opens=java.base/java.util=ALL-UNNAMED --add-opens=java.base/java.lang=ALL-UNNAMED --add-opens=java.base/sun.nio.fs=ALL-UNNAMED -Declipse.application=org.eclipse.jdt.ls.core.id1 -Dosgi.bundles.defaultStartLevel=4 -Declipse.product=org.eclipse.jdt.ls.core.product -Djava.import.generatesMetadataFilesAtProjectRoot=false -DDetectVMInstallationsJob.disabled=true -Dfile.encoding=utf8 -XX:+UseParallelGC -XX:GCTimeRatio=4 -XX:AdaptiveSizePolicyWeight=90 -Dsun.zip.disableMemoryMapping=true -Xmx2G -Xms100m -Xlog:disable -javaagent:c:\Users\najja\.vscode\extensions\redhat.java-1.46.0-win32-x64\lombok\lombok-1.18.39-4050.jar -XX:+HeapDumpOnOutOfMemoryError -XX:HeapDumpPath=c:\Users\najja\AppData\Roaming\Code\User\workspaceStorage\b4f8b79184baa1c0da2080e434c1018d\redhat.java -Daether.dependencyCollector.impl=bf c:\Users\najja\.vscode\extensions\redhat.java-1.46.0-win32-x64\server\plugins\org.eclipse.equinox.launcher_1.7.0.v20250519-0528.jar -configuration c:\Users\najja\AppData\Roaming\Code\User\globalStorage\redhat.java\1.46.0\config_win -data c:\Users\najja\AppData\Roaming\Code\User\workspaceStorage\b4f8b79184baa1c0da2080e434c1018d\redhat.java\jdt_ws --pipe=\\.\pipe\lsp-b1e926d9a3d46992adc0196a5e70d333-sock

Host: 13th Gen Intel(R) Core(TM) i5-1335U, 12 cores, 7G,  Windows 11 , 64 bit Build 26100 (10.0.26100.5074)
Time: Fri Oct 17 15:46:27 2025 Middle East Daylight Time elapsed time: 292.350285 seconds (0d 0h 4m 52s)

---------------  T H R E A D  ---------------

Current thread (0x0000026a7d93b730):  JavaThread "Attach Listener" daemon [_thread_in_vm, id=21208, stack(0x000000bf96c00000,0x000000bf96d00000) (1024K)]

Stack: [0x000000bf96c00000,0x000000bf96d00000]
Native frames: (J=compiled Java code, j=interpreted, Vv=VM code, C=native code)
V  [jvm.dll+0x6d2449]
V  [jvm.dll+0x8ae341]
V  [jvm.dll+0x8b08be]
V  [jvm.dll+0x8b0fa3]
V  [jvm.dll+0x280c96]
V  [jvm.dll+0xc0347]
V  [jvm.dll+0x6d2cf9]
V  [jvm.dll+0x131116]
V  [jvm.dll+0x3f2d16]
V  [jvm.dll+0x857e6b]
V  [jvm.dll+0x6d0b0d]
C  [ucrtbase.dll+0x37b0]
C  [KERNEL32.DLL+0x2e8d7]
C  [ntdll.dll+0x8d9c]


---------------  P R O C E S S  ---------------

Threads class SMR info:
_java_thread_list=0x0000026a627a4cc0, length=46, elements={
0x0000026a7b3fdb40, 0x0000026a7d930f80, 0x0000026a7d931d90, 0x0000026a7d939670,
0x0000026a7d93b730, 0x0000026a7d93d530, 0x0000026a7d941860, 0x0000026a588bbcd0,
0x0000026a588e6ad0, 0x0000026a7d900290, 0x0000026a5e153aa0, 0x0000026a5e57f540,
0x0000026a5e86c250, 0x0000026a5e8d09d0, 0x0000026a5e8d1030, 0x0000026a5e665030,
0x0000026a5e70ef90, 0x0000026a5edce430, 0x0000026a5edcc360, 0x0000026a5edcbcd0,
0x0000026a5edcdda0, 0x0000026a5e4303c0, 0x0000026a5e432b20, 0x0000026a5e42f6a0,
0x0000026a5e4310e0, 0x0000026a5e430a50, 0x0000026a5e42fd30, 0x0000026a5e431770,
0x0000026a5e431e00, 0x0000026a5e435280, 0x0000026a5e432490, 0x0000026a5e433ed0,
0x0000026a5e434bf0, 0x0000026a5e435910, 0x0000026a5e433840, 0x0000026a5e435fa0,
0x0000026a5e436630, 0x0000026a5e434560, 0x0000026a5e436cc0, 0x0000026a60b78960,
0x0000026a60b7a3a0, 0x0000026a60b79680, 0x0000026a60b79d10, 0x0000026a60b77c40,
0x0000026a63005690, 0x0000026a630070d0
}

Java Threads: ( => current thread )
  0x0000026a7b3fdb40 JavaThread "main"                              [_thread_blocked, id=21016, stack(0x000000bf96500000,0x000000bf96600000) (1024K)]
  0x0000026a7d930f80 JavaThread "Reference Handler"          daemon [_thread_blocked, id=21204, stack(0x000000bf96900000,0x000000bf96a00000) (1024K)]
  0x0000026a7d931d90 JavaThread "Finalizer"                  daemon [_thread_blocked, id=21060, stack(0x000000bf96a00000,0x000000bf96b00000) (1024K)]
  0x0000026a7d939670 JavaThread "Signal Dispatcher"          daemon [_thread_blocked, id=21216, stack(0x000000bf96b00000,0x000000bf96c00000) (1024K)]
=>0x0000026a7d93b730 JavaThread "Attach Listener"            daemon [_thread_in_vm, id=21208, stack(0x000000bf96c00000,0x000000bf96d00000) (1024K)]
  0x0000026a7d93d530 JavaThread "Service Thread"             daemon [_thread_blocked, id=21200, stack(0x000000bf96d00000,0x000000bf96e00000) (1024K)]
  0x0000026a7d941860 JavaThread "Monitor Deflation Thread"   daemon [_thread_blocked, id=21108, stack(0x000000bf96e00000,0x000000bf96f00000) (1024K)]
  0x0000026a588bbcd0 JavaThread "C2 CompilerThread0"         daemon [_thread_blocked, id=3728, stack(0x000000bf96f00000,0x000000bf97000000) (1024K)]
  0x0000026a588e6ad0 JavaThread "C1 CompilerThread0"         daemon [_thread_blocked, id=21328, stack(0x000000bf97000000,0x000000bf97100000) (1024K)]
  0x0000026a7d900290 JavaThread "Common-Cleaner"             daemon [_thread_blocked, id=21400, stack(0x000000bf97100000,0x000000bf97200000) (1024K)]
  0x0000026a5e153aa0 JavaThread "Notification Thread"        daemon [_thread_blocked, id=20880, stack(0x000000bf97300000,0x000000bf97400000) (1024K)]
  0x0000026a5e57f540 JavaThread "Active Thread: Equinox Container: 89d56e4b-a602-4e2a-960f-284fe13d84c8"        [_thread_blocked, id=15432, stack(0x000000bf97b00000,0x000000bf97c00000) (1024K)]
  0x0000026a5e86c250 JavaThread "Refresh Thread: Equinox Container: 89d56e4b-a602-4e2a-960f-284fe13d84c8" daemon [_thread_blocked, id=20668, stack(0x000000bf97c00000,0x000000bf97d00000) (1024K)]
  0x0000026a5e8d09d0 JavaThread "Framework Event Dispatcher: Equinox Container: 89d56e4b-a602-4e2a-960f-284fe13d84c8" daemon [_thread_blocked, id=16896, stack(0x000000bf97e00000,0x000000bf97f00000) (1024K)]
  0x0000026a5e8d1030 JavaThread "Start Level: Equinox Container: 89d56e4b-a602-4e2a-960f-284fe13d84c8" daemon [_thread_blocked, id=20696, stack(0x000000bf97f00000,0x000000bf98000000) (1024K)]
  0x0000026a5e665030 JavaThread "Bundle File Closer"         daemon [_thread_blocked, id=21464, stack(0x000000bf98200000,0x000000bf98300000) (1024K)]
  0x0000026a5e70ef90 JavaThread "SCR Component Actor"        daemon [_thread_blocked, id=18888, stack(0x000000bf98300000,0x000000bf98400000) (1024K)]
  0x0000026a5edce430 JavaThread "Worker-JM"                         [_thread_blocked, id=9392, stack(0x000000bf97a00000,0x000000bf97b00000) (1024K)]
  0x0000026a5edcc360 JavaThread "JNA Cleaner"                daemon [_thread_blocked, id=9860, stack(0x000000bf97200000,0x000000bf97300000) (1024K)]
  0x0000026a5edcbcd0 JavaThread "Worker-0"                          [_thread_blocked, id=12716, stack(0x000000bf98400000,0x000000bf98500000) (1024K)]
  0x0000026a5edcdda0 JavaThread "Java indexing"              daemon [_thread_blocked, id=14064, stack(0x000000bf98a00000,0x000000bf98b00000) (1024K)]
  0x0000026a5e4303c0 JavaThread "Worker-5"                          [_thread_blocked, id=18280, stack(0x000000bf98e00000,0x000000bf98f00000) (1024K)]
  0x0000026a5e432b20 JavaThread "Thread-1"                   daemon [_thread_in_native, id=5452, stack(0x000000bf98f00000,0x000000bf99000000) (1024K)]
  0x0000026a5e42f6a0 JavaThread "Thread-2"                   daemon [_thread_in_native, id=17660, stack(0x000000bf99000000,0x000000bf99100000) (1024K)]
  0x0000026a5e4310e0 JavaThread "Thread-3"                   daemon [_thread_in_native, id=15684, stack(0x000000bf99100000,0x000000bf99200000) (1024K)]
  0x0000026a5e430a50 JavaThread "Thread-4"                   daemon [_thread_in_native, id=20044, stack(0x000000bf99200000,0x000000bf99300000) (1024K)]
  0x0000026a5e42fd30 JavaThread "Thread-5"                   daemon [_thread_in_native, id=12136, stack(0x000000bf99300000,0x000000bf99400000) (1024K)]
  0x0000026a5e431770 JavaThread "Thread-6"                   daemon [_thread_in_native, id=6212, stack(0x000000bf99400000,0x000000bf99500000) (1024K)]
  0x0000026a5e431e00 JavaThread "Thread-7"                   daemon [_thread_in_native, id=5504, stack(0x000000bf99500000,0x000000bf99600000) (1024K)]
  0x0000026a5e435280 JavaThread "Thread-8"                   daemon [_thread_in_native, id=3736, stack(0x000000bf99600000,0x000000bf99700000) (1024K)]
  0x0000026a5e432490 JavaThread "Thread-9"                   daemon [_thread_in_native, id=13204, stack(0x000000bf99700000,0x000000bf99800000) (1024K)]
  0x0000026a5e433ed0 JavaThread "Thread-10"                  daemon [_thread_in_native, id=4456, stack(0x000000bf99800000,0x000000bf99900000) (1024K)]
  0x0000026a5e434bf0 JavaThread "Thread-11"                  daemon [_thread_in_native, id=4584, stack(0x000000bf99900000,0x000000bf99a00000) (1024K)]
  0x0000026a5e435910 JavaThread "Thread-12"                  daemon [_thread_in_native, id=4744, stack(0x000000bf99a00000,0x000000bf99b00000) (1024K)]
  0x0000026a5e433840 JavaThread "Thread-13"                  daemon [_thread_in_native, id=16288, stack(0x000000bf99b00000,0x000000bf99c00000) (1024K)]
  0x0000026a5e435fa0 JavaThread "pool-2-thread-1"                   [_thread_blocked, id=4448, stack(0x000000bf99c00000,0x000000bf99d00000) (1024K)]
  0x0000026a5e436630 JavaThread "WorkspaceEventsHandler"            [_thread_blocked, id=4004, stack(0x000000bf99d00000,0x000000bf99e00000) (1024K)]
  0x0000026a5e434560 JavaThread "pool-1-thread-1"                   [_thread_blocked, id=21276, stack(0x000000bf99e00000,0x000000bf99f00000) (1024K)]
  0x0000026a5e436cc0 JavaThread "ForkJoinPool.commonPool-worker-1" daemon [_thread_blocked, id=16068, stack(0x000000bf98900000,0x000000bf98a00000) (1024K)]
  0x0000026a60b78960 JavaThread "ForkJoinPool.commonPool-worker-3" daemon [_thread_blocked, id=6164, stack(0x000000bf9a000000,0x000000bf9a100000) (1024K)]
  0x0000026a60b7a3a0 JavaThread "ForkJoinPool.commonPool-worker-4" daemon [_thread_blocked, id=10740, stack(0x000000bf9a100000,0x000000bf9a200000) (1024K)]
  0x0000026a60b79680 JavaThread "ForkJoinPool.commonPool-worker-6" daemon [_thread_blocked, id=5000, stack(0x000000bf9a300000,0x000000bf9a400000) (1024K)]
  0x0000026a60b79d10 JavaThread "ForkJoinPool.commonPool-worker-7" daemon [_thread_blocked, id=2980, stack(0x000000bf9a400000,0x000000bf9a500000) (1024K)]
  0x0000026a60b77c40 JavaThread "ForkJoinPool.commonPool-worker-10" daemon [_thread_blocked, id=19128, stack(0x000000bf9a700000,0x000000bf9a800000) (1024K)]
  0x0000026a63005690 JavaThread "ForkJoinPool.commonPool-worker-11" daemon [_thread_blocked, id=18564, stack(0x000000bf9a800000,0x000000bf9a900000) (1024K)]
  0x0000026a630070d0 JavaThread "Timer-0"                           [_thread_blocked, id=18560, stack(0x000000bf9aa00000,0x000000bf9ab00000) (1024K)]
Total: 46

Other Threads:
  0x0000026a588b10a0 VMThread "VM Thread"                           [id=21244, stack(0x000000bf96800000,0x000000bf96900000) (1024K)]
  0x0000026a1620ca00 WatcherThread "VM Periodic Task Thread"        [id=21268, stack(0x000000bf96700000,0x000000bf96800000) (1024K)]
  0x0000026a7d8af140 WorkerThread "GC Thread#0"                     [id=21272, stack(0x000000bf96600000,0x000000bf96700000) (1024K)]
  0x0000026a5e203fa0 WorkerThread "GC Thread#1"                     [id=20952, stack(0x000000bf97400000,0x000000bf97500000) (1024K)]
  0x0000026a5e669770 WorkerThread "GC Thread#2"                     [id=20964, stack(0x000000bf97500000,0x000000bf97600000) (1024K)]
  0x0000026a5e204340 WorkerThread "GC Thread#3"                     [id=20972, stack(0x000000bf97600000,0x000000bf97700000) (1024K)]
  0x0000026a5e2046e0 WorkerThread "GC Thread#4"                     [id=20956, stack(0x000000bf97700000,0x000000bf97800000) (1024K)]
  0x0000026a5e6f84e0 WorkerThread "GC Thread#5"                     [id=20976, stack(0x000000bf97800000,0x000000bf97900000) (1024K)]
  0x0000026a5e6f8880 WorkerThread "GC Thread#6"                     [id=21000, stack(0x000000bf97900000,0x000000bf97a00000) (1024K)]
  0x0000026a5e8a1940 WorkerThread "GC Thread#7"                     [id=20672, stack(0x000000bf97d00000,0x000000bf97e00000) (1024K)]
  0x0000026a5ed82570 WorkerThread "GC Thread#8"                     [id=21124, stack(0x000000bf98000000,0x000000bf98100000) (1024K)]
  0x0000026a5ed82910 WorkerThread "GC Thread#9"                     [id=14560, stack(0x000000bf98100000,0x000000bf98200000) (1024K)]
Total: 12

Threads with active compile tasks:
Total: 0

VM state: not at safepoint (normal execution)

VM Mutex/Monitor currently owned by a thread: None

Heap address: 0x0000000080000000, size: 2048 MB, Compressed Oops mode: 32-bit

CDS archive(s) mapped at: [0x0000026a17000000-0x0000026a17ba0000-0x0000026a17ba0000), size 12189696, SharedBaseAddress: 0x0000026a17000000, ArchiveRelocationMode: 1.
Compressed class space mapped at: 0x0000026a18000000-0x0000026a58000000, reserved size: 1073741824
Narrow klass base: 0x0000026a17000000, Narrow klass shift: 0, Narrow klass range: 0x100000000

GC Precious Log:
 CardTable entry size: 512
 CPUs: 12 total, 12 available
 Memory: 7916M
 Large Page Support: Disabled
 NUMA Support: Disabled
 Compressed Oops: Enabled (32-bit)
 Alignments: Space 512K, Generation 512K, Heap 2M
 Heap Min Capacity: 100M
 Heap Initial Capacity: 100M
 Heap Max Capacity: 2G
 Pre-touch: Disabled
 Parallel Workers: 10

Heap:
 PSYoungGen      total 15360K, used 10897K [0x00000000d5580000, 0x00000000d6780000, 0x0000000100000000)
  eden space 14336K, 68% used [0x00000000d5580000,0x00000000d5f27e78,0x00000000d6380000)
  from space 1024K, 98% used [0x00000000d6380000,0x00000000d647c980,0x00000000d6480000)
  to   space 2048K, 0% used [0x00000000d6580000,0x00000000d6580000,0x00000000d6780000)
 ParOldGen       total 88576K, used 88473K [0x0000000080000000, 0x0000000085680000, 0x00000000d5580000)
  object space 88576K, 99% used [0x0000000080000000,0x00000000856666b8,0x0000000085680000)
 Metaspace       used 71012K, committed 72448K, reserved 1114112K
  class space    used 8234K, committed 8896K, reserved 1048576K

Card table byte_map: [0x0000026a7d140000,0x0000026a7d550000] _byte_map_base: 0x0000026a7cd40000

Marking Bits: (ParMarkBitMap*) 0x00007ffaca03a340
 Begin Bits: [0x0000026a12130000, 0x0000026a14130000)
 End Bits:   [0x0000026a14130000, 0x0000026a16130000)

Polling page: 0x0000026a7b5f0000

Metaspace:

Usage:
  Non-class:     61.31 MB used.
      Class:      8.04 MB used.
       Both:     69.35 MB used.

Virtual space:
  Non-class space:       64.00 MB reserved,      62.06 MB ( 97%) committed,  1 nodes.
      Class space:        1.00 GB reserved,       8.69 MB ( <1%) committed,  1 nodes.
             Both:        1.06 GB reserved,      70.75 MB (  7%) committed. 

Chunk freelists:
   Non-Class:  1.78 MB
       Class:  7.29 MB
        Both:  9.07 MB

MaxMetaspaceSize: unlimited
CompressedClassSpaceSize: 1.00 GB
Initial GC threshold: 21.00 MB
Current GC threshold: 97.31 MB
CDS: on
 - commit_granule_bytes: 65536.
 - commit_granule_words: 8192.
 - virtual_space_node_default_size: 8388608.
 - enlarge_chunks_in_place: 1.
 - use_allocation_guard: 0.


Internal statistics:

num_allocs_failed_limit: 11.
num_arena_births: 1140.
num_arena_deaths: 26.
num_vsnodes_births: 2.
num_vsnodes_deaths: 0.
num_space_committed: 1132.
num_space_uncommitted: 0.
num_chunks_returned_to_freelist: 40.
num_chunks_taken_from_freelist: 4125.
num_chunk_merges: 12.
num_chunk_splits: 2619.
num_chunks_enlarged: 1619.
num_inconsistent_stats: 0.

CodeHeap 'non-profiled nmethods': size=120000Kb used=6186Kb max_used=6186Kb free=113814Kb
 bounds [0x0000026a0ac00000, 0x0000026a0b210000, 0x0000026a12130000]
CodeHeap 'profiled nmethods': size=120000Kb used=18460Kb max_used=18460Kb free=101539Kb
 bounds [0x0000026a03130000, 0x0000026a04340000, 0x0000026a0a660000]
CodeHeap 'non-nmethods': size=5760Kb used=1461Kb max_used=1534Kb free=4298Kb
 bounds [0x0000026a0a660000, 0x0000026a0a8d0000, 0x0000026a0ac00000]
CodeCache: size=245760Kb, used=26107Kb, max_used=26180Kb, free=219651Kb
 total_blobs=9598, nmethods=8823, adapters=680, full_count=0
Compilation: enabled, stopped_count=0, restarted_count=0

Compilation events (20 events):
Event: 78.362 Thread 0x0000026a588e6ad0 9544       3       java.util.TaskQueue::getMin (7 bytes)
Event: 78.363 Thread 0x0000026a588e6ad0 nmethod 9544 0x0000026a04331410 code [0x0000026a043315c0, 0x0000026a043316f8]
Event: 122.912 Thread 0x0000026a588e6ad0 9545       3       java.util.concurrent.ScheduledThreadPoolExecutor::canRunInCurrentRunState (61 bytes)
Event: 122.914 Thread 0x0000026a588e6ad0 nmethod 9545 0x0000026a04331810 code [0x0000026a04331a20, 0x0000026a043321d0]
Event: 129.215 Thread 0x0000026a588e6ad0 9546       3       java.util.logging.Logger::isLoggable (27 bytes)
Event: 129.215 Thread 0x0000026a588e6ad0 nmethod 9546 0x0000026a04332410 code [0x0000026a043325c0, 0x0000026a04332790]
Event: 142.361 Thread 0x0000026a588e6ad0 9547       3       java.util.TaskQueue::rescheduleMin (16 bytes)
Event: 142.362 Thread 0x0000026a588e6ad0 nmethod 9547 0x0000026a04332890 code [0x0000026a04332a40, 0x0000026a04332bb8]
Event: 142.362 Thread 0x0000026a588e6ad0 9548       3       java.util.TaskQueue::fixDown (108 bytes)
Event: 142.362 Thread 0x0000026a588e6ad0 nmethod 9548 0x0000026a04332d10 code [0x0000026a04332f00, 0x0000026a043334e0]
Event: 142.365 Thread 0x0000026a588e6ad0 9549       3       org.eclipse.buildship.core.internal.util.progress.RateLimitingProgressMonitor$1::run (55 bytes)
Event: 142.369 Thread 0x0000026a588e6ad0 nmethod 9549 0x0000026a04333790 code [0x0000026a04333b60, 0x0000026a04335720]
Event: 159.642 Thread 0x0000026a588e6ad0 9550       1       java.util.concurrent.ThreadPoolExecutor::getQueue (5 bytes)
Event: 159.642 Thread 0x0000026a588e6ad0 nmethod 9550 0x0000026a0b20a510 code [0x0000026a0b20a6a0, 0x0000026a0b20a768]
Event: 189.658 Thread 0x0000026a588e6ad0 9551       3       java.util.concurrent.locks.AbstractQueuedSynchronizer$ConditionObject::canReacquire (38 bytes)
Event: 189.660 Thread 0x0000026a588e6ad0 nmethod 9551 0x0000026a04335f10 code [0x0000026a043360e0, 0x0000026a04336428]
Event: 239.675 Thread 0x0000026a588e6ad0 9552   !   3       java.util.concurrent.locks.AbstractQueuedSynchronizer::tryInitializeHead (66 bytes)
Event: 239.676 Thread 0x0000026a588e6ad0 nmethod 9552 0x0000026a04336590 code [0x0000026a04336780, 0x0000026a04336ca8]
Event: 242.919 Thread 0x0000026a588e6ad0 9553       3       java.util.concurrent.locks.AbstractQueuedSynchronizer$Node::clearStatus (12 bytes)
Event: 242.920 Thread 0x0000026a588e6ad0 nmethod 9553 0x0000026a04336e90 code [0x0000026a04337040, 0x0000026a043371a0]

GC Heap History (20 events):
Event: 46.266 GC heap before
{Heap before GC invocations=103 (full 3):
 PSYoungGen      total 15360K, used 14720K [0x00000000d5580000, 0x00000000d6500000, 0x0000000100000000)
  eden space 14336K, 100% used [0x00000000d5580000,0x00000000d6380000,0x00000000d6380000)
  from space 1024K, 37% used [0x00000000d6380000,0x00000000d63e0000,0x00000000d6480000)
  to   space 512K, 0% used [0x00000000d6480000,0x00000000d6480000,0x00000000d6500000)
 ParOldGen       total 83968K, used 83515K [0x0000000080000000, 0x0000000085200000, 0x00000000d5580000)
  object space 83968K, 99% used [0x0000000080000000,0x000000008518ece8,0x0000000085200000)
 Metaspace       used 68810K, committed 70272K, reserved 1114112K
  class space    used 8004K, committed 8640K, reserved 1048576K
}
Event: 46.272 GC heap after
{Heap after GC invocations=103 (full 3):
 PSYoungGen      total 14848K, used 416K [0x00000000d5580000, 0x00000000d6500000, 0x0000000100000000)
  eden space 14336K, 0% used [0x00000000d5580000,0x00000000d5580000,0x00000000d6380000)
  from space 512K, 81% used [0x00000000d6480000,0x00000000d64e8000,0x00000000d6500000)
  to   space 512K, 0% used [0x00000000d6400000,0x00000000d6400000,0x00000000d6480000)
 ParOldGen       total 84992K, used 84507K [0x0000000080000000, 0x0000000085300000, 0x00000000d5580000)
  object space 84992K, 99% used [0x0000000080000000,0x0000000085286ce8,0x0000000085300000)
 Metaspace       used 68810K, committed 70272K, reserved 1114112K
  class space    used 8004K, committed 8640K, reserved 1048576K
}
Event: 46.354 GC heap before
{Heap before GC invocations=104 (full 3):
 PSYoungGen      total 14848K, used 14752K [0x00000000d5580000, 0x00000000d6500000, 0x0000000100000000)
  eden space 14336K, 100% used [0x00000000d5580000,0x00000000d6380000,0x00000000d6380000)
  from space 512K, 81% used [0x00000000d6480000,0x00000000d64e8000,0x00000000d6500000)
  to   space 512K, 0% used [0x00000000d6400000,0x00000000d6400000,0x00000000d6480000)
 ParOldGen       total 84992K, used 84507K [0x0000000080000000, 0x0000000085300000, 0x00000000d5580000)
  object space 84992K, 99% used [0x0000000080000000,0x0000000085286ce8,0x0000000085300000)
 Metaspace       used 68811K, committed 70272K, reserved 1114112K
  class space    used 8004K, committed 8640K, reserved 1048576K
}
Event: 46.357 GC heap after
{Heap after GC invocations=104 (full 3):
 PSYoungGen      total 14848K, used 448K [0x00000000d5580000, 0x00000000d6500000, 0x0000000100000000)
  eden space 14336K, 0% used [0x00000000d5580000,0x00000000d5580000,0x00000000d6380000)
  from space 512K, 87% used [0x00000000d6400000,0x00000000d6470000,0x00000000d6480000)
  to   space 512K, 0% used [0x00000000d6480000,0x00000000d6480000,0x00000000d6500000)
 ParOldGen       total 84992K, used 84763K [0x0000000080000000, 0x0000000085300000, 0x00000000d5580000)
  object space 84992K, 99% used [0x0000000080000000,0x00000000852c6ce8,0x0000000085300000)
 Metaspace       used 68811K, committed 70272K, reserved 1114112K
  class space    used 8004K, committed 8640K, reserved 1048576K
}
Event: 46.421 GC heap before
{Heap before GC invocations=105 (full 3):
 PSYoungGen      total 14848K, used 14784K [0x00000000d5580000, 0x00000000d6500000, 0x0000000100000000)
  eden space 14336K, 100% used [0x00000000d5580000,0x00000000d6380000,0x00000000d6380000)
  from space 512K, 87% used [0x00000000d6400000,0x00000000d6470000,0x00000000d6480000)
  to   space 512K, 0% used [0x00000000d6480000,0x00000000d6480000,0x00000000d6500000)
 ParOldGen       total 84992K, used 84763K [0x0000000080000000, 0x0000000085300000, 0x00000000d5580000)
  object space 84992K, 99% used [0x0000000080000000,0x00000000852c6ce8,0x0000000085300000)
 Metaspace       used 68812K, committed 70272K, reserved 1114112K
  class space    used 8004K, committed 8640K, reserved 1048576K
}
Event: 46.425 GC heap after
{Heap after GC invocations=105 (full 3):
 PSYoungGen      total 14848K, used 512K [0x00000000d5580000, 0x00000000d6580000, 0x0000000100000000)
  eden space 14336K, 0% used [0x00000000d5580000,0x00000000d5580000,0x00000000d6380000)
  from space 512K, 100% used [0x00000000d6480000,0x00000000d6500000,0x00000000d6500000)
  to   space 1024K, 0% used [0x00000000d6380000,0x00000000d6380000,0x00000000d6480000)
 ParOldGen       total 85504K, used 85115K [0x0000000080000000, 0x0000000085380000, 0x00000000d5580000)
  object space 85504K, 99% used [0x0000000080000000,0x000000008531ece8,0x0000000085380000)
 Metaspace       used 68812K, committed 70272K, reserved 1114112K
  class space    used 8004K, committed 8640K, reserved 1048576K
}
Event: 46.496 GC heap before
{Heap before GC invocations=106 (full 3):
 PSYoungGen      total 14848K, used 14848K [0x00000000d5580000, 0x00000000d6580000, 0x0000000100000000)
  eden space 14336K, 100% used [0x00000000d5580000,0x00000000d6380000,0x00000000d6380000)
  from space 512K, 100% used [0x00000000d6480000,0x00000000d6500000,0x00000000d6500000)
  to   space 1024K, 0% used [0x00000000d6380000,0x00000000d6380000,0x00000000d6480000)
 ParOldGen       total 85504K, used 85115K [0x0000000080000000, 0x0000000085380000, 0x00000000d5580000)
  object space 85504K, 99% used [0x0000000080000000,0x000000008531ece8,0x0000000085380000)
 Metaspace       used 68812K, committed 70272K, reserved 1114112K
  class space    used 8004K, committed 8640K, reserved 1048576K
}
Event: 46.499 GC heap after
{Heap after GC invocations=106 (full 3):
 PSYoungGen      total 15360K, used 640K [0x00000000d5580000, 0x00000000d6580000, 0x0000000100000000)
  eden space 14336K, 0% used [0x00000000d5580000,0x00000000d5580000,0x00000000d6380000)
  from space 1024K, 62% used [0x00000000d6380000,0x00000000d6420000,0x00000000d6480000)
  to   space 1024K, 0% used [0x00000000d6480000,0x00000000d6480000,0x00000000d6580000)
 ParOldGen       total 86016K, used 85667K [0x0000000080000000, 0x0000000085400000, 0x00000000d5580000)
  object space 86016K, 99% used [0x0000000080000000,0x00000000853a8cf8,0x0000000085400000)
 Metaspace       used 68812K, committed 70272K, reserved 1114112K
  class space    used 8004K, committed 8640K, reserved 1048576K
}
Event: 46.568 GC heap before
{Heap before GC invocations=107 (full 3):
 PSYoungGen      total 15360K, used 14976K [0x00000000d5580000, 0x00000000d6580000, 0x0000000100000000)
  eden space 14336K, 100% used [0x00000000d5580000,0x00000000d6380000,0x00000000d6380000)
  from space 1024K, 62% used [0x00000000d6380000,0x00000000d6420000,0x00000000d6480000)
  to   space 1024K, 0% used [0x00000000d6480000,0x00000000d6480000,0x00000000d6580000)
 ParOldGen       total 86016K, used 85667K [0x0000000080000000, 0x0000000085400000, 0x00000000d5580000)
  object space 86016K, 99% used [0x0000000080000000,0x00000000853a8cf8,0x0000000085400000)
 Metaspace       used 68812K, committed 70272K, reserved 1114112K
  class space    used 8004K, committed 8640K, reserved 1048576K
}
Event: 46.571 GC heap after
{Heap after GC invocations=107 (full 3):
 PSYoungGen      total 14848K, used 384K [0x00000000d5580000, 0x00000000d6500000, 0x0000000100000000)
  eden space 14336K, 0% used [0x00000000d5580000,0x00000000d5580000,0x00000000d6380000)
  from space 512K, 75% used [0x00000000d6480000,0x00000000d64e0000,0x00000000d6500000)
  to   space 512K, 0% used [0x00000000d6400000,0x00000000d6400000,0x00000000d6480000)
 ParOldGen       total 86528K, used 86168K [0x0000000080000000, 0x0000000085480000, 0x00000000d5580000)
  object space 86528K, 99% used [0x0000000080000000,0x0000000085426050,0x0000000085480000)
 Metaspace       used 68812K, committed 70272K, reserved 1114112K
  class space    used 8004K, committed 8640K, reserved 1048576K
}
Event: 46.686 GC heap before
{Heap before GC invocations=108 (full 3):
 PSYoungGen      total 14848K, used 14720K [0x00000000d5580000, 0x00000000d6500000, 0x0000000100000000)
  eden space 14336K, 100% used [0x00000000d5580000,0x00000000d6380000,0x00000000d6380000)
  from space 512K, 75% used [0x00000000d6480000,0x00000000d64e0000,0x00000000d6500000)
  to   space 512K, 0% used [0x00000000d6400000,0x00000000d6400000,0x00000000d6480000)
 ParOldGen       total 86528K, used 86168K [0x0000000080000000, 0x0000000085480000, 0x00000000d5580000)
  object space 86528K, 99% used [0x0000000080000000,0x0000000085426050,0x0000000085480000)
 Metaspace       used 68816K, committed 70272K, reserved 1114112K
  class space    used 8004K, committed 8640K, reserved 1048576K
}
Event: 46.691 GC heap after
{Heap after GC invocations=108 (full 3):
 PSYoungGen      total 14848K, used 482K [0x00000000d5580000, 0x00000000d6580000, 0x0000000100000000)
  eden space 14336K, 0% used [0x00000000d5580000,0x00000000d5580000,0x00000000d6380000)
  from space 512K, 94% used [0x00000000d6400000,0x00000000d6478bf0,0x00000000d6480000)
  to   space 1024K, 0% used [0x00000000d6480000,0x00000000d6480000,0x00000000d6580000)
 ParOldGen       total 86528K, used 86464K [0x0000000080000000, 0x0000000085480000, 0x00000000d5580000)
  object space 86528K, 99% used [0x0000000080000000,0x0000000085470050,0x0000000085480000)
 Metaspace       used 68816K, committed 70272K, reserved 1114112K
  class space    used 8004K, committed 8640K, reserved 1048576K
}
Event: 47.149 GC heap before
{Heap before GC invocations=109 (full 3):
 PSYoungGen      total 14848K, used 14818K [0x00000000d5580000, 0x00000000d6580000, 0x0000000100000000)
  eden space 14336K, 100% used [0x00000000d5580000,0x00000000d6380000,0x00000000d6380000)
  from space 512K, 94% used [0x00000000d6400000,0x00000000d6478bf0,0x00000000d6480000)
  to   space 1024K, 0% used [0x00000000d6480000,0x00000000d6480000,0x00000000d6580000)
 ParOldGen       total 86528K, used 86464K [0x0000000080000000, 0x0000000085480000, 0x00000000d5580000)
  object space 86528K, 99% used [0x0000000080000000,0x0000000085470050,0x0000000085480000)
 Metaspace       used 68818K, committed 70272K, reserved 1114112K
  class space    used 8004K, committed 8640K, reserved 1048576K
}
Event: 47.152 GC heap after
{Heap after GC invocations=109 (full 3):
 PSYoungGen      total 15360K, used 663K [0x00000000d5580000, 0x00000000d6580000, 0x0000000100000000)
  eden space 14336K, 0% used [0x00000000d5580000,0x00000000d5580000,0x00000000d6380000)
  from space 1024K, 64% used [0x00000000d6480000,0x00000000d6525f38,0x00000000d6580000)
  to   space 1024K, 0% used [0x00000000d6380000,0x00000000d6380000,0x00000000d6480000)
 ParOldGen       total 87040K, used 86889K [0x0000000080000000, 0x0000000085500000, 0x00000000d5580000)
  object space 87040K, 99% used [0x0000000080000000,0x00000000854da5a8,0x0000000085500000)
 Metaspace       used 68818K, committed 70272K, reserved 1114112K
  class space    used 8004K, committed 8640K, reserved 1048576K
}
Event: 49.909 GC heap before
{Heap before GC invocations=110 (full 3):
 PSYoungGen      total 15360K, used 14999K [0x00000000d5580000, 0x00000000d6580000, 0x0000000100000000)
  eden space 14336K, 100% used [0x00000000d5580000,0x00000000d6380000,0x00000000d6380000)
  from space 1024K, 64% used [0x00000000d6480000,0x00000000d6525f38,0x00000000d6580000)
  to   space 1024K, 0% used [0x00000000d6380000,0x00000000d6380000,0x00000000d6480000)
 ParOldGen       total 87040K, used 86889K [0x0000000080000000, 0x0000000085500000, 0x00000000d5580000)
  object space 87040K, 99% used [0x0000000080000000,0x00000000854da5a8,0x0000000085500000)
 Metaspace       used 68818K, committed 70272K, reserved 1114112K
  class space    used 8004K, committed 8640K, reserved 1048576K
}
Event: 49.912 GC heap after
{Heap after GC invocations=110 (full 3):
 PSYoungGen      total 15360K, used 448K [0x00000000d5580000, 0x00000000d6580000, 0x0000000100000000)
  eden space 14336K, 0% used [0x00000000d5580000,0x00000000d5580000,0x00000000d6380000)
  from space 1024K, 43% used [0x00000000d6380000,0x00000000d63f0000,0x00000000d6480000)
  to   space 1024K, 0% used [0x00000000d6480000,0x00000000d6480000,0x00000000d6580000)
 ParOldGen       total 87552K, used 87397K [0x0000000080000000, 0x0000000085580000, 0x00000000d5580000)
  object space 87552K, 99% used [0x0000000080000000,0x00000000855595f8,0x0000000085580000)
 Metaspace       used 68818K, committed 70272K, reserved 1114112K
  class space    used 8004K, committed 8640K, reserved 1048576K
}
Event: 51.523 GC heap before
{Heap before GC invocations=111 (full 3):
 PSYoungGen      total 15360K, used 14784K [0x00000000d5580000, 0x00000000d6580000, 0x0000000100000000)
  eden space 14336K, 100% used [0x00000000d5580000,0x00000000d6380000,0x00000000d6380000)
  from space 1024K, 43% used [0x00000000d6380000,0x00000000d63f0000,0x00000000d6480000)
  to   space 1024K, 0% used [0x00000000d6480000,0x00000000d6480000,0x00000000d6580000)
 ParOldGen       total 87552K, used 87397K [0x0000000080000000, 0x0000000085580000, 0x00000000d5580000)
  object space 87552K, 99% used [0x0000000080000000,0x00000000855595f8,0x0000000085580000)
 Metaspace       used 69518K, committed 70912K, reserved 1114112K
  class space    used 8083K, committed 8704K, reserved 1048576K
}
Event: 51.526 GC heap after
{Heap after GC invocations=111 (full 3):
 PSYoungGen      total 15360K, used 852K [0x00000000d5580000, 0x00000000d6580000, 0x0000000100000000)
  eden space 14336K, 0% used [0x00000000d5580000,0x00000000d5580000,0x00000000d6380000)
  from space 1024K, 83% used [0x00000000d6480000,0x00000000d6555200,0x00000000d6580000)
  to   space 1024K, 0% used [0x00000000d6380000,0x00000000d6380000,0x00000000d6480000)
 ParOldGen       total 88064K, used 87676K [0x0000000080000000, 0x0000000085600000, 0x00000000d5580000)
  object space 88064K, 99% used [0x0000000080000000,0x000000008559f2c0,0x0000000085600000)
 Metaspace       used 69518K, committed 70912K, reserved 1114112K
  class space    used 8083K, committed 8704K, reserved 1048576K
}
Event: 52.324 GC heap before
{Heap before GC invocations=112 (full 3):
 PSYoungGen      total 15360K, used 15188K [0x00000000d5580000, 0x00000000d6580000, 0x0000000100000000)
  eden space 14336K, 100% used [0x00000000d5580000,0x00000000d6380000,0x00000000d6380000)
  from space 1024K, 83% used [0x00000000d6480000,0x00000000d6555200,0x00000000d6580000)
  to   space 1024K, 0% used [0x00000000d6380000,0x00000000d6380000,0x00000000d6480000)
 ParOldGen       total 88064K, used 87676K [0x0000000080000000, 0x0000000085600000, 0x00000000d5580000)
  object space 88064K, 99% used [0x0000000080000000,0x000000008559f2c0,0x0000000085600000)
 Metaspace       used 70439K, committed 71872K, reserved 1114112K
  class space    used 8178K, committed 8832K, reserved 1048576K
}
Event: 52.335 GC heap after
{Heap after GC invocations=112 (full 3):
 PSYoungGen      total 15360K, used 1010K [0x00000000d5580000, 0x00000000d6780000, 0x0000000100000000)
  eden space 14336K, 0% used [0x00000000d5580000,0x00000000d5580000,0x00000000d6380000)
  from space 1024K, 98% used [0x00000000d6380000,0x00000000d647c980,0x00000000d6480000)
  to   space 2048K, 0% used [0x00000000d6580000,0x00000000d6580000,0x00000000d6780000)
 ParOldGen       total 88576K, used 88473K [0x0000000080000000, 0x0000000085680000, 0x00000000d5580000)
  object space 88576K, 99% used [0x0000000080000000,0x00000000856666b8,0x0000000085680000)
 Metaspace       used 70439K, committed 71872K, reserved 1114112K
  class space    used 8178K, committed 8832K, reserved 1048576K
}

Dll operation events (15 events):
Event: 0.029 Loaded shared library c:\Users\najja\.vscode\extensions\redhat.java-1.46.0-win32-x64\jre\21.0.8-win32-x86_64\bin\java.dll
Event: 0.170 Loaded shared library c:\Users\najja\.vscode\extensions\redhat.java-1.46.0-win32-x64\jre\21.0.8-win32-x86_64\bin\zip.dll
Event: 0.210 Loaded shared library C:\Users\najja\.vscode\extensions\redhat.java-1.46.0-win32-x64\jre\21.0.8-win32-x86_64\bin\instrument.dll
Event: 0.219 Loaded shared library C:\Users\najja\.vscode\extensions\redhat.java-1.46.0-win32-x64\jre\21.0.8-win32-x86_64\bin\net.dll
Event: 0.225 Loaded shared library C:\Users\najja\.vscode\extensions\redhat.java-1.46.0-win32-x64\jre\21.0.8-win32-x86_64\bin\nio.dll
Event: 0.231 Loaded shared library C:\Users\najja\.vscode\extensions\redhat.java-1.46.0-win32-x64\jre\21.0.8-win32-x86_64\bin\zip.dll
Event: 0.268 Loaded shared library C:\Users\najja\.vscode\extensions\redhat.java-1.46.0-win32-x64\jre\21.0.8-win32-x86_64\bin\jimage.dll
Event: 0.430 Loaded shared library c:\Users\najja\.vscode\extensions\redhat.java-1.46.0-win32-x64\jre\21.0.8-win32-x86_64\bin\verify.dll
Event: 3.048 Loaded shared library C:\Users\najja\AppData\Roaming\Code\User\globalStorage\redhat.java\1.46.0\config_win\org.eclipse.equinox.launcher\org.eclipse.equinox.launcher.win32.win32.x86_64_1.2.1400.v20250801-0854\eclipse_11916.dll
Event: 5.753 Loaded shared library C:\Users\najja\AppData\Local\Temp\jna-104582286\jna4484828481224461305.dll
Event: 16.172 Loaded shared library C:\Users\najja\.gradle\native\1def1411415f61bf3af743bc5b6707747c0891f09f0c88961ee8f79bc544acac\windows-amd64\native-platform.dll
Event: 20.444 Loaded shared library C:\Users\najja\.vscode\extensions\redhat.java-1.46.0-win32-x64\jre\21.0.8-win32-x86_64\bin\management.dll
Event: 20.451 Loaded shared library C:\Users\najja\.vscode\extensions\redhat.java-1.46.0-win32-x64\jre\21.0.8-win32-x86_64\bin\management_ext.dll
Event: 20.695 Loaded shared library C:\Users\najja\.vscode\extensions\redhat.java-1.46.0-win32-x64\jre\21.0.8-win32-x86_64\bin\sunmscapi.dll
Event: 21.309 Loaded shared library C:\Users\najja\.vscode\extensions\redhat.java-1.46.0-win32-x64\jre\21.0.8-win32-x86_64\bin\extnet.dll

Deoptimization events (20 events):
Event: 52.818 Thread 0x0000026a5edcbcd0 DEOPT PACKING pc=0x0000026a0b1d3b48 sp=0x000000bf984fc920
Event: 52.818 Thread 0x0000026a5edcbcd0 DEOPT UNPACKING pc=0x0000026a0a6b3aa2 sp=0x000000bf984fc8c8 mode 2
Event: 52.829 Thread 0x0000026a5edcbcd0 Uncommon trap: trap_request=0xffffffde fr.pc=0x0000026a0b1c6de0 relative=0x0000000000001fe0
Event: 52.829 Thread 0x0000026a5edcbcd0 Uncommon trap: reason=class_check action=maybe_recompile pc=0x0000026a0b1c6de0 method=org.eclipse.jdt.internal.core.JavaModelCache.getInfo(Lorg/eclipse/jdt/core/IJavaElement;)Lorg/eclipse/jdt/internal/compiler/env/IElementInfo; @ 138 c2
Event: 52.829 Thread 0x0000026a5edcbcd0 DEOPT PACKING pc=0x0000026a0b1c6de0 sp=0x000000bf984fcc60
Event: 52.829 Thread 0x0000026a5edcbcd0 DEOPT UNPACKING pc=0x0000026a0a6b3aa2 sp=0x000000bf984fcc38 mode 2
Event: 52.829 Thread 0x0000026a5edcbcd0 Uncommon trap: trap_request=0xffffffde fr.pc=0x0000026a0b1c6de0 relative=0x0000000000001fe0
Event: 52.829 Thread 0x0000026a5edcbcd0 Uncommon trap: reason=class_check action=maybe_recompile pc=0x0000026a0b1c6de0 method=org.eclipse.jdt.internal.core.JavaModelCache.getInfo(Lorg/eclipse/jdt/core/IJavaElement;)Lorg/eclipse/jdt/internal/compiler/env/IElementInfo; @ 138 c2
Event: 52.829 Thread 0x0000026a5edcbcd0 DEOPT PACKING pc=0x0000026a0b1c6de0 sp=0x000000bf984fd0a0
Event: 52.830 Thread 0x0000026a5edcbcd0 DEOPT UNPACKING pc=0x0000026a0a6b3aa2 sp=0x000000bf984fd078 mode 2
Event: 52.842 Thread 0x0000026a5edcbcd0 DEOPT PACKING pc=0x0000026a0427fa22 sp=0x000000bf984fc0f0
Event: 52.843 Thread 0x0000026a5edcbcd0 DEOPT UNPACKING pc=0x0000026a0a6b4242 sp=0x000000bf984fb518 mode 0
Event: 52.868 Thread 0x0000026a5edcbcd0 Uncommon trap: trap_request=0xffffffd6 fr.pc=0x0000026a0b1d3b48 relative=0x00000000000006e8
Event: 52.868 Thread 0x0000026a5edcbcd0 Uncommon trap: reason=array_check action=maybe_recompile pc=0x0000026a0b1d3b48 method=java.util.TimSort.binarySort([Ljava/lang/Object;IIILjava/util/Comparator;)V @ 183 c2
Event: 52.868 Thread 0x0000026a5edcbcd0 DEOPT PACKING pc=0x0000026a0b1d3b48 sp=0x000000bf984fe450
Event: 52.868 Thread 0x0000026a5edcbcd0 DEOPT UNPACKING pc=0x0000026a0a6b3aa2 sp=0x000000bf984fe3f8 mode 2
Event: 52.991 Thread 0x0000026a5edcbcd0 Uncommon trap: trap_request=0xffffff45 fr.pc=0x0000026a0b0c3238 relative=0x0000000000000098
Event: 52.991 Thread 0x0000026a5edcbcd0 Uncommon trap: reason=unstable_if action=reinterpret pc=0x0000026a0b0c3238 method=java.util.Hashtable$Enumerator.nextElement()Ljava/lang/Object; @ 87 c2
Event: 52.991 Thread 0x0000026a5edcbcd0 DEOPT PACKING pc=0x0000026a0b0c3238 sp=0x000000bf984fe8e0
Event: 52.991 Thread 0x0000026a5edcbcd0 DEOPT UNPACKING pc=0x0000026a0a6b3aa2 sp=0x000000bf984fe860 mode 2

Classes loaded (20 events):
Event: 32.846 Loading class sun/util/resources/OpenListResourceBundle
Event: 32.846 Loading class sun/util/resources/OpenListResourceBundle done
Event: 32.846 Loading class sun/util/resources/TimeZoneNamesBundle done
Event: 32.846 Loading class sun/util/resources/cldr/TimeZoneNames done
Event: 32.847 Loading class sun/util/resources/cldr/TimeZoneNames_en
Event: 32.853 Loading class sun/util/resources/cldr/TimeZoneNames_en done
Event: 32.853 Loading class sun/util/resources/cldr/TimeZoneNames_en_US
Event: 32.853 Loading class sun/util/resources/cldr/TimeZoneNames_en_US done
Event: 32.856 Loading class sun/util/cldr/CLDRBaseLocaleDataMetaInfo$TZCanonicalIDMapHolder
Event: 32.859 Loading class sun/util/cldr/CLDRBaseLocaleDataMetaInfo$TZCanonicalIDMapHolder done
Event: 32.863 Loading class sun/util/resources/TimeZoneNames
Event: 32.866 Loading class sun/util/resources/TimeZoneNames done
Event: 32.866 Loading class sun/util/resources/TimeZoneNames_en
Event: 32.866 Loading class sun/util/resources/TimeZoneNames_en done
Event: 51.461 Loading class java/util/HashMap$EntrySpliterator
Event: 51.461 Loading class java/util/HashMap$EntrySpliterator done
Event: 51.506 Loading class java/util/stream/ReduceOps$4
Event: 51.506 Loading class java/util/stream/ReduceOps$4 done
Event: 51.507 Loading class java/util/stream/ReduceOps$4ReducingSink
Event: 51.507 Loading class java/util/stream/ReduceOps$4ReducingSink done

Classes unloaded (13 events):
Event: 6.822 Thread 0x0000026a588b10a0 Unloading class 0x0000026a181a5400 'java/lang/invoke/LambdaForm$MH+0x0000026a181a5400'
Event: 6.822 Thread 0x0000026a588b10a0 Unloading class 0x0000026a181a5000 'java/lang/invoke/LambdaForm$MH+0x0000026a181a5000'
Event: 6.822 Thread 0x0000026a588b10a0 Unloading class 0x0000026a181a4c00 'java/lang/invoke/LambdaForm$MH+0x0000026a181a4c00'
Event: 6.822 Thread 0x0000026a588b10a0 Unloading class 0x0000026a181a4800 'java/lang/invoke/LambdaForm$MH+0x0000026a181a4800'
Event: 6.822 Thread 0x0000026a588b10a0 Unloading class 0x0000026a181a4400 'java/lang/invoke/LambdaForm$BMH+0x0000026a181a4400'
Event: 6.822 Thread 0x0000026a588b10a0 Unloading class 0x0000026a181a4000 'java/lang/invoke/LambdaForm$DMH+0x0000026a181a4000'
Event: 6.822 Thread 0x0000026a588b10a0 Unloading class 0x0000026a181a2c00 'java/lang/invoke/LambdaForm$DMH+0x0000026a181a2c00'
Event: 9.443 Thread 0x0000026a588b10a0 Unloading class 0x0000026a1830b800 'java/lang/invoke/LambdaForm$MH+0x0000026a1830b800'
Event: 9.443 Thread 0x0000026a588b10a0 Unloading class 0x0000026a1830b000 'java/lang/invoke/LambdaForm$MH+0x0000026a1830b000'
Event: 9.443 Thread 0x0000026a588b10a0 Unloading class 0x0000026a18302c00 'java/lang/invoke/LambdaForm$MH+0x0000026a18302c00'
Event: 9.443 Thread 0x0000026a588b10a0 Unloading class 0x0000026a18301c00 'java/lang/invoke/LambdaForm$MH+0x0000026a18301c00'
Event: 9.443 Thread 0x0000026a588b10a0 Unloading class 0x0000026a18301400 'java/lang/invoke/LambdaForm$MH+0x0000026a18301400'
Event: 9.443 Thread 0x0000026a588b10a0 Unloading class 0x0000026a18300800 'java/lang/invoke/LambdaForm$MH+0x0000026a18300800'

Classes redefined (0 events):
No events

Internal exceptions (20 events):
Event: 25.674 Thread 0x0000026a5e4303c0 Exception <a 'java/io/FileNotFoundException'{0x00000000d5c8e5b8}> (0x00000000d5c8e5b8) 
thrown [s\src\hotspot\share\prims\jni.cpp, line 520]
Event: 25.674 Thread 0x0000026a5e4303c0 Exception <a 'java/io/FileNotFoundException'{0x00000000d5c8f338}> (0x00000000d5c8f338) 
thrown [s\src\hotspot\share\prims\jni.cpp, line 520]
Event: 25.698 Thread 0x0000026a5e4303c0 Exception <a 'sun/nio/fs/WindowsException'{0x00000000d5cfd598}> (0x00000000d5cfd598) 
thrown [s\src\hotspot\share\prims\jni.cpp, line 520]
Event: 25.698 Thread 0x0000026a5e4303c0 Exception <a 'sun/nio/fs/WindowsException'{0x00000000d5cfdbc8}> (0x00000000d5cfdbc8) 
thrown [s\src\hotspot\share\prims\jni.cpp, line 520]
Event: 25.739 Thread 0x0000026a60b7aa30 Exception <a 'sun/nio/fs/WindowsException'{0x00000000d5df1450}> (0x00000000d5df1450) 
thrown [s\src\hotspot\share\prims\jni.cpp, line 520]
Event: 25.739 Thread 0x0000026a60b7aa30 Exception <a 'sun/nio/fs/WindowsException'{0x00000000d5df1d50}> (0x00000000d5df1d50) 
thrown [s\src\hotspot\share\prims\jni.cpp, line 520]
Event: 25.740 Thread 0x0000026a60b7aa30 Exception <a 'sun/nio/fs/WindowsException'{0x00000000d5df2a38}> (0x00000000d5df2a38) 
thrown [s\src\hotspot\share\prims\jni.cpp, line 520]
Event: 25.740 Thread 0x0000026a60b7aa30 Exception <a 'sun/nio/fs/WindowsException'{0x00000000d5df3318}> (0x00000000d5df3318) 
thrown [s\src\hotspot\share\prims\jni.cpp, line 520]
Event: 25.741 Thread 0x0000026a60b7aa30 Exception <a 'sun/nio/fs/WindowsException'{0x00000000d5e13c88}> (0x00000000d5e13c88) 
thrown [s\src\hotspot\share\prims\jni.cpp, line 520]
Event: 25.741 Thread 0x0000026a60b7aa30 Exception <a 'sun/nio/fs/WindowsException'{0x00000000d5e14568}> (0x00000000d5e14568) 
thrown [s\src\hotspot\share\prims\jni.cpp, line 520]
Event: 25.922 Thread 0x0000026a5edcb640 Exception <a 'java/lang/NoSuchMethodError'{0x00000000d5635c38}: 'java.lang.Object java.lang.invoke.DirectMethodHandle$Holder.invokeSpecial(java.lang.Object, java.lang.Object, int, long)'> (0x00000000d5635c38) 
thrown [s\src\hotspot\share\interpreter\linkResolver.cpp, line 773]
Event: 26.878 Thread 0x0000026a5e4303c0 Implicit null exception at 0x0000026a0b068fa6 to 0x0000026a0b069574
Event: 27.209 Thread 0x0000026a5edcbcd0 Implicit null exception at 0x0000026a0b112d48 to 0x0000026a0b113718
Event: 27.211 Thread 0x0000026a5edcbcd0 Implicit null exception at 0x0000026a0b0f0228 to 0x0000026a0b0f0ad4
Event: 51.513 Thread 0x0000026a5edcbcd0 Exception <a 'java/lang/NoSuchMethodError'{0x00000000d635fd40}: 'int java.lang.invoke.DirectMethodHandle$Holder.invokeSpecialIFC(java.lang.Object, java.lang.Object, java.lang.Object)'> (0x00000000d635fd40) 
thrown [s\src\hotspot\share\interpreter\linkResolver.cpp, line 773]
Event: 51.626 Thread 0x0000026a5e4303c0 Exception <a 'java/lang/NoSuchMethodError'{0x00000000d58b1c68}: 'java.lang.Object java.lang.invoke.DirectMethodHandle$Holder.invokeStatic(java.lang.Object, java.lang.Object, int, java.lang.Object)'> (0x00000000d58b1c68) 
thrown [s\src\hotspot\share\interpreter\linkResolver.cpp, line 773]
Event: 51.628 Thread 0x0000026a5e4303c0 Exception <a 'java/lang/NoSuchMethodError'{0x00000000d58b86e8}: 'java.lang.Object java.lang.invoke.DirectMethodHandle$Holder.newInvokeSpecial(java.lang.Object, java.lang.Object, int)'> (0x00000000d58b86e8) 
thrown [s\src\hotspot\share\interpreter\linkResolver.cpp, line 773]
Event: 52.682 Thread 0x0000026a5edcbcd0 Exception <a 'java/io/FileNotFoundException'{0x00000000d58d9bc8}> (0x00000000d58d9bc8) 
thrown [s\src\hotspot\share\prims\jni.cpp, line 520]
Event: 52.683 Thread 0x0000026a5edcbcd0 Exception <a 'java/io/FileNotFoundException'{0x00000000d58dabe0}> (0x00000000d58dabe0) 
thrown [s\src\hotspot\share\prims\jni.cpp, line 520]
Event: 52.684 Thread 0x0000026a5edcbcd0 Exception <a 'java/io/FileNotFoundException'{0x00000000d58db948}> (0x00000000d58db948) 
thrown [s\src\hotspot\share\prims\jni.cpp, line 520]

ZGC Phase Switch (0 events):
No events

VM Operations (20 events):
Event: 47.149 Executing VM operation: ParallelGCFailedAllocation (Allocation Failure)
Event: 47.152 Executing VM operation: ParallelGCFailedAllocation (Allocation Failure) done
Event: 49.909 Executing VM operation: ParallelGCFailedAllocation (Allocation Failure)
Event: 49.912 Executing VM operation: ParallelGCFailedAllocation (Allocation Failure) done
Event: 50.912 Executing VM operation: Cleanup
Event: 50.912 Executing VM operation: Cleanup done
Event: 51.384 Executing VM operation: HandshakeAllThreads (Deoptimize)
Event: 51.384 Executing VM operation: HandshakeAllThreads (Deoptimize) done
Event: 51.523 Executing VM operation: ParallelGCFailedAllocation (Allocation Failure)
Event: 51.526 Executing VM operation: ParallelGCFailedAllocation (Allocation Failure) done
Event: 52.283 Executing VM operation: ICBufferFull
Event: 52.284 Executing VM operation: ICBufferFull done
Event: 52.324 Executing VM operation: ParallelGCFailedAllocation (Allocation Failure)
Event: 52.335 Executing VM operation: ParallelGCFailedAllocation (Allocation Failure) done
Event: 53.335 Executing VM operation: Cleanup
Event: 53.336 Executing VM operation: Cleanup done
Event: 60.266 Executing VM operation: HandshakeAllThreads (HandshakeForDeflation)
Event: 60.266 Executing VM operation: HandshakeAllThreads (HandshakeForDeflation) done
Event: 60.266 Executing VM operation: RendezvousGCThreads
Event: 60.267 Executing VM operation: RendezvousGCThreads done

Memory protections (0 events):
No events

Nmethod flushes (20 events):
Event: 21.199 Thread 0x0000026a588b10a0 flushing  nmethod 0x0000026a039c6c90
Event: 21.199 Thread 0x0000026a588b10a0 flushing  nmethod 0x0000026a039c7090
Event: 21.199 Thread 0x0000026a588b10a0 flushing  nmethod 0x0000026a039c7410
Event: 21.199 Thread 0x0000026a588b10a0 flushing  nmethod 0x0000026a039c7990
Event: 21.199 Thread 0x0000026a588b10a0 flushing  nmethod 0x0000026a039c7d90
Event: 21.199 Thread 0x0000026a588b10a0 flushing  nmethod 0x0000026a039c8310
Event: 21.199 Thread 0x0000026a588b10a0 flushing  nmethod 0x0000026a039c8790
Event: 21.199 Thread 0x0000026a588b10a0 flushing  nmethod 0x0000026a039c8b90
Event: 21.199 Thread 0x0000026a588b10a0 flushing  nmethod 0x0000026a039cf090
Event: 21.199 Thread 0x0000026a588b10a0 flushing  nmethod 0x0000026a039d0510
Event: 21.199 Thread 0x0000026a588b10a0 flushing  nmethod 0x0000026a039d0a90
Event: 21.199 Thread 0x0000026a588b10a0 flushing  nmethod 0x0000026a039d1090
Event: 21.199 Thread 0x0000026a588b10a0 flushing  nmethod 0x0000026a039d1490
Event: 21.199 Thread 0x0000026a588b10a0 flushing  nmethod 0x0000026a039d1890
Event: 21.199 Thread 0x0000026a588b10a0 flushing  nmethod 0x0000026a039d1d10
Event: 21.199 Thread 0x0000026a588b10a0 flushing  nmethod 0x0000026a039d2110
Event: 21.199 Thread 0x0000026a588b10a0 flushing  nmethod 0x0000026a039d2710
Event: 21.199 Thread 0x0000026a588b10a0 flushing  nmethod 0x0000026a039d2d10
Event: 21.199 Thread 0x0000026a588b10a0 flushing  nmethod 0x0000026a039d7210
Event: 21.199 Thread 0x0000026a588b10a0 flushing  nmethod 0x0000026a039d7b90

Events (20 events):
Event: 28.639 Thread 0x0000026a6d63a010 Thread exited: 0x0000026a6d63a010
Event: 28.726 Thread 0x0000026a5facbb70 Thread exited: 0x0000026a5facbb70
Event: 32.734 Thread 0x0000026a588e6ad0 Thread added: 0x0000026a604c4f70
Event: 32.760 Thread 0x0000026a588bbcd0 Thread added: 0x0000026a604c5640
Event: 34.002 Thread 0x0000026a604c5640 Thread exited: 0x0000026a604c5640
Event: 34.880 Thread 0x0000026a604c4f70 Thread exited: 0x0000026a604c4f70
Event: 42.772 Thread 0x0000026a588bbcd0 Thread added: 0x0000026a604c6ab0
Event: 42.950 Thread 0x0000026a604c6ab0 Thread exited: 0x0000026a604c6ab0
Event: 45.254 Thread 0x0000026a588e6ad0 Thread added: 0x0000026a604c6ab0
Event: 47.360 Thread 0x0000026a604c6ab0 Thread exited: 0x0000026a604c6ab0
Event: 51.410 Thread 0x0000026a588e6ad0 Thread added: 0x0000026a604c6ab0
Event: 58.525 Thread 0x0000026a604c6ab0 Thread exited: 0x0000026a604c6ab0
Event: 86.532 Thread 0x0000026a5edcc9f0 Thread exited: 0x0000026a5edcc9f0
Event: 86.532 Thread 0x0000026a5edcb640 Thread exited: 0x0000026a5edcb640
Event: 86.715 Thread 0x0000026a5edcafb0 Thread exited: 0x0000026a5edcafb0
Event: 86.716 Thread 0x0000026a5edcd080 Thread exited: 0x0000026a5edcd080
Event: 111.538 Thread 0x0000026a60b7aa30 Thread exited: 0x0000026a60b7aa30
Event: 171.540 Thread 0x0000026a60b7b0c0 Thread exited: 0x0000026a60b7b0c0
Event: 231.541 Thread 0x0000026a60b78ff0 Thread exited: 0x0000026a60b78ff0
Event: 291.563 Thread 0x0000026a60b782d0 Thread exited: 0x0000026a60b782d0


Dynamic libraries:
0x00007ff68d840000 - 0x00007ff68d84e000 	c:\Users\najja\.vscode\extensions\redhat.java-1.46.0-win32-x64\jre\21.0.8-win32-x86_64\bin\java.exe
0x00007ffb5cec0000 - 0x00007ffb5d129000 	C:\WINDOWS\SYSTEM32\ntdll.dll
0x00007ffb5cb90000 - 0x00007ffb5cc59000 	C:\WINDOWS\System32\KERNEL32.DLL
0x00007ffb5a3d0000 - 0x00007ffb5a7c3000 	C:\WINDOWS\System32\KERNELBASE.dll
0x00007ffb5a930000 - 0x00007ffb5aa7b000 	C:\WINDOWS\System32\ucrtbase.dll
0x00007ffad2020000 - 0x00007ffad2038000 	c:\Users\najja\.vscode\extensions\redhat.java-1.46.0-win32-x64\jre\21.0.8-win32-x86_64\bin\jli.dll
0x00007ffb5ac90000 - 0x00007ffb5ae54000 	C:\WINDOWS\System32\USER32.dll
0x00007ffb5a7d0000 - 0x00007ffb5a7f7000 	C:\WINDOWS\System32\win32u.dll
0x00007ffb5ce40000 - 0x00007ffb5ce6b000 	C:\WINDOWS\System32\GDI32.dll
0x00007ffb5a800000 - 0x00007ffb5a92d000 	C:\WINDOWS\System32\gdi32full.dll
0x00007ffb5a320000 - 0x00007ffb5a3c3000 	C:\WINDOWS\System32\msvcp_win.dll
0x00007ffad2000000 - 0x00007ffad201e000 	c:\Users\najja\.vscode\extensions\redhat.java-1.46.0-win32-x64\jre\21.0.8-win32-x86_64\bin\VCRUNTIME140.dll
0x00007ffb44970000 - 0x00007ffb44c03000 	C:\WINDOWS\WinSxS\amd64_microsoft.windows.common-controls_6595b64144ccf1df_6.0.26100.5074_none_3e0d6f78e32fd63f\COMCTL32.dll
0x00007ffb5b220000 - 0x00007ffb5b2c9000 	C:\WINDOWS\System32\msvcrt.dll
0x00007ffb5bda0000 - 0x00007ffb5bdcf000 	C:\WINDOWS\System32\IMM32.DLL
0x00007ffad21c0000 - 0x00007ffad21cc000 	c:\Users\najja\.vscode\extensions\redhat.java-1.46.0-win32-x64\jre\21.0.8-win32-x86_64\bin\vcruntime140_1.dll
0x00007ffad1cb0000 - 0x00007ffad1d3d000 	c:\Users\najja\.vscode\extensions\redhat.java-1.46.0-win32-x64\jre\21.0.8-win32-x86_64\bin\msvcp140.dll
0x00007ffac9380000 - 0x00007ffaca117000 	c:\Users\najja\.vscode\extensions\redhat.java-1.46.0-win32-x64\jre\21.0.8-win32-x86_64\bin\server\jvm.dll
0x00007ffb5be60000 - 0x00007ffb5bf14000 	C:\WINDOWS\System32\ADVAPI32.dll
0x00007ffb5c0a0000 - 0x00007ffb5c146000 	C:\WINDOWS\System32\sechost.dll
0x00007ffb5c320000 - 0x00007ffb5c438000 	C:\WINDOWS\System32\RPCRT4.dll
0x00007ffb5b460000 - 0x00007ffb5b4d4000 	C:\WINDOWS\System32\WS2_32.dll
0x00007ffb59eb0000 - 0x00007ffb59f0e000 	C:\WINDOWS\SYSTEM32\POWRPROF.dll
0x00007ffb4e930000 - 0x00007ffb4e965000 	C:\WINDOWS\SYSTEM32\WINMM.dll
0x00007ffb38b70000 - 0x00007ffb38b7b000 	C:\WINDOWS\SYSTEM32\VERSION.dll
0x00007ffb59e90000 - 0x00007ffb59ea4000 	C:\WINDOWS\SYSTEM32\UMPDC.dll
0x00007ffb58d90000 - 0x00007ffb58dab000 	C:\WINDOWS\SYSTEM32\kernel.appcore.dll
0x00007ffad1ff0000 - 0x00007ffad1ffa000 	c:\Users\najja\.vscode\extensions\redhat.java-1.46.0-win32-x64\jre\21.0.8-win32-x86_64\bin\jimage.dll
0x00007ffb57320000 - 0x00007ffb57562000 	C:\WINDOWS\SYSTEM32\DBGHELP.DLL
0x00007ffb5ae70000 - 0x00007ffb5b1eb000 	C:\WINDOWS\System32\combase.dll
0x00007ffb5bb60000 - 0x00007ffb5bc37000 	C:\WINDOWS\System32\OLEAUT32.dll
0x00007ffb29090000 - 0x00007ffb290cd000 	C:\WINDOWS\SYSTEM32\dbgcore.DLL
0x00007ffb5a1c0000 - 0x00007ffb5a259000 	C:\WINDOWS\System32\bcryptPrimitives.dll
0x00007ffb1c530000 - 0x00007ffb1c53f000 	c:\Users\najja\.vscode\extensions\redhat.java-1.46.0-win32-x64\jre\21.0.8-win32-x86_64\bin\instrument.dll
0x00007ffad1c90000 - 0x00007ffad1caf000 	c:\Users\najja\.vscode\extensions\redhat.java-1.46.0-win32-x64\jre\21.0.8-win32-x86_64\bin\java.dll
0x00007ffb5c440000 - 0x00007ffb5cb8d000 	C:\WINDOWS\System32\SHELL32.dll
0x00007ffb5a050000 - 0x00007ffb5a1bc000 	C:\WINDOWS\System32\wintypes.dll
0x00007ffb57c80000 - 0x00007ffb584d9000 	C:\WINDOWS\SYSTEM32\windows.storage.dll
0x00007ffb5bf20000 - 0x00007ffb5c010000 	C:\WINDOWS\System32\SHCORE.dll
0x00007ffb5c2b0000 - 0x00007ffb5c312000 	C:\WINDOWS\System32\shlwapi.dll
0x00007ffb59f70000 - 0x00007ffb59f99000 	C:\WINDOWS\SYSTEM32\profapi.dll
0x00007ffad1c70000 - 0x00007ffad1c88000 	c:\Users\najja\.vscode\extensions\redhat.java-1.46.0-win32-x64\jre\21.0.8-win32-x86_64\bin\zip.dll
0x00007ffad1c60000 - 0x00007ffad1c70000 	C:\Users\najja\.vscode\extensions\redhat.java-1.46.0-win32-x64\jre\21.0.8-win32-x86_64\bin\net.dll
0x00007ffb4e600000 - 0x00007ffb4e71f000 	C:\WINDOWS\SYSTEM32\WINHTTP.dll
0x00007ffb593b0000 - 0x00007ffb5941b000 	C:\WINDOWS\system32\mswsock.dll
0x00007ffad1c40000 - 0x00007ffad1c56000 	C:\Users\najja\.vscode\extensions\redhat.java-1.46.0-win32-x64\jre\21.0.8-win32-x86_64\bin\nio.dll
0x00007ffb1c520000 - 0x00007ffb1c530000 	c:\Users\najja\.vscode\extensions\redhat.java-1.46.0-win32-x64\jre\21.0.8-win32-x86_64\bin\verify.dll
0x00007ffae4b30000 - 0x00007ffae4b74000 	C:\Users\najja\AppData\Roaming\Code\User\globalStorage\redhat.java\1.46.0\config_win\org.eclipse.equinox.launcher\org.eclipse.equinox.launcher.win32.win32.x86_64_1.2.1400.v20250801-0854\eclipse_11916.dll
0x00007ffb5b9c0000 - 0x00007ffb5bb58000 	C:\WINDOWS\System32\ole32.dll
0x00007ffb59650000 - 0x00007ffb5966b000 	C:\WINDOWS\SYSTEM32\CRYPTSP.dll
0x00007ffb58db0000 - 0x00007ffb58deb000 	C:\WINDOWS\system32\rsaenh.dll
0x00007ffb59450000 - 0x00007ffb5947b000 	C:\WINDOWS\SYSTEM32\USERENV.dll
0x00007ffb59f40000 - 0x00007ffb59f66000 	C:\WINDOWS\SYSTEM32\bcrypt.dll
0x00007ffb59670000 - 0x00007ffb5967c000 	C:\WINDOWS\SYSTEM32\CRYPTBASE.dll
0x00007ffb588c0000 - 0x00007ffb588f4000 	C:\WINDOWS\SYSTEM32\IPHLPAPI.DLL
0x00007ffb5ce70000 - 0x00007ffb5ce7a000 	C:\WINDOWS\System32\NSI.dll
0x00007ffb146c0000 - 0x00007ffb14709000 	C:\Users\najja\AppData\Local\Temp\jna-104582286\jna4484828481224461305.dll
0x00007ffb5c150000 - 0x00007ffb5c158000 	C:\WINDOWS\System32\PSAPI.DLL
0x00007ffb508e0000 - 0x00007ffb508fe000 	C:\WINDOWS\SYSTEM32\dhcpcsvc6.DLL
0x00007ffb50850000 - 0x00007ffb50873000 	C:\WINDOWS\SYSTEM32\dhcpcsvc.DLL
0x00007ffb48580000 - 0x00007ffb485a7000 	C:\Users\najja\.gradle\native\1def1411415f61bf3af743bc5b6707747c0891f09f0c88961ee8f79bc544acac\windows-amd64\native-platform.dll
0x00007ffad1c30000 - 0x00007ffad1c3a000 	C:\Users\najja\.vscode\extensions\redhat.java-1.46.0-win32-x64\jre\21.0.8-win32-x86_64\bin\management.dll
0x00007ffad1ba0000 - 0x00007ffad1bab000 	C:\Users\najja\.vscode\extensions\redhat.java-1.46.0-win32-x64\jre\21.0.8-win32-x86_64\bin\management_ext.dll
0x00007ffad1b90000 - 0x00007ffad1b9e000 	C:\Users\najja\.vscode\extensions\redhat.java-1.46.0-win32-x64\jre\21.0.8-win32-x86_64\bin\sunmscapi.dll
0x00007ffb5ab10000 - 0x00007ffb5ac87000 	C:\WINDOWS\System32\CRYPT32.dll
0x00007ffb59870000 - 0x00007ffb598a0000 	C:\WINDOWS\SYSTEM32\ncrypt.dll
0x00007ffb59820000 - 0x00007ffb5985f000 	C:\WINDOWS\SYSTEM32\NTASN1.dll
0x00007ffb58900000 - 0x00007ffb58a26000 	C:\WINDOWS\SYSTEM32\DNSAPI.dll
0x00007ffb4ffe0000 - 0x00007ffb4ffeb000 	C:\Windows\System32\rasadhlp.dll
0x00007ffb512a0000 - 0x00007ffb51326000 	C:\WINDOWS\System32\fwpuclnt.dll
0x00007ffad1b80000 - 0x00007ffad1b89000 	C:\Users\najja\.vscode\extensions\redhat.java-1.46.0-win32-x64\jre\21.0.8-win32-x86_64\bin\extnet.dll

JVMTI agents:
c:\Users\najja\.vscode\extensions\redhat.java-1.46.0-win32-x64\lombok\lombok-1.18.39-4050.jar path:c:\Users\najja\.vscode\extensions\redhat.java-1.46.0-win32-x64\jre\21.0.8-win32-x86_64\bin\instrument.dll, loaded, initialized, instrumentlib options:none

dbghelp: loaded successfully - version: 4.0.5 - missing functions: none
symbol engine: initialized successfully - sym options: 0x614 - pdb path: .;c:\Users\najja\.vscode\extensions\redhat.java-1.46.0-win32-x64\jre\21.0.8-win32-x86_64\bin;C:\WINDOWS\SYSTEM32;C:\WINDOWS\WinSxS\amd64_microsoft.windows.common-controls_6595b64144ccf1df_6.0.26100.5074_none_3e0d6f78e32fd63f;c:\Users\najja\.vscode\extensions\redhat.java-1.46.0-win32-x64\jre\21.0.8-win32-x86_64\bin\server;C:\Users\najja\AppData\Roaming\Code\User\globalStorage\redhat.java\1.46.0\config_win\org.eclipse.equinox.launcher\org.eclipse.equinox.launcher.win32.win32.x86_64_1.2.1400.v20250801-0854;C:\Users\najja\AppData\Local\Temp\jna-104582286;C:\Users\najja\.gradle\native\1def1411415f61bf3af743bc5b6707747c0891f09f0c88961ee8f79bc544acac\windows-amd64

VM Arguments:
jvm_args: --add-modules=ALL-SYSTEM --add-opens=java.base/java.util=ALL-UNNAMED --add-opens=java.base/java.lang=ALL-UNNAMED --add-opens=java.base/sun.nio.fs=ALL-UNNAMED -Declipse.application=org.eclipse.jdt.ls.core.id1 -Dosgi.bundles.defaultStartLevel=4 -Declipse.product=org.eclipse.jdt.ls.core.product -Djava.import.generatesMetadataFilesAtProjectRoot=false -DDetectVMInstallationsJob.disabled=true -Dfile.encoding=utf8 -XX:+UseParallelGC -XX:GCTimeRatio=4 -XX:AdaptiveSizePolicyWeight=90 -Dsun.zip.disableMemoryMapping=true -Xmx2G -Xms100m -Xlog:disable -javaagent:c:\Users\najja\.vscode\extensions\redhat.java-1.46.0-win32-x64\lombok\lombok-1.18.39-4050.jar -XX:+HeapDumpOnOutOfMemoryError -XX:HeapDumpPath=c:\Users\najja\AppData\Roaming\Code\User\workspaceStorage\b4f8b79184baa1c0da2080e434c1018d\redhat.java -Daether.dependencyCollector.impl=bf 
java_command: c:\Users\najja\.vscode\extensions\redhat.java-1.46.0-win32-x64\server\plugins\org.eclipse.equinox.launcher_1.7.0.v20250519-0528.jar -configuration c:\Users\najja\AppData\Roaming\Code\User\globalStorage\redhat.java\1.46.0\config_win -data c:\Users\najja\AppData\Roaming\Code\User\workspaceStorage\b4f8b79184baa1c0da2080e434c1018d\redhat.java\jdt_ws --pipe=\\.\pipe\lsp-b1e926d9a3d46992adc0196a5e70d333-sock
java_class_path (initial): c:\Users\najja\.vscode\extensions\redhat.java-1.46.0-win32-x64\server\plugins\org.eclipse.equinox.launcher_1.7.0.v20250519-0528.jar
Launcher Type: SUN_STANDARD

[Global flags]
    uintx AdaptiveSizePolicyWeight                 = 90                                        {product} {command line}
     intx CICompilerCount                          = 4                                         {product} {ergonomic}
    uintx GCTimeRatio                              = 4                                         {product} {command line}
     bool HeapDumpOnOutOfMemoryError               = true                                   {manageable} {command line}
    ccstr HeapDumpPath                             = c:\Users\najja\AppData\Roaming\Code\User\workspaceStorage\b4f8b79184baa1c0da2080e434c1018d\redhat.java         {manageable} {command line}
   size_t InitialHeapSize                          = 104857600                                 {product} {command line}
   size_t MaxHeapSize                              = 2147483648                                {product} {command line}
   size_t MaxNewSize                               = 715653120                                 {product} {ergonomic}
   size_t MinHeapDeltaBytes                        = 524288                                    {product} {ergonomic}
   size_t MinHeapSize                              = 104857600                                 {product} {command line}
   size_t NewSize                                  = 34603008                                  {product} {ergonomic}
    uintx NonNMethodCodeHeapSize                   = 5839372                                {pd product} {ergonomic}
    uintx NonProfiledCodeHeapSize                  = 122909434                              {pd product} {ergonomic}
   size_t OldSize                                  = 70254592                                  {product} {ergonomic}
    uintx ProfiledCodeHeapSize                     = 122909434                              {pd product} {ergonomic}
    uintx ReservedCodeCacheSize                    = 251658240                              {pd product} {ergonomic}
     bool SegmentedCodeCache                       = true                                      {product} {ergonomic}
   size_t SoftMaxHeapSize                          = 2147483648                             {manageable} {ergonomic}
     bool UseCompressedOops                        = true                           {product lp64_product} {ergonomic}
     bool UseLargePagesIndividualAllocation        = false                                  {pd product} {ergonomic}
     bool UseParallelGC                            = true                                      {product} {command line}

Logging:
Log output configuration:
 #0: stdout all=off uptime,level,tags foldmultilines=false
 #1: stderr all=off uptime,level,tags foldmultilines=false

Environment Variables:
JAVA_HOME=C:\Program Files\Java\jdk-21
PATH=C:\Program Files (x86)\Razer Chroma SDK\bin;C:\Program Files\Razer Chroma SDK\bin;C:\Program Files (x86)\Razer\ChromaBroadcast\bin;C:\Program Files\Razer\ChromaBroadcast\bin;C:\Program Files\Common Files\Oracle\Java\javapath;C:\Windows\system32;C:\Windows;C:\Windows\System32\Wbem;C:\Windows\System32\WindowsPowerShell\v1.0\;C:\Windows\System32\OpenSSH\;C:\Program Files\dotnet\;C:\Users\najja\AppData\Local\Microsoft\WindowsApps;C:\Users\najja\AppData\Local\Programs\Microsoft VS Code\bin;C:\Program Files\MATLAB\R2024a\runtime\win64;C:\Program Files\MATLAB\R2024a\bin;C:\Program Files\Git\cmd;C:\Program Files\nodejs\;%SystemRoot%\system32;%SystemRoot%;%SystemRoot%\System32\Wbem;%SYSTEMROOT%\System32\WindowsPowerShell\v1.0\;%SYSTEMROOT%\System32\OpenSSH\;C:\Users\najja\AppData\Local\Programs\Python\Launcher\;C:\Users\najja\AppData\Local\Microsoft\WindowsApps;C:\Users\najja\AppData\Local\Programs\Microsoft VS Code\bin;C:\Users\najja\AppData\Local\Programs\MiKTeX\miktex\bin\x64\;C:\Users\najja\AppData\Local\Muse Hub\lib;C:\Users\najja\Downloads\winlibs-i686-posix-dwarf-gcc-14.3.0-mingw-w64msvcrt-12.0.0-r1\mingw32\bin;C:\Users\najja\AppData\Roaming\npm;C:\ProgramData\Microsoft\Windows\Start Menu\Programs\Node.js;C:\Program Files\nodejs;C:\Program Files\Java\jdk-21\bin;C:\Program Files\PostgreSQL\17\bin;C:\Users\najja\AppData\Local\GitHubDesktop\bin
USERNAME=najja
OS=Windows_NT
PROCESSOR_IDENTIFIER=Intel64 Family 6 Model 186 Stepping 3, GenuineIntel
TMP=C:\Users\najja\AppData\Local\Temp
TEMP=C:\Users\najja\AppData\Local\Temp




Periodic native trim disabled

---------------  S Y S T E M  ---------------

OS:
 Windows 11 , 64 bit Build 26100 (10.0.26100.5074)
OS uptime: 0 days 0:08 hours
Hyper-V role detected

CPU: total 12 (initial active 12) (6 cores per cpu, 2 threads per core) family 6 model 186 stepping 3 microcode 0x4123, cx8, cmov, fxsr, ht, mmx, 3dnowpref, sse, sse2, sse3, ssse3, sse4.1, sse4.2, popcnt, lzcnt, tsc, tscinvbit, avx, avx2, aes, erms, clmul, bmi1, bmi2, adx, sha, fma, vzeroupper, clflush, clflushopt, clwb, hv, serialize, rdtscp, rdpid, fsrm, f16c, cet_ibt, cet_ss
Processor Information for processor 0
  Max Mhz: 1300, Current Mhz: 1300, Mhz Limit: 1300
Processor Information for processor 1
  Max Mhz: 1300, Current Mhz: 1300, Mhz Limit: 1300
Processor Information for processor 2
  Max Mhz: 1300, Current Mhz: 1300, Mhz Limit: 1300
Processor Information for processor 3
  Max Mhz: 1300, Current Mhz: 1300, Mhz Limit: 1300
Processor Information for processor 4
  Max Mhz: 1300, Current Mhz: 900, Mhz Limit: 897
Processor Information for processor 5
  Max Mhz: 1300, Current Mhz: 900, Mhz Limit: 897
Processor Information for processor 6
  Max Mhz: 1300, Current Mhz: 900, Mhz Limit: 897
Processor Information for processor 7
  Max Mhz: 1300, Current Mhz: 900, Mhz Limit: 897
Processor Information for processor 8
  Max Mhz: 1300, Current Mhz: 900, Mhz Limit: 897
Processor Information for processor 9
  Max Mhz: 1300, Current Mhz: 900, Mhz Limit: 897
Processor Information for processor 10
  Max Mhz: 1300, Current Mhz: 900, Mhz Limit: 897
Processor Information for processor 11
  Max Mhz: 1300, Current Mhz: 900, Mhz Limit: 897

Memory: 4k page, system-wide physical 7916M (609M free)
TotalPageFile size 14341M (AvailPageFile size 92M)
current process WorkingSet (physical memory assigned to process): 18M, peak: 349M
current process commit charge ("private bytes"): 386M, peak: 431M

vm_info: OpenJDK 64-Bit Server VM (21.0.8+9-LTS) for windows-amd64 JRE (21.0.8+9-LTS), built on 2025-07-15T00:00:00Z by "admin" with MS VC++ 17.7 (VS2022)

END.
