1759595117582:admin finduser -k john@example.com -o 0
1759595128601:admin
1759595132121:finduser
1759595521358:ping
1759595543747:help
1759621494278:ping
1759621499042:kys nigga
1759622112527:ping
1759622114614:help
1759677384456:ping
1759677386214:help
1759677390131:kill your self
1759753574700:ping
1759753680867:help
1759753686372:help test
1759753798219:quit
1759753972073:help
1759753978592:stacktrace
1759753981907:clear
1759753986472:history
1759753992688:clear
1759753995594:quit
1759754739263:help
1759754762376:test ping
1759754764355:ping
1759754797226:help
1759754801055:ping
1759756236612:help
1759756244286:test ping
1759756459281:help
1759756465322:test ping
1759756466221:ping
1759756591950:help
1759756602173:ping
1760690104888:help
1760690115422:finduser johndoe@test
1760690121475:finduser 1 john
1760690163789:finduser john@example.com 0
